============================= test session starts =============================
collecting ... collected 1317 items

tests/commands/test_change_priority_command.py::test_execute_changes_priority PASSED
tests/commands/test_change_priority_command.py::test_execute_resets_elo_rating PASSED
tests/commands/test_change_priority_command.py::test_undo_restores_original_priority PASSED
tests/commands/test_change_priority_command.py::test_undo_restores_original_elo PASSED
tests/commands/test_change_priority_command.py::test_get_description_shows_priority_change PASSED
tests/commands/test_change_priority_command.py::test_execute_with_same_priority PASSED
tests/commands/test_change_state_command.py::TestChangeStateCommandExecute::test_execute_changes_to_completed PASSED
tests/commands/test_change_state_command.py::TestChangeStateCommandExecute::test_execute_changes_to_someday PASSED
tests/commands/test_change_state_command.py::TestChangeStateCommandExecute::test_execute_changes_to_trash PASSED
tests/commands/test_change_state_command.py::TestChangeStateCommandExecute::test_execute_changes_to_active PASSED
tests/commands/test_change_state_command.py::TestChangeStateCommandExecute::test_execute_stores_original_state PASSED
tests/commands/test_change_state_command.py::TestChangeStateCommandExecute::test_execute_stores_task_title PASSED
tests/commands/test_change_state_command.py::TestChangeStateCommandExecute::test_execute_returns_false_for_nonexistent_task PASSED
tests/commands/test_change_state_command.py::TestChangeStateCommandExecute::test_execute_all_state_transitions PASSED
tests/commands/test_change_state_command.py::TestChangeStateCommandUndo::test_undo_restores_original_state PASSED
tests/commands/test_change_state_command.py::TestChangeStateCommandUndo::test_undo_without_execute_has_no_original_state PASSED
tests/commands/test_change_state_command.py::TestChangeStateCommandUndo::test_undo_after_multiple_state_changes PASSED
tests/commands/test_change_state_command.py::TestChangeStateCommandUndo::test_undo_returns_false_for_deleted_task PASSED
tests/commands/test_change_state_command.py::TestChangeStateCommandGetDescription::test_get_description_for_complete PASSED
tests/commands/test_change_state_command.py::TestChangeStateCommandGetDescription::test_get_description_for_someday PASSED
tests/commands/test_change_state_command.py::TestChangeStateCommandGetDescription::test_get_description_for_trash PASSED
tests/commands/test_change_state_command.py::TestChangeStateCommandGetDescription::test_get_description_for_activate PASSED
tests/commands/test_change_state_command.py::TestChangeStateCommandGetDescription::test_get_description_before_execute PASSED
tests/commands/test_change_state_command.py::TestChangeStateCommandEdgeCases::test_change_to_same_state PASSED
tests/commands/test_change_state_command.py::TestChangeStateCommandEdgeCases::test_command_with_deferred_state PASSED
tests/commands/test_change_state_command.py::TestChangeStateCommandEdgeCases::test_command_with_delegated_state PASSED
tests/commands/test_change_state_command.py::TestChangeStateCommandEdgeCases::test_execute_undo_cycle PASSED
tests/commands/test_change_state_command.py::TestChangeStateCommandEdgeCases::test_undo_preserves_other_task_fields PASSED
tests/commands/test_complete_task_command.py::test_execute_completes_task PASSED
tests/commands/test_complete_task_command.py::test_undo_restores_active_state PASSED
tests/commands/test_complete_task_command.py::test_get_description_includes_title PASSED
tests/commands/test_complete_task_command.py::test_execute_with_invalid_task_id PASSED
tests/commands/test_complete_task_command.py::test_undo_with_invalid_task_id PASSED
tests/commands/test_complete_task_command.py::test_preserves_completed_at_on_undo PASSED
tests/commands/test_defer_task_command.py::TestDeferTaskCommandExecute::test_execute_defers_active_task PASSED
tests/commands/test_defer_task_command.py::TestDeferTaskCommandExecute::test_execute_stores_original_state PASSED
tests/commands/test_defer_task_command.py::TestDeferTaskCommandExecute::test_execute_with_invalid_task_id PASSED
tests/commands/test_defer_task_command.py::TestDeferTaskCommandExecute::test_execute_can_re_defer_already_deferred PASSED
tests/commands/test_defer_task_command.py::TestDeferTaskCommandUndo::test_undo_restores_active_state PASSED
tests/commands/test_defer_task_command.py::TestDeferTaskCommandUndo::test_undo_restores_previous_deferred_state PASSED
tests/commands/test_defer_task_command.py::TestDeferTaskCommandUndo::test_undo_with_deleted_task PASSED
tests/commands/test_defer_task_command.py::TestDeferTaskCommandDescription::test_get_description_includes_title PASSED
tests/commands/test_defer_task_command.py::TestDeferTaskCommandDescription::test_get_description_includes_date PASSED
tests/commands/test_defer_task_command.py::TestDeferTaskCommandDescription::test_get_description_before_execute PASSED
tests/commands/test_defer_task_command.py::TestDeferTaskCommandEdgeCases::test_defer_to_past_date PASSED
tests/commands/test_defer_task_command.py::TestDeferTaskCommandEdgeCases::test_defer_to_today PASSED
tests/commands/test_defer_task_command.py::TestDeferTaskCommandEdgeCases::test_defer_with_reason PASSED
tests/commands/test_defer_with_dependencies_command.py::TestCommandExecution::test_execute_defer_with_dependencies PASSED
tests/commands/test_defer_with_dependencies_command.py::TestCommandExecution::test_execute_saves_original_state PASSED
tests/commands/test_defer_with_dependencies_command.py::TestCommandExecution::test_execute_with_created_blocking_tasks PASSED
tests/commands/test_defer_with_dependencies_command.py::TestCommandExecution::test_execute_fails_for_nonexistent_task PASSED
tests/commands/test_defer_with_dependencies_command.py::TestCommandUndo::test_undo_restores_original_state PASSED
tests/commands/test_defer_with_dependencies_command.py::TestCommandUndo::test_undo_removes_dependencies PASSED
tests/commands/test_defer_with_dependencies_command.py::TestCommandUndo::test_undo_moves_created_blockers_to_trash PASSED
tests/commands/test_defer_with_dependencies_command.py::TestCommandUndo::test_undo_fails_for_nonexistent_task PASSED
tests/commands/test_defer_with_dependencies_command.py::TestCommandRedo::test_redo_reapplies_defer PASSED
tests/commands/test_defer_with_dependencies_command.py::TestCommandRedo::test_redo_restores_created_blockers PASSED
tests/commands/test_defer_with_dependencies_command.py::TestCommandRedo::test_redo_recreates_dependencies PASSED
tests/commands/test_defer_with_dependencies_command.py::TestCommandDescription::test_get_description_with_title PASSED
tests/commands/test_defer_with_dependencies_command.py::TestCommandDescription::test_get_description_pluralization PASSED
tests/commands/test_defer_with_dependencies_command.py::TestCommandDescription::test_get_description_without_title PASSED
tests/commands/test_defer_with_dependencies_command.py::TestCircularDependencyHandling::test_handles_circular_dependency_during_redo PASSED
tests/commands/test_defer_with_subtasks_command.py::TestCommandExecution::test_execute_creates_subtasks PASSED
tests/commands/test_defer_with_subtasks_command.py::TestCommandExecution::test_execute_defers_original_when_keep PASSED
tests/commands/test_defer_with_subtasks_command.py::TestCommandExecution::test_execute_trashes_original_when_delete PASSED
tests/commands/test_defer_with_subtasks_command.py::TestCommandExecution::test_execute_creates_dependencies_when_keep PASSED
tests/commands/test_defer_with_subtasks_command.py::TestCommandExecution::test_execute_no_dependencies_when_delete PASSED
tests/commands/test_defer_with_subtasks_command.py::TestCommandExecution::test_execute_saves_original_state PASSED
tests/commands/test_defer_with_subtasks_command.py::TestCommandUndo::test_undo_restores_original_state PASSED
tests/commands/test_defer_with_subtasks_command.py::TestCommandUndo::test_undo_moves_subtasks_to_trash PASSED
tests/commands/test_defer_with_subtasks_command.py::TestCommandUndo::test_undo_removes_dependencies PASSED
tests/commands/test_defer_with_subtasks_command.py::TestCommandRedo::test_redo_restores_subtasks_from_trash PASSED
tests/commands/test_defer_with_subtasks_command.py::TestCommandRedo::test_redo_recreates_dependencies PASSED
tests/commands/test_defer_with_subtasks_command.py::TestCommandRedo::test_redo_reapplies_defer PASSED
tests/commands/test_defer_with_subtasks_command.py::TestCommandDescription::test_get_description_with_title PASSED
tests/commands/test_defer_with_subtasks_command.py::TestCommandDescription::test_get_description_pluralization PASSED
tests/commands/test_defer_with_subtasks_command.py::TestProjectTagInheritance::test_subtasks_inherit_project_tags PASSED
tests/commands/test_defer_with_subtasks_command.py::TestEdgeCases::test_execute_fails_for_nonexistent_task PASSED
tests/commands/test_defer_with_subtasks_command.py::TestEdgeCases::test_undo_fails_for_nonexistent_task PASSED
tests/commands/test_delegate_task_command.py::TestDelegateTaskCommandExecute::test_execute_delegates_active_task PASSED
tests/commands/test_delegate_task_command.py::TestDelegateTaskCommandExecute::test_execute_stores_original_state PASSED
tests/commands/test_delegate_task_command.py::TestDelegateTaskCommandExecute::test_execute_with_invalid_task_id PASSED
tests/commands/test_delegate_task_command.py::TestDelegateTaskCommandExecute::test_execute_can_re_delegate PASSED
tests/commands/test_delegate_task_command.py::TestDelegateTaskCommandUndo::test_undo_restores_active_state PASSED
tests/commands/test_delegate_task_command.py::TestDelegateTaskCommandUndo::test_undo_restores_previous_delegation PASSED
tests/commands/test_delegate_task_command.py::TestDelegateTaskCommandUndo::test_undo_with_deleted_task PASSED
tests/commands/test_delegate_task_command.py::TestDelegateTaskCommandDescription::test_get_description_includes_title PASSED
tests/commands/test_delegate_task_command.py::TestDelegateTaskCommandDescription::test_get_description_includes_delegatee PASSED
tests/commands/test_delegate_task_command.py::TestDelegateTaskCommandDescription::test_get_description_before_execute PASSED
tests/commands/test_delegate_task_command.py::TestDelegateTaskCommandEdgeCases::test_delegate_with_empty_name PASSED
tests/commands/test_delegate_task_command.py::TestDelegateTaskCommandEdgeCases::test_delegate_with_past_follow_up PASSED
tests/commands/test_delegate_task_command.py::TestDelegateTaskCommandEdgeCases::test_delegate_with_today_follow_up PASSED
tests/commands/test_delegate_task_command.py::TestDelegateTaskCommandEdgeCases::test_delegate_to_long_name PASSED
tests/commands/test_delegate_task_command.py::TestDelegateTaskCommandEdgeCases::test_delegate_preserves_other_fields PASSED
tests/commands/test_delete_task_command.py::test_execute_deletes_task PASSED
tests/commands/test_delete_task_command.py::test_undo_restores_deleted_task PASSED
tests/commands/test_delete_task_command.py::test_get_description_includes_title PASSED
tests/commands/test_delete_task_command.py::test_execute_with_invalid_task_id PASSED
tests/commands/test_delete_task_command.py::test_undo_without_execute PASSED
tests/commands/test_delete_task_command.py::test_multiple_undo_redo_cycles PASSED
tests/commands/test_edit_task_command.py::TestEditTaskCommandExecute::test_execute_updates_title PASSED
tests/commands/test_edit_task_command.py::TestEditTaskCommandExecute::test_execute_updates_description PASSED
tests/commands/test_edit_task_command.py::TestEditTaskCommandExecute::test_execute_updates_priority PASSED
tests/commands/test_edit_task_command.py::TestEditTaskCommandExecute::test_execute_updates_due_date PASSED
tests/commands/test_edit_task_command.py::TestEditTaskCommandExecute::test_execute_updates_multiple_fields PASSED
tests/commands/test_edit_task_command.py::TestEditTaskCommandExecute::test_execute_preserves_task_id PASSED
tests/commands/test_edit_task_command.py::TestEditTaskCommandExecute::test_execute_stores_original_for_undo PASSED
tests/commands/test_edit_task_command.py::TestEditTaskCommandExecute::test_execute_returns_false_for_nonexistent_task PASSED
tests/commands/test_edit_task_command.py::TestEditTaskCommandExecute::test_execute_does_not_change_state PASSED
tests/commands/test_edit_task_command.py::TestEditTaskCommandUndo::test_undo_restores_original_title PASSED
tests/commands/test_edit_task_command.py::TestEditTaskCommandUndo::test_undo_restores_all_original_fields PASSED
tests/commands/test_edit_task_command.py::TestEditTaskCommandUndo::test_undo_returns_false_without_execute PASSED
tests/commands/test_edit_task_command.py::TestEditTaskCommandUndo::test_multiple_execute_undo_cycles PASSED
tests/commands/test_edit_task_command.py::TestEditTaskCommandGetDescription::test_get_description_after_execute PASSED
tests/commands/test_edit_task_command.py::TestEditTaskCommandGetDescription::test_get_description_before_execute PASSED
tests/commands/test_edit_task_command.py::TestEditTaskCommandEdgeCases::test_edit_with_empty_title PASSED
tests/commands/test_edit_task_command.py::TestEditTaskCommandEdgeCases::test_edit_clears_description PASSED
tests/commands/test_edit_task_command.py::TestEditTaskCommandEdgeCases::test_edit_preserves_unchanged_fields PASSED
tests/database/test_notification_dao.py::TestNotificationDAO::test_create_basic_notification PASSED
tests/database/test_notification_dao.py::TestNotificationDAO::test_create_notification_with_all_fields PASSED
tests/database/test_notification_dao.py::TestNotificationDAO::test_create_notification_with_existing_id_raises_error PASSED
tests/database/test_notification_dao.py::TestNotificationDAO::test_get_by_id PASSED
tests/database/test_notification_dao.py::TestNotificationDAO::test_get_by_id_not_found PASSED
tests/database/test_notification_dao.py::TestNotificationDAO::test_get_all PASSED
tests/database/test_notification_dao.py::TestNotificationDAO::test_get_all_excludes_dismissed_by_default PASSED
tests/database/test_notification_dao.py::TestNotificationDAO::test_get_all_includes_dismissed_when_requested PASSED
tests/database/test_notification_dao.py::TestNotificationDAO::test_get_unread PASSED
tests/database/test_notification_dao.py::TestNotificationDAO::test_get_unread_excludes_dismissed PASSED
tests/database/test_notification_dao.py::TestNotificationDAO::test_mark_read PASSED
tests/database/test_notification_dao.py::TestNotificationDAO::test_mark_read_not_found PASSED
tests/database/test_notification_dao.py::TestNotificationDAO::test_mark_unread PASSED
tests/database/test_notification_dao.py::TestNotificationDAO::test_mark_unread_not_found PASSED
tests/database/test_notification_dao.py::TestNotificationDAO::test_mark_all_read PASSED
tests/database/test_notification_dao.py::TestNotificationDAO::test_mark_all_read_no_unread PASSED
tests/database/test_notification_dao.py::TestNotificationDAO::test_dismiss PASSED
tests/database/test_notification_dao.py::TestNotificationDAO::test_dismiss_not_found PASSED
tests/database/test_notification_dao.py::TestNotificationDAO::test_delete PASSED
tests/database/test_notification_dao.py::TestNotificationDAO::test_delete_not_found PASSED
tests/database/test_notification_dao.py::TestNotificationDAO::test_delete_old_notifications PASSED
tests/database/test_notification_dao.py::TestNotificationDAO::test_delete_old_notifications_none_old PASSED
tests/database/test_notification_dao.py::TestNotificationDAO::test_notification_types PASSED
tests/database/test_notification_dao.py::TestNotificationDAO::test_action_data_json_serialization PASSED
tests/database/test_notification_dao.py::TestNotificationDAO::test_get_all_ordered_by_created_at_desc PASSED
tests/database/test_postpone_history_dao.py::TestPostponeHistoryDAO::test_create_basic_record PASSED
tests/database/test_postpone_history_dao.py::TestPostponeHistoryDAO::test_create_record_with_all_fields PASSED
tests/database/test_postpone_history_dao.py::TestPostponeHistoryDAO::test_create_record_with_existing_id_raises_error PASSED
tests/database/test_postpone_history_dao.py::TestPostponeHistoryDAO::test_create_auto_sets_postponed_at PASSED
tests/database/test_postpone_history_dao.py::TestPostponeHistoryDAO::test_get_by_id PASSED
tests/database/test_postpone_history_dao.py::TestPostponeHistoryDAO::test_get_by_id_not_found PASSED
tests/database/test_postpone_history_dao.py::TestPostponeHistoryDAO::test_get_by_task_id PASSED
tests/database/test_postpone_history_dao.py::TestPostponeHistoryDAO::test_get_by_task_id_with_limit PASSED
tests/database/test_postpone_history_dao.py::TestPostponeHistoryDAO::test_get_by_task_id_empty PASSED
tests/database/test_postpone_history_dao.py::TestPostponeHistoryDAO::test_get_by_reason_type PASSED
tests/database/test_postpone_history_dao.py::TestPostponeHistoryDAO::test_get_by_reason_type_with_limit PASSED
tests/database/test_postpone_history_dao.py::TestPostponeHistoryDAO::test_get_recent PASSED
tests/database/test_postpone_history_dao.py::TestPostponeHistoryDAO::test_get_recent_with_custom_days PASSED
tests/database/test_postpone_history_dao.py::TestPostponeHistoryDAO::test_delete_by_task_id PASSED
tests/database/test_postpone_history_dao.py::TestPostponeHistoryDAO::test_delete_by_task_id_no_records PASSED
tests/database/test_postpone_history_dao.py::TestPostponeHistoryDAO::test_get_all PASSED
tests/database/test_postpone_history_dao.py::TestPostponeHistoryDAO::test_get_all_empty PASSED
tests/database/test_postpone_history_dao.py::TestPostponeHistoryDAO::test_all_reason_types PASSED
tests/database/test_postpone_history_dao.py::TestPostponeHistoryDAO::test_all_action_taken_types PASSED
tests/database/test_postpone_history_dao.py::TestPostponeHistoryDAO::test_record_with_long_notes PASSED
tests/database/test_project_tag_dao.py::TestProjectTagDAO::test_create_basic_tag PASSED
tests/database/test_project_tag_dao.py::TestProjectTagDAO::test_create_tag_with_all_fields PASSED
tests/database/test_project_tag_dao.py::TestProjectTagDAO::test_create_tag_with_existing_id_raises_error PASSED
tests/database/test_project_tag_dao.py::TestProjectTagDAO::test_create_duplicate_name_raises_error PASSED
tests/database/test_project_tag_dao.py::TestProjectTagDAO::test_get_by_id PASSED
tests/database/test_project_tag_dao.py::TestProjectTagDAO::test_get_by_id_not_found PASSED
tests/database/test_project_tag_dao.py::TestProjectTagDAO::test_get_by_name PASSED
tests/database/test_project_tag_dao.py::TestProjectTagDAO::test_get_by_name_not_found PASSED
tests/database/test_project_tag_dao.py::TestProjectTagDAO::test_get_all_tags PASSED
tests/database/test_project_tag_dao.py::TestProjectTagDAO::test_get_all_empty PASSED
tests/database/test_project_tag_dao.py::TestProjectTagDAO::test_get_tags_for_task PASSED
tests/database/test_project_tag_dao.py::TestProjectTagDAO::test_get_tags_for_task_no_tags PASSED
tests/database/test_project_tag_dao.py::TestProjectTagDAO::test_update_tag PASSED
tests/database/test_project_tag_dao.py::TestProjectTagDAO::test_update_tag_without_id_raises_error PASSED
tests/database/test_project_tag_dao.py::TestProjectTagDAO::test_delete_tag PASSED
tests/database/test_project_tag_dao.py::TestProjectTagDAO::test_delete_nonexistent_tag PASSED
tests/database/test_project_tag_dao.py::TestProjectTagDAO::test_delete_tag_cascades_to_task_associations PASSED
tests/database/test_settings_dao.py::TestSettingsDAO::test_set_and_get_string PASSED
tests/database/test_settings_dao.py::TestSettingsDAO::test_set_and_get_integer PASSED
tests/database/test_settings_dao.py::TestSettingsDAO::test_set_and_get_float PASSED
tests/database/test_settings_dao.py::TestSettingsDAO::test_set_and_get_boolean_true PASSED
tests/database/test_settings_dao.py::TestSettingsDAO::test_set_and_get_boolean_false PASSED
tests/database/test_settings_dao.py::TestSettingsDAO::test_set_and_get_json PASSED
tests/database/test_settings_dao.py::TestSettingsDAO::test_get_nonexistent_returns_default PASSED
tests/database/test_settings_dao.py::TestSettingsDAO::test_get_nonexistent_returns_none PASSED
tests/database/test_settings_dao.py::TestSettingsDAO::test_set_with_description PASSED
tests/database/test_settings_dao.py::TestSettingsDAO::test_set_overwrites_existing PASSED
tests/database/test_settings_dao.py::TestSettingsDAO::test_get_int PASSED
tests/database/test_settings_dao.py::TestSettingsDAO::test_get_int_default PASSED
tests/database/test_settings_dao.py::TestSettingsDAO::test_get_str PASSED
tests/database/test_settings_dao.py::TestSettingsDAO::test_get_str_default PASSED
tests/database/test_settings_dao.py::TestSettingsDAO::test_get_bool PASSED
tests/database/test_settings_dao.py::TestSettingsDAO::test_get_bool_default PASSED
tests/database/test_settings_dao.py::TestSettingsDAO::test_get_bool_from_string PASSED
tests/database/test_settings_dao.py::TestSettingsDAO::test_get_float PASSED
tests/database/test_settings_dao.py::TestSettingsDAO::test_get_float_default PASSED
tests/database/test_settings_dao.py::TestSettingsDAO::test_get_datetime PASSED
tests/database/test_settings_dao.py::TestSettingsDAO::test_get_datetime_default PASSED
tests/database/test_settings_dao.py::TestSettingsDAO::test_get_datetime_invalid_returns_default PASSED
tests/database/test_settings_dao.py::TestSettingsDAO::test_get_all PASSED
tests/database/test_settings_dao.py::TestSettingsDAO::test_get_all_empty PASSED
tests/database/test_settings_dao.py::TestSettingsDAO::test_delete PASSED
tests/database/test_settings_dao.py::TestSettingsDAO::test_delete_nonexistent PASSED
tests/database/test_settings_dao.py::TestSettingsDAO::test_boolean_conversion_with_actual_booleans PASSED
tests/database/test_settings_dao.py::TestSettingsDAO::test_boolean_storage_stores_normalized_values PASSED
tests/database/test_settings_dao.py::TestSettingsDAO::test_json_empty_list PASSED
tests/database/test_settings_dao.py::TestSettingsDAO::test_json_empty_dict PASSED
tests/database/test_task_history_dao.py::TestTaskHistoryDAO::test_create_event PASSED
tests/database/test_task_history_dao.py::TestTaskHistoryDAO::test_create_event_with_all_fields PASSED
tests/database/test_task_history_dao.py::TestTaskHistoryDAO::test_get_by_id PASSED
tests/database/test_task_history_dao.py::TestTaskHistoryDAO::test_get_by_id_not_found PASSED
tests/database/test_task_history_dao.py::TestTaskHistoryDAO::test_get_by_task_id PASSED
tests/database/test_task_history_dao.py::TestTaskHistoryDAO::test_get_by_task_id_with_limit PASSED
tests/database/test_task_history_dao.py::TestTaskHistoryDAO::test_get_by_task_id_empty PASSED
tests/database/test_task_history_dao.py::TestTaskHistoryDAO::test_get_recent PASSED
tests/database/test_task_history_dao.py::TestTaskHistoryDAO::test_get_recent_with_limit PASSED
tests/database/test_task_history_dao.py::TestTaskHistoryDAO::test_get_by_type PASSED
tests/database/test_task_history_dao.py::TestTaskHistoryDAO::test_get_date_range PASSED
tests/database/test_task_history_dao.py::TestTaskHistoryDAO::test_delete_by_task_id PASSED
tests/database/test_task_history_dao.py::TestTaskHistoryDAO::test_delete_by_task_id_no_events PASSED
tests/database/test_task_history_dao.py::TestTaskHistoryDAO::test_get_count_by_task PASSED
tests/database/test_task_history_dao.py::TestTaskHistoryDAO::test_get_count_by_task_empty PASSED
tests/database/test_task_history_dao.py::TestTaskHistoryDAO::test_get_count_by_type PASSED
tests/database/test_task_history_dao.py::TestTaskHistoryDAO::test_event_type_enum_conversion PASSED
tests/database/test_task_history_dao.py::TestTaskHistoryDAO::test_all_event_types PASSED
tests/e2e/test_concurrency.py::TestConcurrency::test_resurfacing_during_user_action PASSED
tests/e2e/test_concurrency.py::TestConcurrency::test_notification_during_dialog PASSED
tests/e2e/test_concurrency.py::TestConcurrency::test_multiple_comparison_dialogs PASSED
tests/e2e/test_concurrency.py::TestConcurrency::test_scheduler_and_ui_thread_interaction PASSED
tests/e2e/test_core_workflows.py::TestCoreWorkflows::test_task_lifecycle_active_to_completed PASSED
tests/e2e/test_core_workflows.py::TestCoreWorkflows::test_task_lifecycle_defer_workflow PASSED
tests/e2e/test_core_workflows.py::TestCoreWorkflows::test_task_lifecycle_delegate_workflow PASSED
tests/e2e/test_core_workflows.py::TestCoreWorkflows::test_task_lifecycle_someday_workflow PASSED
tests/e2e/test_core_workflows.py::TestCoreWorkflows::test_comparison_ranking_workflow PASSED
tests/e2e/test_core_workflows.py::TestCoreWorkflows::test_dependency_blocking_workflow PASSED
tests/e2e/test_core_workflows.py::TestCoreWorkflows::test_defer_with_blocker_workflow PASSED
tests/e2e/test_core_workflows.py::TestCoreWorkflows::test_undo_redo_complete_workflow Migrating database to support notification system...
Migration to notification system complete.
Migrating database to support notification system...
Migration to notification system complete.
Migrating database to support notification system...
Migration to notification system complete.
Migrating database to support notification system...
Migration to notification system complete.
Migrating database to support notification system...
Migration to notification system complete.
Migrating database to support notification system...
Migration to notification system complete.
Migrating database to support notification system...
Migration to notification system complete.
Migrating database to support notification system...
Migration to notification system complete.
Migrating database to support notification system...
Migration to notification system complete.
Migrating database to support notification system...
Migration to notification system complete.
Migrating database to support notification system...
Migration to notification system complete.
Migrating database to support notification system...
Migration to notification system complete.
Migrating database to support notification system...
Migration to notification system complete.
Migrating database to support notification system...
Migration to notification system complete.
Migrating database to support notification system...
Migration to notification system complete.
Migrating database to support notification system...
Migration to notification system complete.
Migrating database to support notification system...
Migration to notification system complete.
Migrating database to support notification system...
Migration to notification system complete.
Migrating database to support notification system...
Migration to notification system complete.
Migrating database to support notification system...
Migration to notification system complete.
Migrating database to support notification system...
Migration to notification system complete.
Migrating database to support notification system...
Migration to notification system complete.
Migrating database to support notification system...
Migration to notification system complete.
Migrating database to support notification system...
Migration to notification system complete.
Migrating database to support notification system...
Migration to notification system complete.
Migrating database to support notification system...
Migration to notification system complete.
Migrating database to support notification system...
Migration to notification system complete.
Migrating database to support notification system...
Migration to notification system complete.
Migrating database to support notification system...
Migration to notification system complete.
Migrating database to support notification system...
Migration to notification system complete.
Migrating database to support notification system...
Migration to notification system complete.
Migrating database to support notification system...
Migration to notification system complete.
Migrating database to support notification system...
Migration to notification system complete.
Migrating database to support notification system...
Migration to notification system complete.
Migrating database to support notification system...
Migration to notification system complete.
Migrating database to support notification system...
Migration to notification system complete.
Migrating database to support notification system...
Migration to notification system complete.
Migrating database to support notification system...
Migration to notification system complete.
Migrating database to support notification system...
Migration to notification system complete.
Migrating database to support notification system...
Migration to notification system complete.
Migrating database to support notification system...
Migration to notification system complete.
Migrating database to support notification system...
Migration to notification system complete.
Migrating database to support notification system...
Migration to notification system complete.
Migrating database to support notification system...
Migration to notification system complete.
Migrating database to support notification system...
Migration to notification system complete.
Migrating database to support notification system...
Migration to notification system complete.
Migrating database to support notification system...
Migration to notification system complete.
Migrating database to support notification system...
Migration to notification system complete.
Migrating database to support notification system...
Migration to notification system complete.
Migrating database to support notification system...
Migration to notification system complete.
Migrating database to support notification system...
Migration to notification system complete.
Migrating database to support notification system...
Migration to notification system complete.
Migrating database to support notification system...
Migration to notification system complete.
Migrating database to support notification system...
Migration to notification system complete.
Migrating database to support notification system...
Migration to notification system complete.
Migrating database to support notification system...
Migration to notification system complete.
Migrating database to support notification system...
Migration to notification system complete.
Migrating database to support notification system...
Migration to notification system complete.

  âœ“ Concurrent operations: Both succeeded without conflicts
Database connection closed
Warning: Failed to save window geometry: Cannot operate on a closed database.
Migrating database to support notification system...
Migration to notification system complete.

  Multiple notifications created concurrently
  âœ“ Concurrent notifications: Handled gracefully
Database connection closed
Warning: Failed to save window geometry: Cannot operate on a closed database.
Migrating database to support notification system...
Migration to notification system complete.

  âœ“ Multiple comparison attempts: Handled correctly
Database connection closed
Warning: Failed to save window geometry: Cannot operate on a closed database.
Migrating database to support notification system...
Migration to notification system complete.

  âœ“ Scheduler/UI interaction: No race conditions detected
Database connection closed
Warning: Failed to save window geometry: Cannot operate on a closed database.
Migrating database to support notification system...
Migration to notification system complete.
Database connection closed
Warning: Failed to save window geometry: Cannot operate on a closed database.
Migrating database to support notification system...
Migration to notification system complete.
Database connection closed
Warning: Failed to save window geometry: Cannot operate on a closed database.
Migrating database to support notification system...
Migration to notification system complete.
Database connection closed
Warning: Failed to save window geometry: Cannot operate on a closed database.
Migrating database to support notification system...
Migration to notification system complete.
Database connection closed
Warning: Failed to save window geometry: Cannot operate on a closed database.
Migrating database to support notification system...
Migration to notification system complete.
Database connection closed
Warning: Failed to save window geometry: Cannot operate on a closed database.
Migrating database to support notification system...
Migration to notification system complete.
Database connection closed
Warning: Failed to save window geometry: Cannot operate on a closed database.
Migrating database to support notification system...
Migration to notification system complete.
Database connection closed
Warning: Failed to save window geometry: Cannot operate on a closed database.
Migrating database to support notification system...
Migration to notification system complete.PASSED
tests/e2e/test_core_workflows.py::TestCoreWorkflows::test_context_filtering_workflow PASSED
tests/e2e/test_core_workflows.py::TestCoreWorkflows::test_keyboard_shortcuts_workflow PASSED
tests/e2e/test_core_workflows.py::TestCoreWorkflows::test_export_import_workflow PASSED
tests/e2e/test_edge_cases.py::TestEdgeCases::test_circular_dependency_detection PASSED
tests/e2e/test_edge_cases.py::TestEdgeCases::test_self_dependency_prevention PASSED
tests/e2e/test_edge_cases.py::TestEdgeCases::test_empty_title_task_creation PASSED
tests/e2e/test_edge_cases.py::TestEdgeCases::test_task_with_no_priority PASSED
tests/e2e/test_edge_cases.py::TestEdgeCases::test_task_with_past_due_date PASSED
tests/e2e/test_edge_cases.py::TestEdgeCases::test_defer_without_start_date PASSED
tests/e2e/test_edge_cases.py::TestEdgeCases::test_delegate_without_follow_up PASSED
tests/e2e/test_edge_cases.py::TestEdgeCases::test_comparison_with_single_task PASSED
tests/e2e/test_edge_cases.py::TestEdgeCases::test_complete_already_completed_task PASSED
tests/e2e/test_edge_cases.py::TestEdgeCases::test_undo_when_stack_empty PASSED
tests/e2e/test_edge_cases.py::TestEdgeCases::test_import_malformed_json PASSED
tests/e2e/test_edge_cases.py::TestEdgeCases::test_database_locked_error PASSED
tests/e2e/test_resurfacing_system.py::TestResurfacingSystem::test_deferred_task_auto_activation PASSED
tests/e2e/test_resurfacing_system.py::TestResurfacingSystem::test_delegated_task_follow_up_notification PASSED
tests/e2e/test_resurfacing_system.py::TestResurfacingSystem::test_someday_periodic_review_trigger PASSED
tests/e2e/test_resurfacing_system.py::TestResurfacingSystem::test_multiple_deferred_tasks_batch_activation PASSED
tests/e2e/test_resurfacing_system.py::TestResurfacingSystem::test_notification_panel_integration PASSED
tests/e2e/test_resurfacing_system.py::TestResurfacingSystem::test_postpone_pattern_intervention PASSED
tests/e2e/test_resurfacing_system.py::TestResurfacingSystem::test_scheduler_recovery_after_restart PASSED
tests/e2e/test_resurfacing_system.py::TestResurfacingSystem::test_resurfacing_with_dependencies PASSED
tests/e2e/test_state_transitions.py::TestStateTransitions::test_transition_active_to_completed PASSED
tests/e2e/test_state_transitions.py::TestStateTransitions::test_transition_active_to_deferred PASSED
tests/e2e/test_state_transitions.py::TestStateTransitions::test_transition_active_to_delegated PASSED
tests/e2e/test_state_transitions.py::TestStateTransitions::test_transition_active_to_someday PASSED
tests/e2e/test_state_transitions.py::TestStateTransitions::test_transition_active_to_trash PASSED
tests/e2e/test_state_transitions.py::TestStateTransitions::test_transition_deferred_to_active PASSED
tests/e2e/test_state_transitions.py::TestStateTransitions::test_transition_delegated_to_active PASSED
tests/e2e/test_state_transitions.py::TestStateTransitions::test_transition_someday_to_active PASSED
tests/e2e/test_state_transitions.py::TestStateTransitions::test_transition_trash_to_active PASSED
tests/e2e/test_state_transitions.py::TestStateTransitions::test_transition_completed_to_active PASSED
tests/e2e/test_state_transitions.py::TestStateTransitions::test_multiple_state_transitions PASSED
tests/e2e/test_state_transitions.py::TestStateTransitions::test_state_transition_with_dependencies PASSED
tests/integration/test_database_integrity.py::TestDatabaseIntegrity::test_foreign_key_constraints FAILED
tests/integration/test_database_integrity.py::TestDatabaseIntegrity::test_transaction_rollback FAILED
tests/integration/test_database_integrity.py::TestDatabaseIntegrity::test_database_backup_restore PASSED
tests/integration/test_database_integrity.py::TestDatabaseIntegrity::test_schema_consistency FAILED
tests/integration/test_database_integrity.py::TestDatabaseIntegrity::test_concurrent_writes PASSED
tests/integration/test_database_integrity.py::TestDatabaseIntegrity::test_database_size_limits 
Database connection closed
Warning: Failed to save window geometry: Cannot operate on a closed database.
Migrating database to support notification system...
Migration to notification system complete.
Database connection closed
Warning: Failed to save window geometry: Cannot operate on a closed database.
Migrating database to support notification system...
Migration to notification system complete.
Database connection closed
Warning: Failed to save window geometry: Cannot operate on a closed database.
Migrating database to support notification system...
Migration to notification system complete.
Database connection closed
Warning: Failed to save window geometry: Cannot operate on a closed database.
Migrating database to support notification system...
Migration to notification system complete.
Database connection closed
Warning: Failed to save window geometry: Cannot operate on a closed database.
Migrating database to support notification system...
Migration to notification system complete.
Database connection closed
Warning: Failed to save window geometry: Cannot operate on a closed database.
Migrating database to support notification system...
Migration to notification system complete.
Database connection closed
Warning: Failed to save window geometry: Cannot operate on a closed database.
Migrating database to support notification system...
Migration to notification system complete.
Database connection closed
Warning: Failed to save window geometry: Cannot operate on a closed database.
Migrating database to support notification system...
Migration to notification system complete.
Database connection closed
Warning: Failed to save window geometry: Cannot operate on a closed database.
Migrating database to support notification system...
Migration to notification system complete.
Database connection closed
Warning: Failed to save window geometry: Cannot operate on a closed database.
Migrating database to support notification system...
Migration to notification system complete.
Database connection closed
Warning: Failed to save window geometry: Cannot operate on a closed database.
Migrating database to support notification system...
Migration to notification system complete.
Database connection closed
Warning: Failed to save window geometry: Cannot operate on a closed database.
Migrating database to support notification system...
Migration to notification system complete.
Database connection closed
Warning: Failed to save window geometry: Cannot operate on a closed database.
Migrating database to support notification system...
Migration to notification system complete.
Database connection closed
Warning: Failed to save window geometry: Cannot operate on a closed database.
Migrating database to support notification system...
Migration to notification system complete.
Database connection closed
Warning: Failed to save window geometry: Cannot operate on a closed database.
Migrating database to support notification system...
Migration to notification system complete.
Database connection closed
Warning: Failed to save window geometry: Cannot operate on a closed database.
Migrating database to support notification system...
Migration to notification system complete.
Database connection closed
Warning: Failed to save window geometry: Cannot operate on a closed database.
Warning: Failed to save window geometry: Cannot operate on a closed database.
Migrating database to support notification system...
Migration to notification system complete.
Database connection closed
Warning: Failed to save window geometry: Cannot operate on a closed database.
Migrating database to support notification system...
Migration to notification system complete.
Database connection closed
Warning: Failed to save window geometry: Cannot operate on a closed database.
Migrating database to support notification system...
Migration to notification system complete.
Database connection closed
Warning: Failed to save window geometry: Cannot operate on a closed database.
Migrating database to support notification system...
Migration to notification system complete.
Database connection closed
Warning: Failed to save window geometry: Cannot operate on a closed database.
Migrating database to support notification system...
Migration to notification system complete.
Database connection closed
Warning: Failed to save window geometry: Cannot operate on a closed database.
Migrating database to support notification system...
Migration to notification system complete.
Database connection closed
Warning: Failed to save window geometry: Cannot operate on a closed database.
Migrating database to support notification system...
Migration to notification system complete.
Database connection closed
Warning: Failed to save window geometry: Cannot operate on a closed database.
Migrating database to support notification system...
Migration to notification system complete.
Database connection closed
Warning: Failed to save window geometry: Cannot operate on a closed database.
Migrating database to support notification system...
Migration to notification system complete.
Database connection closed
Warning: Failed to save window geometry: Cannot operate on a closed database.
Migrating database to support notification system...
Migration to notification system complete.
Database connection closed
Warning: Failed to save window geometry: Cannot operate on a closed database.
Migrating database to support notification system...
Migration to notification system complete.
Database connection closed
Warning: Failed to save window geometry: Cannot operate on a closed database.
Migrating database to support notification system...
Migration to notification system complete.
Database connection closed
Warning: Failed to save window geometry: Cannot operate on a closed database.
Migrating database to support notification system...
Migration to notification system complete.
Database connection closed
Warning: Failed to save window geometry: Cannot operate on a closed database.
Migrating database to support notification system...
Migration to notification system complete.
Database connection closed
Warning: Failed to save window geometry: Cannot operate on a closed database.
Migrating database to support notification system...
Migration to notification system complete.
Database connection closed
Warning: Failed to save window geometry: Cannot operate on a closed database.
Migrating database to support notification system...
Migration to notification system complete.
Database connection closed
Warning: Failed to save window geometry: Cannot operate on a closed database.
Migrating database to support notification system...
Migration to notification system complete.
Database connection closed
Warning: Failed to save window geometry: Cannot operate on a closed database.
Migrating database to support notification system...
Migration to notification system complete.
Database connection closed
Warning: Failed to save window geometry: Cannot operate on a closed database.
Migrating database to support notification system...
Migration to notification system complete.
Database connection closed
Warning: Failed to save window geometry: Cannot operate on a closed database.
Migrating database to support notification system...
Migration to notification system complete.
Migrating database to support notification system...
Migration to notification system complete.
Migrating database to support notification system...
Migration to notification system complete.

  âœ“ Backup/restore: 10 tasks verified
Migrating database to support notification system...
Migration to notification system complete.

  Found tables: contexts, dependencies, notifications, postpone_history, project_tags, settings, sqlite_sequence, task_comparisons, task_history, task_project_tags, tasks
Migrating database to support notification system...
Migration to notification system complete.

  Successful writes: 100/100 (100%)
  âœ“ Concurrent writes: Handled correctly
Migrating database to support notification system...PASSED
tests/integration/test_error_recovery.py::TestErrorRecovery::test_recovery_from_export_failure FAILED
tests/integration/test_error_recovery.py::TestErrorRecovery::test_recovery_from_import_failure FAILED
tests/integration/test_error_recovery.py::TestErrorRecovery::test_scheduler_failure_recovery PASSED
tests/integration/test_error_recovery.py::TestErrorRecovery::test_missing_settings_recovery FAILED
tests/integration/test_error_recovery.py::TestErrorRecovery::test_corrupted_task_recovery PASSED
tests/integration/test_phase8_workflows.py::test_task_completion_with_undo PASSED
tests/integration/test_phase8_workflows.py::test_task_history_records_all_changes PASSED
tests/integration/test_phase8_workflows.py::test_multiple_undo_redo_sequence PASSED
tests/integration/test_phase8_workflows.py::test_history_and_undo_integration PASSED
tests/integration/test_phase8_workflows.py::test_undo_stack_size_limit PASSED
tests/integration/test_phase8_workflows.py::test_formatted_history_messages PASSED
tests/performance/test_memory_leaks.py::TestMemoryLeaks::test_focus_mode_refresh_memory FAILED
tests/performance/test_memory_leaks.py::TestMemoryLeaks::test_dialog_open_close_memory FAILED
tests/performance/test_memory_leaks.py::TestMemoryLeaks::test_undo_stack_memory FAILED
tests/performance/test_memory_leaks.py::TestMemoryLeaks::test_notification_accumulation FAILED
tests/performance/test_memory_leaks.py::TestMemoryLeaks::test_long_running_session FAILED
tests/performance/test_performance_benchmarks.py::TestPerformanceBenchmarks::test_focus_mode_with_10k_tasks ERROR
tests/performance/test_performance_benchmarks.py::TestPerformanceBenchmarks::test_task_list_rendering_10k_tasks ERROR
tests/performance/test_performance_benchmarks.py::TestPerformanceBenchmarks::test_ranking_algorithm_10k_tasks ERROR
tests/performance/test_performance_benchmarks.py::TestPerformanceBenchmarks::test_comparison_with_100_tied_tasks FAILED
tests/performance/test_performance_benchmarks.py::TestPerformanceBenchmarks::test_export_10k_tasks_to_json ERROR
tests/performance/test_performance_benchmarks.py::TestPerformanceBenchmarks::test_import_10k_tasks_from_json ERROR
tests/performance/test_performance_benchmarks.py::TestPerformanceBenchmarks::test_task_history_query_1k_events FAILED
tests/performance/test_performance_benchmarks.py::TestPerformanceBenchmarks::test_dependency_graph_with_1k_nodes FAILED
tests/performance/test_performance_benchmarks.py::TestPerformanceBenchmarks::test_search_10k_tasks ERROR
tests/performance/test_performance_benchmarks.py::TestPerformanceBenchmarks::test_undo_stack_with_50_operations FAILED
tests/services/test_accessibility_service.py::test_calculate_contrast_ratio_black_white PASSED
tests/services/test_accessibility_service.py::test_calculate_contrast_ratio_same_color PASSED
tests/services/test_accessibility_service.py::test_calculate_contrast_ratio_wcag_aa_pass PASSED
tests/services/test_accessibility_service.py::test_relative_luminance_black PASSED
tests/services/test_accessibility_service.py::test_relative_luminance_white PASSED
tests/services/test_accessibility_service.py::test_humanize_object_name_snake_case PASSED
tests/services/test_accessibility_service.py::test_humanize_object_name_camel_case PASSED
tests/services/test_accessibility_service.py::test_announce_to_screen_reader_without_status_bar PASSED
tests/services/test_accessibility_service.py::test_announce_to_screen_reader_with_status_bar PASSED
tests/services/test_accessibility_service.py::test_announce_assertive_priority PASSED
tests/services/test_accessibility_service.py::test_contrast_issue_detection PASSED
tests/services/test_comparison_service.py::TestEloRatingCalculations::test_initial_elo_rating_is_1500 PASSED
tests/services/test_comparison_service.py::TestEloRatingCalculations::test_winner_gains_elo_loser_loses_elo PASSED
tests/services/test_comparison_service.py::TestEloRatingCalculations::test_equal_elo_gives_expected_change PASSED
tests/services/test_comparison_service.py::TestEloRatingCalculations::test_k_factor_new_task PASSED
tests/services/test_comparison_service.py::TestEloRatingCalculations::test_k_factor_established_task PASSED
tests/services/test_comparison_service.py::TestEloRatingCalculations::test_comparison_count_increments PASSED
tests/services/test_comparison_service.py::TestEloRatingCalculations::test_higher_rated_task_wins_smaller_gain PASSED
tests/services/test_comparison_service.py::TestEloRatingCalculations::test_lower_rated_task_wins_larger_gain PASSED
tests/services/test_comparison_service.py::TestSameTierValidation::test_cannot_compare_different_base_priorities PASSED
tests/services/test_comparison_service.py::TestSameTierValidation::test_can_compare_same_base_priority PASSED
tests/services/test_comparison_service.py::TestComparisonRecording::test_comparison_recorded_in_database PASSED
tests/services/test_comparison_service.py::TestComparisonRecording::test_multiple_comparisons_recorded PASSED
tests/services/test_comparison_service.py::TestComparisonRecording::test_record_multiple_comparisons_batch PASSED
tests/services/test_comparison_service.py::TestComparisonHistory::test_get_task_comparison_history PASSED
tests/services/test_comparison_service.py::TestComparisonHistory::test_history_for_nonexistent_task PASSED
tests/services/test_comparison_service.py::TestPriorityReset::test_reset_single_task SKIPPED
tests/services/test_comparison_service.py::TestPriorityReset::test_reset_deletes_comparison_history PASSED
tests/services/test_comparison_service.py::TestPriorityReset::test_reset_all_priority_adjustments SKIPPED
tests/services/test_comparison_service.py::TestPriorityReset::test_reset_nonexistent_task PASSED
tests/services/test_comparison_service.py::TestEloChangePreview::test_preview_win_against_equal_opponent PASSED
tests/services/test_comparison_service.py::TestEloChangePreview::test_preview_win_against_weaker_opponent PASSED
tests/services/test_comparison_service.py::TestEdgeCases::test_comparison_without_ids_raises_error PASSED
tests/services/test_comparison_service.py::TestEdgeCases::test_comparison_with_one_id_missing PASSED
tests/services/test_comparison_service.py::TestSharedEloForRecurringTasks::test_shared_elo_updates_parent PASSED
tests/services/test_data_reset_service.py::test_get_reset_summary PASSED
tests/services/test_data_reset_service.py::test_reset_all_data_complete PASSED
tests/services/test_data_reset_service.py::test_reset_preserves_contexts PASSED
tests/services/test_data_reset_service.py::test_reset_preserves_tags PASSED
tests/services/test_data_reset_service.py::test_reset_preserves_settings PASSED
tests/services/test_data_reset_service.py::test_reset_deleted_counts PASSED
tests/services/test_data_reset_service.py::test_reset_task_data_only PASSED
tests/services/test_data_reset_service.py::test_get_total_items_to_delete PASSED
tests/services/test_data_reset_service.py::test_reset_deletes_in_correct_order PASSED
tests/services/test_data_reset_service.py::test_reset_empty_database PASSED
tests/services/test_data_reset_service.py::test_reset_with_notifications PASSED
tests/services/test_data_reset_service.py::test_reset_with_postpone_history PASSED
tests/services/test_data_reset_service.py::test_reset_transaction_safety PASSED
tests/services/test_error_service.py::test_build_error_context_with_file_error PASSED
tests/services/test_error_service.py::test_get_recovery_suggestions_for_export PASSED
tests/services/test_error_service.py::test_get_recovery_suggestions_for_database_error PASSED
tests/services/test_error_service.py::test_determine_severity_for_database_error PASSED
tests/services/test_error_service.py::test_determine_severity_for_value_error PASSED
tests/services/test_error_service.py::test_format_technical_details PASSED
tests/services/test_error_service.py::test_get_recovery_suggestions_fallback PASSED
tests/services/test_error_service.py::test_error_recovery_map_coverage PASSED
tests/services/test_error_service.py::test_default_recovery_map_coverage PASSED
tests/services/test_export_service.py::test_export_to_json_creates_file PASSED
tests/services/test_export_service.py::test_export_json_structure PASSED
tests/services/test_export_service.py::test_export_preserves_task_relationships PASSED
tests/services/test_export_service.py::test_export_progress_callback PASSED
tests/services/test_export_service.py::test_export_database_backup PASSED
tests/services/test_export_service.py::test_export_empty_database PASSED
tests/services/test_export_service.py::test_export_handles_invalid_path PASSED
tests/services/test_export_service.py::test_export_without_settings PASSED
tests/services/test_export_service.py::test_export_contexts_format PASSED
tests/services/test_export_service.py::test_export_tasks_format PASSED
tests/services/test_import_service.py::test_import_json_replace_mode PASSED
tests/services/test_import_service.py::test_import_json_merge_mode_no_conflicts PASSED
tests/services/test_import_service.py::test_import_json_merge_mode_with_conflicts PASSED
tests/services/test_import_service.py::test_import_validation_missing_metadata PASSED
tests/services/test_import_service.py::test_import_validation_newer_schema_version PASSED
tests/services/test_import_service.py::test_import_progress_callback PASSED
tests/services/test_import_service.py::test_import_preserves_relationships PASSED
tests/services/test_import_service.py::test_import_transaction_rollback_on_error PASSED
tests/services/test_import_service.py::test_import_export_roundtrip 
Migration to notification system complete.

  Creating 1,000 tasks...
  Creation time: 8.89s (8.9ms per task)
  Query time: 0.2ms for 1000 tasks
  âœ“ Large dataset: 1000 tasks handled efficiently
Migrating database to support notification system...
Migration to notification system complete.
Migrating database to support notification system...
Migration to notification system complete.
Migrating database to support notification system...
Migration to notification system complete.
  âœ“ Scheduler recovery: 5 tasks activated despite errors
Migrating database to support notification system...
Migration to notification system complete.

  Settings access handled: no such table: settings
Migrating database to support notification system...
Migration to notification system complete.

  Retrieved 5 tasks (1 potentially corrupted)

  Corrupted task handled: Valid tasks should be retrieved
assert 0 >= 4
 +  where 0 = len([])
  âœ“ Corrupted task recovery: App continues functioning
Migrating database to support notification system...
Migration to notification system complete.

  Baseline memory: 0.00 MB
  Final memory: 0.03 MB
  Growth: 0.03 MB (97518.8%)
Database connection closed
Warning: Failed to save window geometry: Cannot operate on a closed database.
Migrating database to support notification system...
Migration to notification system complete.

  Memory growth after 500 dialog cycles: 14.21 MB
Database connection closed
Warning: Failed to save window geometry: Cannot operate on a closed database.
Migrating database to support notification system...
Migration to notification system complete.
Database connection closed
Warning: Failed to save window geometry: Cannot operate on a closed database.
Migrating database to support notification system...
Migration to notification system complete.
Database connection closed
Warning: Failed to save window geometry: Cannot operate on a closed database.
Migrating database to support notification system...
Migration to notification system complete.
Database connection closed
Warning: Failed to save window geometry: Cannot operate on a closed database.
Migrating database to support notification system...
Migration to notification system complete.

Generating 10,000 task dataset for performance testing...

=== Generating Complete Dataset (10000 tasks) ===

Generating 10000 tasks...
Database connection closed
Warning: Failed to save window geometry: Cannot operate on a closed database.
Migrating database to support notification system...
Migration to notification system complete.

Generating 10,000 task dataset for performance testing...

=== Generating Complete Dataset (10000 tasks) ===

Generating 10000 tasks...
Database connection closed
Warning: Failed to save window geometry: Cannot operate on a closed database.
Migrating database to support notification system...
Migration to notification system complete.

Generating 10,000 task dataset for performance testing...

=== Generating Complete Dataset (10000 tasks) ===

Generating 10000 tasks...
Database connection closed
Warning: Failed to save window geometry: Cannot operate on a closed database.
Migrating database to support notification system...
Migration to notification system complete.
Database connection closed
Warning: Failed to save window geometry: Cannot operate on a closed database.
Migrating database to support notification system...
Migration to notification system complete.

Generating 10,000 task dataset for performance testing...

=== Generating Complete Dataset (10000 tasks) ===

Generating 10000 tasks...
Database connection closed
Warning: Failed to save window geometry: Cannot operate on a closed database.
Migrating database to support notification system...
Migration to notification system complete.

Generating 10,000 task dataset for performance testing...

=== Generating Complete Dataset (10000 tasks) ===

Generating 10000 tasks...
Database connection closed
Warning: Failed to save window geometry: Cannot operate on a closed database.
Migrating database to support notification system...
Migration to notification system complete.
Database connection closed
Warning: Failed to save window geometry: Cannot operate on a closed database.
Migrating database to support notification system...
Migration to notification system complete.
Database connection closed
Warning: Failed to save window geometry: Cannot operate on a closed database.
Migrating database to support notification system...
Migration to notification system complete.

Generating 10,000 task dataset for performance testing...

=== Generating Complete Dataset (10000 tasks) ===

Generating 10000 tasks...
Database connection closed
Warning: Failed to save window geometry: Cannot operate on a closed database.
Migrating database to support notification system...
Migration to notification system complete.
Database connection closed
Warning: Failed to save window geometry: Cannot operate on a closed database.
Migrating database to support notification system...
Migration to notification system complete.
Migrating database to support notification system...
Migration to notification system complete.
Migrating database to support notification system...
Migration to notification system complete.
Migrating database to support notification system...
Migration to notification system complete.
Migrating database to support notification system...
Migration to notification system complete.
Migrating database to support notification system...
Migration to notification system complete.
Migrating database to support notification system...
Migration to notification system complete.
Migrating database to support notification system...
Migration to notification system complete.
Migrating database to support notification system...
Migration to notification system complete.
Migrating database to support notification system...
Migration to notification system complete.
Migrating database to support notification system...
Migration to notification system complete.
Migrating database to support notification system...
Migration to notification system complete.
Migrating database to support notification system...
Migration to notification system complete.
Migrating database to support notification system...
Migration to notification system complete.
Migrating database to support notification system...
Migration to notification system complete.
Migrating database to support notification system...
Migration to notification system complete.
Migrating database to support notification system...
Migration to notification system complete.
Migrating database to support notification system...
Migration to notification system complete.
Migrating database to support notification system...
Migration to notification system complete.
Migrating database to support notification system...
Migration to notification system complete.
Migrating database to support notification system...
Migration to notification system complete.
Migrating database to support notification system...
Migration to notification system complete.
Migrating database to support notification system...
Migration to notification system complete.
Migrating database to support notification system...
Migration to notification system complete.
Migrating database to support notification system...
Migration to notification system complete.
Migrating database to support notification system...
Migration to notification system complete.
Migrating database to support notification system...
Migration to notification system complete.
Migrating database to support notification system...
Migration to notification system complete.
Migrating database to support notification system...
Migration to notification system complete.
Migrating database to support notification system...
Migration to notification system complete.
Migrating database to support notification system...
Migration to notification system complete.
Migrating database to support notification system...
Migration to notification system complete.PASSED
tests/services/test_import_service.py::test_import_handles_missing_optional_fields PASSED
tests/services/test_import_service.py::test_import_clears_data_in_replace_mode PASSED
tests/services/test_keyboard_navigation_manager.py::TestConfigureDialog::test_configure_dialog_sets_focus PASSED
tests/services/test_keyboard_navigation_manager.py::TestConfigureDialog::test_configure_dialog_with_no_widgets PASSED
tests/services/test_keyboard_navigation_manager.py::TestConfigureDialog::test_configure_dialog_sets_tab_order PASSED
tests/services/test_keyboard_navigation_manager.py::TestFocusIndicators::test_add_focus_indicators_sets_focus_policy PASSED
tests/services/test_keyboard_navigation_manager.py::TestFocusIndicators::test_add_focus_indicators_enables_mac_focus_rect PASSED
tests/services/test_keyboard_navigation_manager.py::TestGetFocusableWidgets::test_get_focusable_widgets_finds_all PASSED
tests/services/test_keyboard_navigation_manager.py::TestGetFocusableWidgets::test_get_focusable_widgets_excludes_disabled PASSED
tests/services/test_keyboard_navigation_manager.py::TestGetFocusableWidgets::test_get_focusable_widgets_excludes_hidden PASSED
tests/services/test_keyboard_navigation_manager.py::TestGetFocusableWidgets::test_get_focusable_widgets_sorted_by_position PASSED
tests/services/test_keyboard_navigation_manager.py::TestGetFocusableWidgets::test_get_focusable_widgets_excludes_labels PASSED
tests/services/test_keyboard_navigation_manager.py::TestEnableListNavigation::test_enable_list_navigation_installs_filter PASSED
tests/services/test_keyboard_navigation_manager.py::TestEnableListNavigation::test_list_navigation_without_filter PASSED
tests/services/test_keyboard_navigation_manager.py::TestListNavigationFilter::test_list_filter_home_key PASSED
tests/services/test_keyboard_navigation_manager.py::TestListNavigationFilter::test_list_filter_end_key PASSED
tests/services/test_keyboard_navigation_manager.py::TestListNavigationFilter::test_list_filter_page_down PASSED
tests/services/test_keyboard_navigation_manager.py::TestListNavigationFilter::test_list_filter_page_up PASSED
tests/services/test_keyboard_navigation_manager.py::TestListNavigationFilter::test_list_filter_get_visible_item_count PASSED
tests/services/test_keyboard_navigation_manager.py::TestListNavigationFilter::test_list_filter_empty_list PASSED
tests/services/test_keyboard_navigation_manager.py::TestEnableTableNavigation::test_enable_table_navigation_installs_filter PASSED
tests/services/test_keyboard_navigation_manager.py::TestTableNavigationFilter::test_table_filter_home_key PASSED
tests/services/test_keyboard_navigation_manager.py::TestTableNavigationFilter::test_table_filter_ctrl_home_key PASSED
tests/services/test_keyboard_navigation_manager.py::TestTableNavigationFilter::test_table_filter_end_key PASSED
tests/services/test_keyboard_navigation_manager.py::TestTableNavigationFilter::test_table_filter_ctrl_end_key PASSED
tests/services/test_keyboard_navigation_manager.py::TestEdgeCases::test_configure_dialog_with_nested_widgets PASSED
tests/services/test_keyboard_navigation_manager.py::TestEdgeCases::test_list_filter_with_single_item PASSED
tests/services/test_keyboard_navigation_manager.py::TestEdgeCases::test_table_filter_with_single_cell PASSED
tests/services/test_notification_manager.py::TestCreateNotification::test_creates_basic_notification PASSED
tests/services/test_notification_manager.py::TestCreateNotification::test_creates_notification_with_action PASSED
tests/services/test_notification_manager.py::TestCreateNotification::test_emits_new_notification_signal PASSED
tests/services/test_notification_manager.py::TestCreateNotification::test_all_notification_types PASSED
tests/services/test_notification_manager.py::TestGetNotifications::test_get_all_notifications PASSED
tests/services/test_notification_manager.py::TestGetNotifications::test_get_all_excludes_dismissed PASSED
tests/services/test_notification_manager.py::TestGetNotifications::test_get_all_includes_dismissed_when_requested PASSED
tests/services/test_notification_manager.py::TestGetNotifications::test_get_unread_notifications PASSED
tests/services/test_notification_manager.py::TestGetNotifications::test_get_unread_count PASSED
tests/services/test_notification_manager.py::TestMarkAsRead::test_marks_notification_as_read PASSED
tests/services/test_notification_manager.py::TestMarkAsRead::test_emits_updated_signal PASSED
tests/services/test_notification_manager.py::TestMarkAsRead::test_returns_false_for_nonexistent PASSED
tests/services/test_notification_manager.py::TestMarkAsUnread::test_marks_notification_as_unread PASSED
tests/services/test_notification_manager.py::TestMarkAsUnread::test_returns_false_for_nonexistent PASSED
tests/services/test_notification_manager.py::TestMarkAllRead::test_marks_all_as_read PASSED
tests/services/test_notification_manager.py::TestMarkAllRead::test_returns_zero_when_all_read PASSED
tests/services/test_notification_manager.py::TestDismissNotification::test_dismisses_notification PASSED
tests/services/test_notification_manager.py::TestDismissNotification::test_emits_dismissed_signal PASSED
tests/services/test_notification_manager.py::TestDismissNotification::test_returns_false_for_nonexistent PASSED
tests/services/test_notification_manager.py::TestCleanupOldNotifications::test_cleans_up_old_notifications PASSED
tests/services/test_notification_manager.py::TestToastNotifications::test_shows_toast_when_enabled PASSED
tests/services/test_notification_manager.py::TestToastNotifications::test_does_not_show_toast_when_disabled PASSED
tests/services/test_notification_manager.py::TestToastNotifications::test_handles_missing_toast_service PASSED
tests/services/test_notification_manager.py::TestSetToastService::test_sets_toast_service PASSED
tests/services/test_postpone_suggestion_service.py::TestPatternDetection::test_no_pattern_on_first_postpone PASSED
tests/services/test_postpone_suggestion_service.py::TestPatternDetection::test_repeated_blocker_pattern PASSED
tests/services/test_postpone_suggestion_service.py::TestPatternDetection::test_repeated_dependency_pattern PASSED
tests/services/test_postpone_suggestion_service.py::TestPatternDetection::test_repeated_subtasks_pattern PASSED
tests/services/test_postpone_suggestion_service.py::TestPatternDetection::test_stale_task_pattern PASSED
tests/services/test_postpone_suggestion_service.py::TestPatternDetection::test_pattern_priority_order PASSED
tests/services/test_postpone_suggestion_service.py::TestSuggestionGeneration::test_suggestion_message_content PASSED
tests/services/test_postpone_suggestion_service.py::TestSuggestionGeneration::test_historical_context_formatting PASSED
tests/services/test_postpone_suggestion_service.py::TestSuggestionGeneration::test_historical_context_with_empty_notes PASSED
tests/services/test_postpone_suggestion_service.py::TestBulkSuggestions::test_get_suggestions_for_all_tasks PASSED
tests/services/test_postpone_suggestion_service.py::TestBulkSuggestions::test_suggestions_sorted_by_priority PASSED
tests/services/test_postpone_suggestion_service.py::TestBulkSuggestions::test_suggestions_respect_limit PASSED
tests/services/test_postpone_suggestion_service.py::TestUtilityMethods::test_get_task_title PASSED
tests/services/test_postpone_suggestion_service.py::TestUtilityMethods::test_get_task_title_for_nonexistent_task PASSED
tests/services/test_postpone_suggestion_service.py::TestUtilityMethods::test_should_show_reflection_dialog PASSED
tests/services/test_postpone_suggestion_service.py::TestThresholdBehavior::test_blocker_threshold_minus_one PASSED
tests/services/test_postpone_suggestion_service.py::TestThresholdBehavior::test_stale_threshold_minus_one PASSED
tests/services/test_postpone_suggestion_service.py::TestThresholdBehavior::test_exact_threshold_triggers_pattern PASSED
tests/services/test_postpone_suggestion_service.py::TestActionTakenTracking::test_tracks_all_action_types PASSED
tests/services/test_postpone_workflow_service.py::TestRecordPostpone::test_record_postpone_basic PASSED
tests/services/test_postpone_workflow_service.py::TestRecordPostpone::test_record_postpone_with_action PASSED
tests/services/test_postpone_workflow_service.py::TestRecordPostpone::test_record_postpone_without_notes PASSED
tests/services/test_postpone_workflow_service.py::TestBlockerWorkflow::test_handle_blocker_workflow_with_existing_tasks PASSED
tests/services/test_postpone_workflow_service.py::TestBlockerWorkflow::test_handle_blocker_workflow_with_created_tasks PASSED
tests/services/test_postpone_workflow_service.py::TestBlockerWorkflow::test_handle_blocker_workflow_no_blocking_tasks PASSED
tests/services/test_postpone_workflow_service.py::TestBlockerWorkflow::test_handle_blocker_workflow_nonexistent_task PASSED
tests/services/test_postpone_workflow_service.py::TestBlockerWorkflow::test_handle_blocker_workflow_message_pluralization PASSED
tests/services/test_postpone_workflow_service.py::TestSubtaskBreakdown::test_handle_subtask_breakdown_basic PASSED
tests/services/test_postpone_workflow_service.py::TestSubtaskBreakdown::test_handle_subtask_breakdown_with_field_inheritance PASSED
tests/services/test_postpone_workflow_service.py::TestSubtaskBreakdown::test_handle_subtask_breakdown_delete_original PASSED
tests/services/test_postpone_workflow_service.py::TestSubtaskBreakdown::test_handle_subtask_breakdown_keeps_original PASSED
tests/services/test_postpone_workflow_service.py::TestSubtaskBreakdown::test_handle_subtask_breakdown_empty_titles PASSED
tests/services/test_postpone_workflow_service.py::TestSubtaskBreakdown::test_handle_subtask_breakdown_skips_empty_titles PASSED
tests/services/test_postpone_workflow_service.py::TestSubtaskBreakdown::test_handle_subtask_breakdown_nonexistent_task PASSED
tests/services/test_postpone_workflow_service.py::TestSubtaskBreakdown::test_handle_subtask_breakdown_message_pluralization PASSED
tests/services/test_postpone_workflow_service.py::TestGetPostponeHistory::test_get_postpone_history_empty PASSED
tests/services/test_postpone_workflow_service.py::TestGetPostponeHistory::test_get_postpone_history_retrieves_records PASSED
tests/services/test_postpone_workflow_service.py::TestGetPostponeHistory::test_get_postpone_history_respects_limit PASSED
tests/services/test_postpone_workflow_service.py::TestGetPostponeHistory::test_get_postpone_history_ordered_by_date PASSED
tests/services/test_postpone_workflow_service.py::TestErrorHandling::test_handle_blocker_workflow_error_handling PASSED
tests/services/test_postpone_workflow_service.py::TestErrorHandling::test_handle_subtask_breakdown_error_handling PASSED
tests/services/test_postpone_workflow_service.py::TestProjectTagInheritance::test_subtasks_inherit_project_tags PASSED
tests/services/test_recurrence_service.py::TestCalculateNextOccurrenceDate::test_daily_pattern_single_day PASSED
tests/services/test_recurrence_service.py::TestCalculateNextOccurrenceDate::test_daily_pattern_multiple_days PASSED
tests/services/test_recurrence_service.py::TestCalculateNextOccurrenceDate::test_weekly_pattern_no_specific_days PASSED
tests/services/test_recurrence_service.py::TestCalculateNextOccurrenceDate::test_weekly_pattern_with_specific_days PASSED
tests/services/test_recurrence_service.py::TestCalculateNextOccurrenceDate::test_weekly_pattern_next_week PASSED
tests/services/test_recurrence_service.py::TestCalculateNextOccurrenceDate::test_monthly_pattern_day_of_month PASSED
tests/services/test_recurrence_service.py::TestCalculateNextOccurrenceDate::test_monthly_pattern_end_of_short_month PASSED
tests/services/test_recurrence_service.py::TestCalculateNextOccurrenceDate::test_yearly_pattern PASSED
tests/services/test_recurrence_service.py::TestCalculateNextOccurrenceDate::test_yearly_pattern_leap_year PASSED
tests/services/test_recurrence_service.py::TestShouldContinueRecurrence::test_non_recurring_task_returns_false PASSED
tests/services/test_recurrence_service.py::TestShouldContinueRecurrence::test_recurring_task_without_end_date_continues PASSED
tests/services/test_recurrence_service.py::TestShouldContinueRecurrence::test_recurring_task_before_end_date_continues PASSED
tests/services/test_recurrence_service.py::TestShouldContinueRecurrence::test_recurring_task_at_end_date_stops PASSED
tests/services/test_recurrence_service.py::TestShouldContinueRecurrence::test_recurring_task_past_end_date_stops PASSED
tests/services/test_recurrence_service.py::TestCloneTaskForNextOccurrence::test_clone_basic_properties PASSED
tests/services/test_recurrence_service.py::TestCloneTaskForNextOccurrence::test_clone_sets_parent_id PASSED
tests/services/test_recurrence_service.py::TestCloneTaskForNextOccurrence::test_clone_preserves_parent_chain PASSED
tests/services/test_recurrence_service.py::TestCloneTaskForNextOccurrence::test_clone_increments_occurrence_count PASSED
tests/services/test_recurrence_service.py::TestCloneTaskForNextOccurrence::test_clone_with_shared_elo PASSED
tests/services/test_recurrence_service.py::TestCloneTaskForNextOccurrence::test_clone_without_shared_elo PASSED
tests/services/test_recurrence_service.py::TestCloneTaskForNextOccurrence::test_clone_copies_context PASSED
tests/services/test_recurrence_service.py::TestCloneTaskForNextOccurrence::test_clone_copies_recurrence_pattern PASSED
tests/services/test_recurrence_service.py::TestCloneTaskForNextOccurrence::test_clone_copies_end_date PASSED
tests/services/test_recurrence_service.py::TestCloneTaskForNextOccurrence::test_clone_copies_project_tags PASSED
tests/services/test_recurrence_service.py::TestGetSharedEloValues::test_non_shared_returns_none PASSED
tests/services/test_recurrence_service.py::TestGetSharedEloValues::test_shared_with_pool_values PASSED
tests/services/test_recurrence_service.py::TestGetSharedEloValues::test_shared_without_pool_uses_current PASSED
tests/services/test_recurrence_service.py::TestFormatRecurrencePattern::test_format_daily_single PASSED
tests/services/test_recurrence_service.py::TestFormatRecurrencePattern::test_format_daily_multiple PASSED
tests/services/test_recurrence_service.py::TestFormatRecurrencePattern::test_format_weekly_no_days PASSED
tests/services/test_recurrence_service.py::TestFormatRecurrencePattern::test_format_weekly_with_days PASSED
tests/services/test_recurrence_service.py::TestFormatRecurrencePattern::test_format_monthly PASSED
tests/services/test_recurrence_service.py::TestFormatRecurrencePattern::test_format_yearly PASSED
tests/services/test_recurrence_service.py::TestFormatRecurrencePattern::test_format_empty_pattern PASSED
tests/services/test_recurrence_service.py::TestFormatRecurrencePattern::test_format_invalid_pattern PASSED
tests/services/test_resurfacing_scheduler.py::TestSchedulerLifecycle::test_scheduler_initialization PASSED
tests/services/test_resurfacing_scheduler.py::TestSchedulerLifecycle::test_scheduler_start PASSED
tests/services/test_resurfacing_scheduler.py::TestSchedulerLifecycle::test_scheduler_start_idempotent PASSED
tests/services/test_resurfacing_scheduler.py::TestSchedulerLifecycle::test_scheduler_shutdown PASSED
tests/services/test_resurfacing_scheduler.py::TestSchedulerLifecycle::test_scheduler_stop_alias PASSED
tests/services/test_resurfacing_scheduler.py::TestSchedulerLifecycle::test_scheduler_shutdown_when_not_started PASSED
tests/services/test_resurfacing_scheduler.py::TestSchedulerLifecycle::test_scheduler_shutdown_with_timeout PASSED
tests/services/test_resurfacing_scheduler.py::TestJobConfiguration::test_default_job_intervals PASSED
tests/services/test_resurfacing_scheduler.py::TestJobConfiguration::test_custom_job_intervals PASSED
tests/services/test_resurfacing_scheduler.py::TestJobConfiguration::test_reload_settings PASSED
tests/services/test_resurfacing_scheduler.py::TestJobConfiguration::test_reload_settings_when_not_running PASSED
tests/services/test_resurfacing_scheduler.py::TestManualTriggers::test_check_deferred_tasks_manual PASSED
tests/services/test_resurfacing_scheduler.py::TestManualTriggers::test_check_delegated_tasks_manual PASSED
tests/services/test_resurfacing_scheduler.py::TestManualTriggers::test_check_someday_tasks_manual PASSED
tests/services/test_resurfacing_scheduler.py::TestJobExecution::test_job_check_deferred_tasks_activates_ready_tasks PASSED
tests/services/test_resurfacing_scheduler.py::TestJobExecution::test_job_check_deferred_tasks_no_tasks_ready PASSED
tests/services/test_resurfacing_scheduler.py::TestJobExecution::test_job_error_handling 
Migrating database to support notification system...
Migration to notification system complete.
Migrating database to support notification system...
Migration to notification system complete.
Migrating database to support notification system...
Migration to notification system complete.
Migrating database to support notification system...
Migration to notification system complete.
Migrating database to support notification system...
Migration to notification system complete.
Migrating database to support notification system...
Migration to notification system complete.
Migrating database to support notification system...
Migration to notification system complete.
Migrating database to support notification system...
Migration to notification system complete.
Migrating database to support notification system...
Migration to notification system complete.
Migrating database to support notification system...
Migration to notification system complete.
Migrating database to support notification system...
Migration to notification system complete.
Migrating database to support notification system...
Migration to notification system complete.
Migrating database to support notification system...
[...]
  C:\Users\cdavi\GitHub_Repos\OneTaskAtATime\src\database\task_history_dao.py:47: DeprecationWarning: The default datetime adapter is deprecated as of Python 3.12; see the sqlite3 documentation for suggested replacement recipes
    cursor.execute(

tests/database/test_task_history_dao.py::TestTaskHistoryDAO::test_get_date_range
tests/database/test_task_history_dao.py::TestTaskHistoryDAO::test_get_date_range
tests/database/test_task_history_dao.py::TestTaskHistoryDAO::test_get_date_range
tests/database/test_task_history_dao.py::TestTaskHistoryDAO::test_get_date_range
  C:\Users\cdavi\GitHub_Repos\OneTaskAtATime\src\database\task_history_dao.py:187: DeprecationWarning: The default date adapter is deprecated as of Python 3.12; see the sqlite3 documentation for suggested replacement recipes
    cursor.execute(

-- Docs: https://docs.pytest.org/en/stable/how-to/capture-warnings.html
=============================== tests coverage ================================
_______________ coverage: platform win32, python 3.14.0-final-0 _______________

Name                                              Stmts   Miss  Cover   Missing
-------------------------------------------------------------------------------
src\__init__.py                                       1      0   100%
src\algorithms\__init__.py                            0      0   100%
src\algorithms\initial_ranking.py                    71      0   100%
src\algorithms\priority.py                           71      2    97%   87-89
src\algorithms\ranking.py                            88      4    95%   130, 178, 192, 244
src\commands\__init__.py                             11      0   100%
src\commands\base_command.py                         11      3    73%   26, 36, 46
src\commands\change_priority_command.py              39      3    92%   25, 43, 57
src\commands\change_state_command.py                 33      0   100%
src\commands\complete_task_command.py                53      7    87%   68, 76, 100, 104-110, 123
src\commands\defer_task_command.py                   36      0   100%
src\commands\defer_with_dependencies_command.py      75      2    97%   80, 131
src\commands\defer_with_subtasks_command.py          78      3    96%   109, 140, 162
src\commands\delegate_task_command.py                39      0   100%
src\commands\delete_task_command.py                  34      5    85%   84, 89-91, 96
src\commands\edit_task_command.py                    26      0   100%
src\database\__init__.py                              8      0   100%
src\database\comparison_dao.py                       29      0   100%
src\database\connection.py                           44      5    89%   78, 90-91, 95-96
src\database\context_dao.py                          52      0   100%
src\database\dependency_dao.py                       73      2    97%   71, 249
src\database\notification_dao.py                     92      4    96%   289-290, 301-302
src\database\postpone_history_dao.py                 49      0   100%
src\database\project_tag_dao.py                      56      0   100%
src\database\schema.py                              115     43    63%   379-381, 423-424, 429-486, 507-508, 513-545
src\database\seed_data.py                            73     73     0%   7-289
src\database\settings_dao.py                         76      1    99%   165
src\database\task_dao.py                            107      1    99%   250
src\database\task_history_dao.py                     52      0   100%
src\main.py                                          13      8    38%   17-25, 29
src\models\__init__.py                                8      0   100%
src\models\context.py                                13      0   100%
src\models\dependency.py                             11      0   100%
src\models\enums.py                                  55      5    91%   22, 37, 54, 66, 94
src\models\notification.py                           65     40    38%   59, 83-108, 127-133, 142-158
src\models\postpone_record.py                        14      2    86%   39, 43
src\models\project_tag.py                            14      2    86%   38, 42
src\models\recurrence_pattern.py                    156     55    65%   62, 64, 66, 106, 151-153, 165-177, 181-195, 202-211, 228-252, 274, 281, 289-302, 308-311, 318
src\models\task.py                                   67      4    94%   128, 132, 150, 194
src\models\task_comparison.py                        11      2    82%   37, 41
src\models\task_history_event.py                     15      1    93%   44
src\services\__init__.py                              0      0   100%
src\services\accessibility_service.py                83     20    76%   99-107, 139-147, 160-182
src\services\comparison_service.py                   97     21    78%   155-173, 258-267
src\services\data_reset_service.py                   74      5    93%   151-157
src\services\error_service.py                        70     17    76%   182-185, 240, 274, 305-314, 325-328
src\services\export_service.py                      132      5    96%   176-177, 304, 327, 351
src\services\first_run_detector.py                   31     18    42%   34-45, 49-59, 68-79, 83-93
src\services\import_service.py                      210     22    90%   182, 196, 277-282, 315, 422-423, 440-456, 466-482, 492-505
src\services\keyboard_navigation_manager.py          95      2    98%   188, 198
src\services\notification_manager.py                115     28    76%   113-114, 130-132, 143-145, 157-159, 184-186, 211-213, 233-235, 256-258, 276-278, 307-308
src\services\postpone_suggestion_service.py          88      1    99%   60
src\services\postpone_workflow_service.py            65      5    92%   133-134, 206, 232-233
src\services\recurrence_service.py                   36      0   100%
src\services\resurfacing_scheduler.py               132     16    88%   133-134, 296-297, 315-318, 326-339
src\services\resurfacing_service.py                 130     29    78%   98-99, 117-118, 155-156, 174-175, 245-276, 292-294, 315-316
src\services\task_history_service.py                147     76    48%   72, 181-192, 211-218, 237-244, 265-275, 296-307, 332-348, 421, 427, 446-447, 450-470, 476, 479, 482, 485, 488, 491, 499-541
src\services\task_service.py                        177     14    92%   235, 272, 353, 394, 407, 448-453, 490, 500-502
src\services\theme_service.py                        52      0   100%
src\services\toast_notification_service.py           44      6    86%   48-53
src\services\undo_manager.py                         64      6    91%   89-90, 100, 115-116, 156
src\ui\__init__.py                                    0      0   100%
src\ui\activated_tasks_dialog.py                     92     17    82%   139, 143-150, 162-179
src\ui\analytics_view.py                            297     93    69%   52, 256-259, 312-332, 337-388, 392-420, 424-444, 448-455, 459-467, 471-487
src\ui\column_manager_dialog.py                     141    141     0%   7-317
src\ui\comparison_dialog.py                         227     75    67%   185-192, 196-207, 245-248, 359, 368-374, 383-389, 408-418, 422-457, 463-490, 499
src\ui\context_filter_dialog.py                     121    121     0%   7-280
src\ui\context_management_dialog.py                 171     16    91%   236, 289-296, 327-328, 339-345, 361-373
src\ui\context_single_select_dialog.py               74     74     0%   7-165
src\ui\dependency_graph_view.py                     153      7    95%   59, 209, 215-218, 269
src\ui\dependency_selection_dialog.py               208    208     0%   7-516
src\ui\enhanced_error_dialog.py                     125    125     0%   7-257
src\ui\export_dialog.py                             184    159    14%   37-41, 45-60, 73-81, 85-220, 224-226, 230-238, 242-261, 265-300, 309-310, 318-357, 365-371, 375-381
src\ui\focus_mode.py                                363     56    85%   77-79, 88-90, 509-519, 528-538, 546-564, 585-597, 608-620, 634-639, 645-650, 661, 663, 669-670, 681, 683, 690, 694-695
src\ui\geometry_mixin.py                            142     64    55%   67, 85, 95-96, 106-107, 113, 126-167, 176-177, 204-206, 223, 229, 231-237, 243-258, 262-271, 284-286, 293
src\ui\help_dialog.py                               140    121    14%   37-55, 59-107, 117-131, 135, 167, 199, 224, 253, 302, 339-396, 410-437, 441, 445-455
src\ui\import_dialog.py                             218    192    12%   36-39, 43-52, 65-74, 78-224, 228-229, 233-242, 250-322, 326-381, 390-391, 399-432, 440-446, 450-455
src\ui\main_window.py                               761    256    66%   74, 78-85, 89-92, 103-129, 133-162, 166-179, 183-197, 268, 286, 581-582, 593, 607-610, 662-755, 759-774, 798-821, 834-853, 866-931, 940-964, 968-986, 990-1009, 1026-1045, 1090-1094, 1103-1106, 1143-1150, 1155-1156, 1184-1186, 1194-1196, 1211-1235, 1239, 1264-1270, 1302, 1326-1327, 1331-1337, 1341-1347, 1370, 1386-1387, 1395, 1399-1404, 1412, 1453-1455
src\ui\message_box.py                                29      6    79%   98-101, 150-153
src\ui\notification_panel.py                        248    152    39%   31-33, 37-135, 139-145, 154-158, 162-227, 232-259, 263-264, 268-269, 273-274, 278-279, 284-290, 366-369, 383, 389, 411-413, 417, 421
src\ui\postpone_dialog.py                           223     47    79%   57-90, 116, 346-348, 360-391, 396, 460, 475, 477-478, 492, 500
src\ui\project_tag_filter_dialog.py                 113    113     0%   7-268
src\ui\project_tag_management_dialog.py             204     21    90%   258, 330-336, 345-352, 388-389, 400-406, 422-434
src\ui\recurrence_pattern_dialog.py                 233    233     0%   10-446
src\ui\reflection_dialog.py                         153    153     0%   8-310
src\ui\reset_confirmation_dialog.py                 103     90    13%   30-38, 42-168, 172-175, 180-223
src\ui\review_deferred_dialog.py                    153     31    80%   57, 61, 106, 114, 261-321, 330
src\ui\review_delegated_dialog.py                   199     49    75%   57, 61, 65, 120, 128, 265, 283-292, 308-340, 344-373, 377-413
src\ui\review_someday_dialog.py                     192     44    77%   59, 63, 118, 126, 259, 267, 271-277, 289-298, 314-347, 351-384, 389-391
src\ui\sequential_ranking_dialog.py                 383    147    62%   87-95, 99-111, 115, 119, 172-179, 434-456, 478, 495-505, 525-578, 582-584, 588-590, 596, 601, 605, 618-621, 625-628, 632-635, 639-670, 674-705, 717-728
src\ui\settings_dialog.py                           371     11    97%   776-777, 789-790, 794-797, 815-822
src\ui\shortcuts_dialog.py                           83     10    88%   76, 180-194
src\ui\subtask_breakdown_dialog.py                  147      4    97%   50, 202, 227, 251
src\ui\task_form_dialog.py                           14      5    64%   38, 53-57
src\ui\task_form_enhanced.py                        699    280    60%   67, 88, 96-97, 102, 108-109, 279, 318-321, 340, 676-678, 683, 702-713, 717-761, 770-772, 777-819, 823-841, 845-909, 918-1002, 1016-1034, 1039, 1059-1062, 1066-1068, 1078-1079, 1083, 1086-1087, 1094-1125, 1130-1152, 1184, 1194-1201, 1206-1218, 1223-1235, 1240-1241, 1261-1322, 1344-1358
src\ui\task_history_dialog.py                       328    294    10%   44-76, 80-155, 159-163, 177-215, 227-250, 261-280, 284-311, 315-323, 327-330, 341-351, 364-386, 390-425, 439-449, 468-491, 500-533, 552-572, 576-619, 623-651, 664-669
src\ui\task_list_view.py                            891    380    57%   133, 137-140, 143, 164-175, 178-179, 197-199, 207-209, 221-229, 292-294, 338-339, 345, 453-454, 764-773, 804-810, 816-820, 844-845, 849-888, 900-909, 931, 939, 946, 953, 1016-1018, 1022-1028, 1080, 1096, 1117-1121, 1152, 1163-1165, 1178, 1198-1201, 1205-1206, 1210-1212, 1216, 1220-1230, 1234-1264, 1268-1283, 1287-1300, 1304-1329, 1333-1343, 1347-1441, 1445-1475, 1479-1506, 1510-1520, 1524-1551, 1562-1590, 1597-1611, 1615-1629, 1633-1636, 1640-1643, 1647-1658, 1663-1703, 1712-1760, 1769-1771, 1783-1801
src\ui\welcome_wizard.py                            121      9    93%   163-192
src\utils\__init__.py                                 0      0   100%
src\utils\contrast_checker.py                        69     69     0%   7-222
-------------------------------------------------------------------------------
TOTAL                                             12149   4441    63%
Coverage HTML written to dir htmlcov

Migration to notification system complete.
Migrating database to support notification system...
Migration to notification system complete.
Migrating database to support notification system...
Migration to notification system complete.
Migrating database to support notification system...
Migration to notification system complete.
Migrating database to support notification system...
Migration to notification system complete.
Migrating database to support notification system...
Migration to notification system complete.
Migrating database to support notification system...
Migration to notification system complete.
Database connected: C:\Users\cdavi\GitHub_Repos\OneTaskAtATime\resources\onetaskatatime.db
Database connection closed
Database connected: C:\Users\cdavi\GitHub_Repos\OneTaskAtATime\resources\onetaskatatime.db
Database connection closed
Database connected: C:\Users\cdavi\GitHub_Repos\OneTaskAtATime\resources\onetaskatatime.db
Database connection closed
Database connected: C:\Users\cdavi\GitHub_Repos\OneTaskAtATime\resources\onetaskatatime.db
Database connection closed
Database connected: C:\Users\cdavi\GitHub_Repos\OneTaskAtATime\resources\onetaskatatime.db
Database connection closed
Database connected: C:\Users\cdavi\GitHub_Repos\OneTaskAtATime\resources\onetaskatatime.db
Database connection closed
Database connected: C:\Users\cdavi\GitHub_Repos\OneTaskAtATime\resources\onetaskatatime.db
Database connection closed
Database connected: C:\Users\cdavi\GitHub_Repos\OneTaskAtATime\resources\onetaskatatime.db
Database connection closed
Database connected: C:\Users\cdavi\GitHub_Repos\OneTaskAtATime\resources\onetaskatatime.db
Database connection closed
Database connected: C:\Users\cdavi\GitHub_Repos\OneTaskAtATime\resources\onetaskatatime.db
Database connection closed
Database connected: C:\Users\cdavi\GitHub_Repos\OneTaskAtATime\resources\onetaskatatime.db
Database connection closed
Database connected: C:\Users\cdavi\GitHub_Repos\OneTaskAtATime\resources\onetaskatatime.db
Database connection closed
Database connected: C:\Users\cdavi\GitHub_Repos\OneTaskAtATime\resources\onetaskatatime.db
Database connection closed
Database connected: C:\Users\cdavi\GitHub_Repos\OneTaskAtATime\resources\onetaskatatime.db
Database connection closed
Database connected: C:\Users\cdavi\GitHub_Repos\OneTaskAtATime\resources\onetaskatatime.db
Database connection closed
Database connected: C:\Users\cdavi\GitHub_Repos\OneTaskAtATime\resources\onetaskatatime.db
Database connection closed
Database connected: C:\Users\cdavi\GitHub_Repos\OneTaskAtATime\resources\onetaskatatime.db
Database connection closed
Database connected: C:\Users\cdavi\GitHub_Repos\OneTaskAtATime\resources\onetaskatatime.db
Database connection closed
Database connected: C:\Users\cdavi\GitHub_Repos\OneTaskAtATime\resources\onetaskatatime.db
Database connection closed
Database connected: C:\Users\cdavi\GitHub_Repos\OneTaskAtATime\resources\onetaskatatime.db
Database connection closed
Database connected: C:\Users\cdavi\GitHub_Repos\OneTaskAtATime\resources\onetaskatatime.db
Database connection closed
Database connected: C:\Users\cdavi\GitHub_Repos\OneTaskAtATime\resources\onetaskatatime.db
Database connection closed
Database connected: C:\Users\cdavi\GitHub_Repos\OneTaskAtATime\resources\onetaskatatime.db
Database connection closed
Database connected: C:\Users\cdavi\GitHub_Repos\OneTaskAtATime\resources\onetaskatatime.db
Database connection closed
Database connected: C:\Users\cdavi\GitHub_Repos\OneTaskAtATime\resources\onetaskatatime.db
Database connection closed
Database connected: C:\Users\cdavi\GitHub_Repos\OneTaskAtATime\resources\onetaskatatime.db
Database connection closed
Database connected: C:\Users\cdavi\GitHub_Repos\OneTaskAtATime\resources\onetaskatatime.db
Database connection closed
Database connected: C:\Users\cdavi\GitHub_Repos\OneTaskAtATime\resources\onetaskatatime.db
Database connection closed
Database connected: C:\Users\cdavi\GitHub_Repos\OneTaskAtATime\resources\onetaskatatime.db
Database connection closed
Database connected: C:\Users\cdavi\GitHub_Repos\OneTaskAtATime\resources\onetaskatatime.db
Database connection closed
Database connected: C:\Users\cdavi\GitHub_Repos\OneTaskAtATime\resources\onetaskatatime.db
Database connection closed
Database connected: C:\Users\cdavi\GitHub_Repos\OneTaskAtATime\resources\onetaskatatime.db
Database connection closed
Database connected: C:\Users\cdavi\GitHub_Repos\OneTaskAtATime\resources\onetaskatatime.db
Database connection closed
Database connected: C:\Users\cdavi\GitHub_Repos\OneTaskAtATime\resources\onetaskatatime.db
Database connection closed
Database connected: C:\Users\cdavi\GitHub_Repos\OneTaskAtATime\resources\onetaskatatime.db
Database connection closed
Database connected: C:\Users\cdavi\GitHub_Repos\OneTaskAtATime\resources\onetaskatatime.db
Database connection closed
Database connected: C:\Users\cdavi\GitHub_Repos\OneTaskAtATime\resources\onetaskatatime.db
Database connection closed
Database connected: C:\Users\cdavi\GitHub_Repos\OneTaskAtATime\resources\onetaskatatime.db
Database connection closed
Database connected: C:\Users\cdavi\GitHub_Repos\OneTaskAtATime\resources\onetaskatatime.db
Database connection closed
Database connected: C:\Users\cdavi\GitHub_Repos\OneTaskAtATime\resources\onetaskatatime.db
Database connection closed
Database connected: C:\Users\cdavi\GitHub_Repos\OneTaskAtATime\resources\onetaskatatime.db
Database connection closed
Database connected: C:\Users\cdavi\GitHub_Repos\OneTaskAtATime\resources\onetaskatatime.db
Database connection closed
Database connected: C:\Users\cdavi\GitHub_Repos\OneTaskAtATime\resources\onetaskatatime.db
Database connection closed
Warning: Failed to save window geometry: Cannot operate on a closed database.
Database connected: C:\Users\cdavi\GitHub_Repos\OneTaskAtATime\resources\onetaskatatime.db
Database connection closed
Database connected: C:\Users\cdavi\GitHub_Repos\OneTaskAtATime\resources\onetaskatatime.db
Database connection closed
Warning: Failed to save window geometry: Cannot operate on a closed database.
Database connected: C:\Users\cdavi\GitHub_Repos\OneTaskAtATime\resources\onetaskatatime.db
Database connection closed
Warning: Failed to save window geometry: Cannot operate on a closed database.
Database connected: C:\Users\cdavi\GitHub_Repos\OneTaskAtATime\resources\onetaskatatime.db
Database connection closed
Database connected: C:\Users\cdavi\GitHub_Repos\OneTaskAtATime\resources\onetaskatatime.db
Database connection closed
Database connected: C:\Users\cdavi\GitHub_Repos\OneTaskAtATime\resources\onetaskatatime.db
Database connection closed
Database connected: C:\Users\cdavi\GitHub_Repos\OneTaskAtATime\resources\onetaskatatime.db
Database connection closed
Database connected: C:\Users\cdavi\GitHub_Repos\OneTaskAtATime\resources\onetaskatatime.db
Database connection closed
Database connected: C:\Users\cdavi\GitHub_Repos\OneTaskAtATime\resources\onetaskatatime.db
Database connection closed
Database connected: C:\Users\cdavi\GitHub_Repos\OneTaskAtATime\resources\onetaskatatime.db
Database connection closed
Database connected: C:\Users\cdavi\GitHub_Repos\OneTaskAtATime\resources\onetaskatatime.db
Database connection closed
Database connected: C:\Users\cdavi\GitHub_Repos\OneTaskAtATime\resources\onetaskatatime.db
Database connection closed
Database connected: C:\Users\cdavi\GitHub_Repos\OneTaskAtATime\resources\onetaskatatime.db
Database connection closed
Database connected: C:\Users\cdavi\GitHub_Repos\OneTaskAtATime\resources\onetaskatatime.db
