============================= test session starts =============================
collecting ... collected 1317 items

tests/commands/test_change_priority_command.py::test_execute_changes_priority PASSED
tests/commands/test_change_priority_command.py::test_execute_resets_elo_rating PASSED
tests/commands/test_change_priority_command.py::test_undo_restores_original_priority PASSED
tests/commands/test_change_priority_command.py::test_undo_restores_original_elo PASSED
tests/commands/test_change_priority_command.py::test_get_description_shows_priority_change PASSED
tests/commands/test_change_priority_command.py::test_execute_with_same_priority PASSED
tests/commands/test_change_state_command.py::TestChangeStateCommandExecute::test_execute_changes_to_completed PASSED
tests/commands/test_change_state_command.py::TestChangeStateCommandExecute::test_execute_changes_to_someday PASSED
tests/commands/test_change_state_command.py::TestChangeStateCommandExecute::test_execute_changes_to_trash PASSED
tests/commands/test_change_state_command.py::TestChangeStateCommandExecute::test_execute_changes_to_active PASSED
tests/commands/test_change_state_command.py::TestChangeStateCommandExecute::test_execute_stores_original_state PASSED
tests/commands/test_change_state_command.py::TestChangeStateCommandExecute::test_execute_stores_task_title PASSED
tests/commands/test_change_state_command.py::TestChangeStateCommandExecute::test_execute_returns_false_for_nonexistent_task PASSED
tests/commands/test_change_state_command.py::TestChangeStateCommandExecute::test_execute_all_state_transitions PASSED
tests/commands/test_change_state_command.py::TestChangeStateCommandUndo::test_undo_restores_original_state PASSED
tests/commands/test_change_state_command.py::TestChangeStateCommandUndo::test_undo_without_execute_has_no_original_state PASSED
tests/commands/test_change_state_command.py::TestChangeStateCommandUndo::test_undo_after_multiple_state_changes PASSED
tests/commands/test_change_state_command.py::TestChangeStateCommandUndo::test_undo_returns_false_for_deleted_task PASSED
tests/commands/test_change_state_command.py::TestChangeStateCommandGetDescription::test_get_description_for_complete PASSED
tests/commands/test_change_state_command.py::TestChangeStateCommandGetDescription::test_get_description_for_someday PASSED
tests/commands/test_change_state_command.py::TestChangeStateCommandGetDescription::test_get_description_for_trash PASSED
tests/commands/test_change_state_command.py::TestChangeStateCommandGetDescription::test_get_description_for_activate PASSED
tests/commands/test_change_state_command.py::TestChangeStateCommandGetDescription::test_get_description_before_execute PASSED
tests/commands/test_change_state_command.py::TestChangeStateCommandEdgeCases::test_change_to_same_state PASSED
tests/commands/test_change_state_command.py::TestChangeStateCommandEdgeCases::test_command_with_deferred_state PASSED
tests/commands/test_change_state_command.py::TestChangeStateCommandEdgeCases::test_command_with_delegated_state PASSED
tests/commands/test_change_state_command.py::TestChangeStateCommandEdgeCases::test_execute_undo_cycle PASSED
tests/commands/test_change_state_command.py::TestChangeStateCommandEdgeCases::test_undo_preserves_other_task_fields PASSED
tests/commands/test_complete_task_command.py::test_execute_completes_task PASSED
tests/commands/test_complete_task_command.py::test_undo_restores_active_state PASSED
tests/commands/test_complete_task_command.py::test_get_description_includes_title PASSED
tests/commands/test_complete_task_command.py::test_execute_with_invalid_task_id PASSED
tests/commands/test_complete_task_command.py::test_undo_with_invalid_task_id PASSED
tests/commands/test_complete_task_command.py::test_preserves_completed_at_on_undo PASSED
tests/commands/test_defer_task_command.py::TestDeferTaskCommandExecute::test_execute_defers_active_task PASSED
tests/commands/test_defer_task_command.py::TestDeferTaskCommandExecute::test_execute_stores_original_state PASSED
tests/commands/test_defer_task_command.py::TestDeferTaskCommandExecute::test_execute_with_invalid_task_id PASSED
tests/commands/test_defer_task_command.py::TestDeferTaskCommandExecute::test_execute_can_re_defer_already_deferred PASSED
tests/commands/test_defer_task_command.py::TestDeferTaskCommandUndo::test_undo_restores_active_state PASSED
tests/commands/test_defer_task_command.py::TestDeferTaskCommandUndo::test_undo_restores_previous_deferred_state PASSED
tests/commands/test_defer_task_command.py::TestDeferTaskCommandUndo::test_undo_with_deleted_task PASSED
tests/commands/test_defer_task_command.py::TestDeferTaskCommandDescription::test_get_description_includes_title PASSED
tests/commands/test_defer_task_command.py::TestDeferTaskCommandDescription::test_get_description_includes_date PASSED
tests/commands/test_defer_task_command.py::TestDeferTaskCommandDescription::test_get_description_before_execute PASSED
tests/commands/test_defer_task_command.py::TestDeferTaskCommandEdgeCases::test_defer_to_past_date PASSED
tests/commands/test_defer_task_command.py::TestDeferTaskCommandEdgeCases::test_defer_to_today PASSED
tests/commands/test_defer_task_command.py::TestDeferTaskCommandEdgeCases::test_defer_with_reason PASSED
tests/commands/test_defer_with_dependencies_command.py::TestCommandExecution::test_execute_defer_with_dependencies PASSED
tests/commands/test_defer_with_dependencies_command.py::TestCommandExecution::test_execute_saves_original_state PASSED
tests/commands/test_defer_with_dependencies_command.py::TestCommandExecution::test_execute_with_created_blocking_tasks PASSED
tests/commands/test_defer_with_dependencies_command.py::TestCommandExecution::test_execute_fails_for_nonexistent_task PASSED
tests/commands/test_defer_with_dependencies_command.py::TestCommandUndo::test_undo_restores_original_state PASSED
tests/commands/test_defer_with_dependencies_command.py::TestCommandUndo::test_undo_removes_dependencies PASSED
tests/commands/test_defer_with_dependencies_command.py::TestCommandUndo::test_undo_moves_created_blockers_to_trash PASSED
tests/commands/test_defer_with_dependencies_command.py::TestCommandUndo::test_undo_fails_for_nonexistent_task PASSED
tests/commands/test_defer_with_dependencies_command.py::TestCommandRedo::test_redo_reapplies_defer PASSED
tests/commands/test_defer_with_dependencies_command.py::TestCommandRedo::test_redo_restores_created_blockers PASSED
tests/commands/test_defer_with_dependencies_command.py::TestCommandRedo::test_redo_recreates_dependencies PASSED
tests/commands/test_defer_with_dependencies_command.py::TestCommandDescription::test_get_description_with_title PASSED
tests/commands/test_defer_with_dependencies_command.py::TestCommandDescription::test_get_description_pluralization PASSED
tests/commands/test_defer_with_dependencies_command.py::TestCommandDescription::test_get_description_without_title PASSED
tests/commands/test_defer_with_dependencies_command.py::TestCircularDependencyHandling::test_handles_circular_dependency_during_redo PASSED
tests/commands/test_defer_with_subtasks_command.py::TestCommandExecution::test_execute_creates_subtasks PASSED
tests/commands/test_defer_with_subtasks_command.py::TestCommandExecution::test_execute_defers_original_when_keep PASSED
tests/commands/test_defer_with_subtasks_command.py::TestCommandExecution::test_execute_trashes_original_when_delete PASSED
tests/commands/test_defer_with_subtasks_command.py::TestCommandExecution::test_execute_creates_dependencies_when_keep PASSED
tests/commands/test_defer_with_subtasks_command.py::TestCommandExecution::test_execute_no_dependencies_when_delete PASSED
tests/commands/test_defer_with_subtasks_command.py::TestCommandExecution::test_execute_saves_original_state PASSED
tests/commands/test_defer_with_subtasks_command.py::TestCommandUndo::test_undo_restores_original_state PASSED
tests/commands/test_defer_with_subtasks_command.py::TestCommandUndo::test_undo_moves_subtasks_to_trash PASSED
tests/commands/test_defer_with_subtasks_command.py::TestCommandUndo::test_undo_removes_dependencies PASSED
tests/commands/test_defer_with_subtasks_command.py::TestCommandRedo::test_redo_restores_subtasks_from_trash PASSED
tests/commands/test_defer_with_subtasks_command.py::TestCommandRedo::test_redo_recreates_dependencies PASSED
tests/commands/test_defer_with_subtasks_command.py::TestCommandRedo::test_redo_reapplies_defer PASSED
tests/commands/test_defer_with_subtasks_command.py::TestCommandDescription::test_get_description_with_title PASSED
tests/commands/test_defer_with_subtasks_command.py::TestCommandDescription::test_get_description_pluralization PASSED
tests/commands/test_defer_with_subtasks_command.py::TestProjectTagInheritance::test_subtasks_inherit_project_tags PASSED
tests/commands/test_defer_with_subtasks_command.py::TestEdgeCases::test_execute_fails_for_nonexistent_task PASSED
tests/commands/test_defer_with_subtasks_command.py::TestEdgeCases::test_undo_fails_for_nonexistent_task PASSED
tests/commands/test_delegate_task_command.py::TestDelegateTaskCommandExecute::test_execute_delegates_active_task PASSED
tests/commands/test_delegate_task_command.py::TestDelegateTaskCommandExecute::test_execute_stores_original_state PASSED
tests/commands/test_delegate_task_command.py::TestDelegateTaskCommandExecute::test_execute_with_invalid_task_id PASSED
tests/commands/test_delegate_task_command.py::TestDelegateTaskCommandExecute::test_execute_can_re_delegate PASSED
tests/commands/test_delegate_task_command.py::TestDelegateTaskCommandUndo::test_undo_restores_active_state PASSED
tests/commands/test_delegate_task_command.py::TestDelegateTaskCommandUndo::test_undo_restores_previous_delegation PASSED
tests/commands/test_delegate_task_command.py::TestDelegateTaskCommandUndo::test_undo_with_deleted_task PASSED
tests/commands/test_delegate_task_command.py::TestDelegateTaskCommandDescription::test_get_description_includes_title PASSED
tests/commands/test_delegate_task_command.py::TestDelegateTaskCommandDescription::test_get_description_includes_delegatee PASSED
tests/commands/test_delegate_task_command.py::TestDelegateTaskCommandDescription::test_get_description_before_execute PASSED
tests/commands/test_delegate_task_command.py::TestDelegateTaskCommandEdgeCases::test_delegate_with_empty_name PASSED
tests/commands/test_delegate_task_command.py::TestDelegateTaskCommandEdgeCases::test_delegate_with_past_follow_up PASSED
tests/commands/test_delegate_task_command.py::TestDelegateTaskCommandEdgeCases::test_delegate_with_today_follow_up PASSED
tests/commands/test_delegate_task_command.py::TestDelegateTaskCommandEdgeCases::test_delegate_to_long_name PASSED
tests/commands/test_delegate_task_command.py::TestDelegateTaskCommandEdgeCases::test_delegate_preserves_other_fields PASSED
tests/commands/test_delete_task_command.py::test_execute_deletes_task PASSED
tests/commands/test_delete_task_command.py::test_undo_restores_deleted_task PASSED
tests/commands/test_delete_task_command.py::test_get_description_includes_title PASSED
tests/commands/test_delete_task_command.py::test_execute_with_invalid_task_id PASSED
tests/commands/test_delete_task_command.py::test_undo_without_execute PASSED
tests/commands/test_delete_task_command.py::test_multiple_undo_redo_cycles PASSED
tests/commands/test_edit_task_command.py::TestEditTaskCommandExecute::test_execute_updates_title PASSED
tests/commands/test_edit_task_command.py::TestEditTaskCommandExecute::test_execute_updates_description PASSED
tests/commands/test_edit_task_command.py::TestEditTaskCommandExecute::test_execute_updates_priority PASSED
tests/commands/test_edit_task_command.py::TestEditTaskCommandExecute::test_execute_updates_due_date PASSED
tests/commands/test_edit_task_command.py::TestEditTaskCommandExecute::test_execute_updates_multiple_fields PASSED
tests/commands/test_edit_task_command.py::TestEditTaskCommandExecute::test_execute_preserves_task_id PASSED
tests/commands/test_edit_task_command.py::TestEditTaskCommandExecute::test_execute_stores_original_for_undo PASSED
tests/commands/test_edit_task_command.py::TestEditTaskCommandExecute::test_execute_returns_false_for_nonexistent_task PASSED
tests/commands/test_edit_task_command.py::TestEditTaskCommandExecute::test_execute_does_not_change_state PASSED
tests/commands/test_edit_task_command.py::TestEditTaskCommandUndo::test_undo_restores_original_title PASSED
tests/commands/test_edit_task_command.py::TestEditTaskCommandUndo::test_undo_restores_all_original_fields PASSED
tests/commands/test_edit_task_command.py::TestEditTaskCommandUndo::test_undo_returns_false_without_execute PASSED
tests/commands/test_edit_task_command.py::TestEditTaskCommandUndo::test_multiple_execute_undo_cycles PASSED
tests/commands/test_edit_task_command.py::TestEditTaskCommandGetDescription::test_get_description_after_execute PASSED
tests/commands/test_edit_task_command.py::TestEditTaskCommandGetDescription::test_get_description_before_execute PASSED
tests/commands/test_edit_task_command.py::TestEditTaskCommandEdgeCases::test_edit_with_empty_title PASSED
tests/commands/test_edit_task_command.py::TestEditTaskCommandEdgeCases::test_edit_clears_description PASSED
tests/commands/test_edit_task_command.py::TestEditTaskCommandEdgeCases::test_edit_preserves_unchanged_fields PASSED
tests/database/test_notification_dao.py::TestNotificationDAO::test_create_basic_notification PASSED
tests/database/test_notification_dao.py::TestNotificationDAO::test_create_notification_with_all_fields PASSED
tests/database/test_notification_dao.py::TestNotificationDAO::test_create_notification_with_existing_id_raises_error PASSED
tests/database/test_notification_dao.py::TestNotificationDAO::test_get_by_id PASSED
tests/database/test_notification_dao.py::TestNotificationDAO::test_get_by_id_not_found PASSED
tests/database/test_notification_dao.py::TestNotificationDAO::test_get_all PASSED
tests/database/test_notification_dao.py::TestNotificationDAO::test_get_all_excludes_dismissed_by_default PASSED
tests/database/test_notification_dao.py::TestNotificationDAO::test_get_all_includes_dismissed_when_requested PASSED
tests/database/test_notification_dao.py::TestNotificationDAO::test_get_unread PASSED
tests/database/test_notification_dao.py::TestNotificationDAO::test_get_unread_excludes_dismissed PASSED
tests/database/test_notification_dao.py::TestNotificationDAO::test_mark_read PASSED
tests/database/test_notification_dao.py::TestNotificationDAO::test_mark_read_not_found PASSED
tests/database/test_notification_dao.py::TestNotificationDAO::test_mark_unread PASSED
tests/database/test_notification_dao.py::TestNotificationDAO::test_mark_unread_not_found PASSED
tests/database/test_notification_dao.py::TestNotificationDAO::test_mark_all_read PASSED
tests/database/test_notification_dao.py::TestNotificationDAO::test_mark_all_read_no_unread PASSED
tests/database/test_notification_dao.py::TestNotificationDAO::test_dismiss PASSED
tests/database/test_notification_dao.py::TestNotificationDAO::test_dismiss_not_found PASSED
tests/database/test_notification_dao.py::TestNotificationDAO::test_delete PASSED
tests/database/test_notification_dao.py::TestNotificationDAO::test_delete_not_found PASSED
tests/database/test_notification_dao.py::TestNotificationDAO::test_delete_old_notifications PASSED
tests/database/test_notification_dao.py::TestNotificationDAO::test_delete_old_notifications_none_old PASSED
tests/database/test_notification_dao.py::TestNotificationDAO::test_notification_types PASSED
tests/database/test_notification_dao.py::TestNotificationDAO::test_action_data_json_serialization PASSED
tests/database/test_notification_dao.py::TestNotificationDAO::test_get_all_ordered_by_created_at_desc PASSED
tests/database/test_postpone_history_dao.py::TestPostponeHistoryDAO::test_create_basic_record PASSED
tests/database/test_postpone_history_dao.py::TestPostponeHistoryDAO::test_create_record_with_all_fields PASSED
tests/database/test_postpone_history_dao.py::TestPostponeHistoryDAO::test_create_record_with_existing_id_raises_error PASSED
tests/database/test_postpone_history_dao.py::TestPostponeHistoryDAO::test_create_auto_sets_postponed_at PASSED
tests/database/test_postpone_history_dao.py::TestPostponeHistoryDAO::test_get_by_id PASSED
tests/database/test_postpone_history_dao.py::TestPostponeHistoryDAO::test_get_by_id_not_found PASSED
tests/database/test_postpone_history_dao.py::TestPostponeHistoryDAO::test_get_by_task_id PASSED
tests/database/test_postpone_history_dao.py::TestPostponeHistoryDAO::test_get_by_task_id_with_limit PASSED
tests/database/test_postpone_history_dao.py::TestPostponeHistoryDAO::test_get_by_task_id_empty PASSED
tests/database/test_postpone_history_dao.py::TestPostponeHistoryDAO::test_get_by_reason_type PASSED
tests/database/test_postpone_history_dao.py::TestPostponeHistoryDAO::test_get_by_reason_type_with_limit PASSED
tests/database/test_postpone_history_dao.py::TestPostponeHistoryDAO::test_get_recent PASSED
tests/database/test_postpone_history_dao.py::TestPostponeHistoryDAO::test_get_recent_with_custom_days PASSED
tests/database/test_postpone_history_dao.py::TestPostponeHistoryDAO::test_delete_by_task_id PASSED
tests/database/test_postpone_history_dao.py::TestPostponeHistoryDAO::test_delete_by_task_id_no_records PASSED
tests/database/test_postpone_history_dao.py::TestPostponeHistoryDAO::test_get_all PASSED
tests/database/test_postpone_history_dao.py::TestPostponeHistoryDAO::test_get_all_empty PASSED
tests/database/test_postpone_history_dao.py::TestPostponeHistoryDAO::test_all_reason_types PASSED
tests/database/test_postpone_history_dao.py::TestPostponeHistoryDAO::test_all_action_taken_types PASSED
tests/database/test_postpone_history_dao.py::TestPostponeHistoryDAO::test_record_with_long_notes PASSED
tests/database/test_project_tag_dao.py::TestProjectTagDAO::test_create_basic_tag PASSED
tests/database/test_project_tag_dao.py::TestProjectTagDAO::test_create_tag_with_all_fields PASSED
tests/database/test_project_tag_dao.py::TestProjectTagDAO::test_create_tag_with_existing_id_raises_error PASSED
tests/database/test_project_tag_dao.py::TestProjectTagDAO::test_create_duplicate_name_raises_error PASSED
tests/database/test_project_tag_dao.py::TestProjectTagDAO::test_get_by_id PASSED
tests/database/test_project_tag_dao.py::TestProjectTagDAO::test_get_by_id_not_found PASSED
tests/database/test_project_tag_dao.py::TestProjectTagDAO::test_get_by_name PASSED
tests/database/test_project_tag_dao.py::TestProjectTagDAO::test_get_by_name_not_found PASSED
tests/database/test_project_tag_dao.py::TestProjectTagDAO::test_get_all_tags PASSED
tests/database/test_project_tag_dao.py::TestProjectTagDAO::test_get_all_empty PASSED
tests/database/test_project_tag_dao.py::TestProjectTagDAO::test_get_tags_for_task PASSED
tests/database/test_project_tag_dao.py::TestProjectTagDAO::test_get_tags_for_task_no_tags PASSED
tests/database/test_project_tag_dao.py::TestProjectTagDAO::test_update_tag PASSED
tests/database/test_project_tag_dao.py::TestProjectTagDAO::test_update_tag_without_id_raises_error PASSED
tests/database/test_project_tag_dao.py::TestProjectTagDAO::test_delete_tag PASSED
tests/database/test_project_tag_dao.py::TestProjectTagDAO::test_delete_nonexistent_tag PASSED
tests/database/test_project_tag_dao.py::TestProjectTagDAO::test_delete_tag_cascades_to_task_associations PASSED
tests/database/test_settings_dao.py::TestSettingsDAO::test_set_and_get_string PASSED
tests/database/test_settings_dao.py::TestSettingsDAO::test_set_and_get_integer PASSED
tests/database/test_settings_dao.py::TestSettingsDAO::test_set_and_get_float PASSED
tests/database/test_settings_dao.py::TestSettingsDAO::test_set_and_get_boolean_true PASSED
tests/database/test_settings_dao.py::TestSettingsDAO::test_set_and_get_boolean_false PASSED
tests/database/test_settings_dao.py::TestSettingsDAO::test_set_and_get_json PASSED
tests/database/test_settings_dao.py::TestSettingsDAO::test_get_nonexistent_returns_default PASSED
tests/database/test_settings_dao.py::TestSettingsDAO::test_get_nonexistent_returns_none PASSED
tests/database/test_settings_dao.py::TestSettingsDAO::test_set_with_description PASSED
tests/database/test_settings_dao.py::TestSettingsDAO::test_set_overwrites_existing PASSED
tests/database/test_settings_dao.py::TestSettingsDAO::test_get_int PASSED
tests/database/test_settings_dao.py::TestSettingsDAO::test_get_int_default PASSED
tests/database/test_settings_dao.py::TestSettingsDAO::test_get_str PASSED
tests/database/test_settings_dao.py::TestSettingsDAO::test_get_str_default PASSED
tests/database/test_settings_dao.py::TestSettingsDAO::test_get_bool PASSED
tests/database/test_settings_dao.py::TestSettingsDAO::test_get_bool_default PASSED
tests/database/test_settings_dao.py::TestSettingsDAO::test_get_bool_from_string PASSED
tests/database/test_settings_dao.py::TestSettingsDAO::test_get_float PASSED
tests/database/test_settings_dao.py::TestSettingsDAO::test_get_float_default PASSED
tests/database/test_settings_dao.py::TestSettingsDAO::test_get_datetime PASSED
tests/database/test_settings_dao.py::TestSettingsDAO::test_get_datetime_default PASSED
tests/database/test_settings_dao.py::TestSettingsDAO::test_get_datetime_invalid_returns_default PASSED
tests/database/test_settings_dao.py::TestSettingsDAO::test_get_all PASSED
tests/database/test_settings_dao.py::TestSettingsDAO::test_get_all_empty PASSED
tests/database/test_settings_dao.py::TestSettingsDAO::test_delete PASSED
tests/database/test_settings_dao.py::TestSettingsDAO::test_delete_nonexistent PASSED
tests/database/test_settings_dao.py::TestSettingsDAO::test_boolean_conversion_with_actual_booleans PASSED
tests/database/test_settings_dao.py::TestSettingsDAO::test_boolean_storage_stores_normalized_values PASSED
tests/database/test_settings_dao.py::TestSettingsDAO::test_json_empty_list PASSED
tests/database/test_settings_dao.py::TestSettingsDAO::test_json_empty_dict PASSED
tests/database/test_task_history_dao.py::TestTaskHistoryDAO::test_create_event PASSED
tests/database/test_task_history_dao.py::TestTaskHistoryDAO::test_create_event_with_all_fields PASSED
tests/database/test_task_history_dao.py::TestTaskHistoryDAO::test_get_by_id PASSED
tests/database/test_task_history_dao.py::TestTaskHistoryDAO::test_get_by_id_not_found PASSED
tests/database/test_task_history_dao.py::TestTaskHistoryDAO::test_get_by_task_id PASSED
tests/database/test_task_history_dao.py::TestTaskHistoryDAO::test_get_by_task_id_with_limit PASSED
tests/database/test_task_history_dao.py::TestTaskHistoryDAO::test_get_by_task_id_empty PASSED
tests/database/test_task_history_dao.py::TestTaskHistoryDAO::test_get_recent PASSED
tests/database/test_task_history_dao.py::TestTaskHistoryDAO::test_get_recent_with_limit PASSED
tests/database/test_task_history_dao.py::TestTaskHistoryDAO::test_get_by_type PASSED
tests/database/test_task_history_dao.py::TestTaskHistoryDAO::test_get_date_range PASSED
tests/database/test_task_history_dao.py::TestTaskHistoryDAO::test_delete_by_task_id PASSED
tests/database/test_task_history_dao.py::TestTaskHistoryDAO::test_delete_by_task_id_no_events PASSED
tests/database/test_task_history_dao.py::TestTaskHistoryDAO::test_get_count_by_task PASSED
tests/database/test_task_history_dao.py::TestTaskHistoryDAO::test_get_count_by_task_empty PASSED
tests/database/test_task_history_dao.py::TestTaskHistoryDAO::test_get_count_by_type PASSED
tests/database/test_task_history_dao.py::TestTaskHistoryDAO::test_event_type_enum_conversion PASSED
tests/database/test_task_history_dao.py::TestTaskHistoryDAO::test_all_event_types PASSED
tests/e2e/test_concurrency.py::TestConcurrency::test_resurfacing_during_user_action PASSED
tests/e2e/test_concurrency.py::TestConcurrency::test_notification_during_dialog PASSED
tests/e2e/test_concurrency.py::TestConcurrency::test_multiple_comparison_dialogs PASSED
tests/e2e/test_concurrency.py::TestConcurrency::test_scheduler_and_ui_thread_interaction PASSED
tests/e2e/test_core_workflows.py::TestCoreWorkflows::test_task_lifecycle_active_to_completed PASSED
tests/e2e/test_core_workflows.py::TestCoreWorkflows::test_task_lifecycle_defer_workflow PASSED
tests/e2e/test_core_workflows.py::TestCoreWorkflows::test_task_lifecycle_delegate_workflow PASSED
tests/e2e/test_core_workflows.py::TestCoreWorkflows::test_task_lifecycle_someday_workflow PASSED
tests/e2e/test_core_workflows.py::TestCoreWorkflows::test_comparison_ranking_workflow PASSED
tests/e2e/test_core_workflows.py::TestCoreWorkflows::test_dependency_blocking_workflow PASSED
tests/e2e/test_core_workflows.py::TestCoreWorkflows::test_defer_with_blocker_workflow PASSED
tests/e2e/test_core_workflows.py::TestCoreWorkflows::test_undo_redo_complete_workflow Migrating database to support notification system...
Migration to notification system complete.
Migrating database to support notification system...
Migration to notification system complete.
Migrating database to support notification system...
Migration to notification system complete.
Migrating database to support notification system...
Migration to notification system complete.
Migrating database to support notification system...
Migration to notification system complete.
Migrating database to support notification system...
Migration to notification system complete.
Migrating database to support notification system...
Migration to notification system complete.
Migrating database to support notification system...
Migration to notification system complete.
Migrating database to support notification system...
Migration to notification system complete.
Migrating database to support notification system...
Migration to notification system complete.
Migrating database to support notification system...
Migration to notification system complete.
Migrating database to support notification system...
Migration to notification system complete.
Migrating database to support notification system...
Migration to notification system complete.
Migrating database to support notification system...
Migration to notification system complete.
Migrating database to support notification system...
Migration to notification system complete.
Migrating database to support notification system...
Migration to notification system complete.
Migrating database to support notification system...
Migration to notification system complete.
Migrating database to support notification system...
Migration to notification system complete.
Migrating database to support notification system...
Migration to notification system complete.
Migrating database to support notification system...
Migration to notification system complete.
Migrating database to support notification system...
Migration to notification system complete.
Migrating database to support notification system...
Migration to notification system complete.
Migrating database to support notification system...
Migration to notification system complete.
Migrating database to support notification system...
Migration to notification system complete.
Migrating database to support notification system...
Migration to notification system complete.
Migrating database to support notification system...
Migration to notification system complete.
Migrating database to support notification system...
Migration to notification system complete.
Migrating database to support notification system...
Migration to notification system complete.
Migrating database to support notification system...
Migration to notification system complete.
Migrating database to support notification system...
Migration to notification system complete.
Migrating database to support notification system...
Migration to notification system complete.
Migrating database to support notification system...
Migration to notification system complete.
Migrating database to support notification system...
Migration to notification system complete.
Migrating database to support notification system...
Migration to notification system complete.
Migrating database to support notification system...
Migration to notification system complete.
Migrating database to support notification system...
Migration to notification system complete.
Migrating database to support notification system...
Migration to notification system complete.
Migrating database to support notification system...
Migration to notification system complete.
Migrating database to support notification system...
Migration to notification system complete.
Migrating database to support notification system...
Migration to notification system complete.
Migrating database to support notification system...
Migration to notification system complete.
Migrating database to support notification system...
Migration to notification system complete.
Migrating database to support notification system...
Migration to notification system complete.
Migrating database to support notification system...
Migration to notification system complete.
Migrating database to support notification system...
Migration to notification system complete.
Migrating database to support notification system...
Migration to notification system complete.
Migrating database to support notification system...
Migration to notification system complete.
Migrating database to support notification system...
Migration to notification system complete.
Migrating database to support notification system...
Migration to notification system complete.
Migrating database to support notification system...
Migration to notification system complete.
Migrating database to support notification system...
Migration to notification system complete.
Migrating database to support notification system...
Migration to notification system complete.
Migrating database to support notification system...
Migration to notification system complete.
Migrating database to support notification system...
Migration to notification system complete.
Migrating database to support notification system...
Migration to notification system complete.
Migrating database to support notification system...
Migration to notification system complete.
Migrating database to support notification system...
Migration to notification system complete.
Migrating database to support notification system...
Migration to notification system complete.

  âœ“ Concurrent operations: Both succeeded without conflicts
Database connection closed
Warning: Failed to save window geometry: Cannot operate on a closed database.
Migrating database to support notification system...
Migration to notification system complete.

  Multiple notifications created concurrently
  âœ“ Concurrent notifications: Handled gracefully
Database connection closed
Warning: Failed to save window geometry: Cannot operate on a closed database.
Migrating database to support notification system...
Migration to notification system complete.

  âœ“ Multiple comparison attempts: Handled correctly
Database connection closed
Warning: Failed to save window geometry: Cannot operate on a closed database.
Migrating database to support notification system...
Migration to notification system complete.

  âœ“ Scheduler/UI interaction: No race conditions detected
Database connection closed
Warning: Failed to save window geometry: Cannot operate on a closed database.
Migrating database to support notification system...
Migration to notification system complete.
Database connection closed
Warning: Failed to save window geometry: Cannot operate on a closed database.
Migrating database to support notification system...
Migration to notification system complete.
Database connection closed
Warning: Failed to save window geometry: Cannot operate on a closed database.
Migrating database to support notification system...
Migration to notification system complete.
Database connection closed
Warning: Failed to save window geometry: Cannot operate on a closed database.
Migrating database to support notification system...
Migration to notification system complete.
Database connection closed
Warning: Failed to save window geometry: Cannot operate on a closed database.
Migrating database to support notification system...
Migration to notification system complete.
Database connection closed
Warning: Failed to save window geometry: Cannot operate on a closed database.
Migrating database to support notification system...
Migration to notification system complete.
Database connection closed
Warning: Failed to save window geometry: Cannot operate on a closed database.
Migrating database to support notification system...
Migration to notification system complete.
Database connection closed
Warning: Failed to save window geometry: Cannot operate on a closed database.
Migrating database to support notification system...
Migration to notification system complete.PASSED
tests/e2e/test_core_workflows.py::TestCoreWorkflows::test_context_filtering_workflow PASSED
tests/e2e/test_core_workflows.py::TestCoreWorkflows::test_keyboard_shortcuts_workflow PASSED
tests/e2e/test_core_workflows.py::TestCoreWorkflows::test_export_import_workflow PASSED
tests/e2e/test_edge_cases.py::TestEdgeCases::test_circular_dependency_detection PASSED
tests/e2e/test_edge_cases.py::TestEdgeCases::test_self_dependency_prevention PASSED
tests/e2e/test_edge_cases.py::TestEdgeCases::test_empty_title_task_creation PASSED
tests/e2e/test_edge_cases.py::TestEdgeCases::test_task_with_no_priority PASSED
tests/e2e/test_edge_cases.py::TestEdgeCases::test_task_with_past_due_date PASSED
tests/e2e/test_edge_cases.py::TestEdgeCases::test_defer_without_start_date PASSED
tests/e2e/test_edge_cases.py::TestEdgeCases::test_delegate_without_follow_up PASSED
tests/e2e/test_edge_cases.py::TestEdgeCases::test_comparison_with_single_task PASSED
tests/e2e/test_edge_cases.py::TestEdgeCases::test_complete_already_completed_task PASSED
tests/e2e/test_edge_cases.py::TestEdgeCases::test_undo_when_stack_empty PASSED
tests/e2e/test_edge_cases.py::TestEdgeCases::test_import_malformed_json PASSED
tests/e2e/test_edge_cases.py::TestEdgeCases::test_database_locked_error PASSED
tests/e2e/test_resurfacing_system.py::TestResurfacingSystem::test_deferred_task_auto_activation PASSED
tests/e2e/test_resurfacing_system.py::TestResurfacingSystem::test_delegated_task_follow_up_notification PASSED
tests/e2e/test_resurfacing_system.py::TestResurfacingSystem::test_someday_periodic_review_trigger PASSED
tests/e2e/test_resurfacing_system.py::TestResurfacingSystem::test_multiple_deferred_tasks_batch_activation PASSED
tests/e2e/test_resurfacing_system.py::TestResurfacingSystem::test_notification_panel_integration PASSED
tests/e2e/test_resurfacing_system.py::TestResurfacingSystem::test_postpone_pattern_intervention PASSED
tests/e2e/test_resurfacing_system.py::TestResurfacingSystem::test_scheduler_recovery_after_restart PASSED
tests/e2e/test_resurfacing_system.py::TestResurfacingSystem::test_resurfacing_with_dependencies PASSED
tests/e2e/test_state_transitions.py::TestStateTransitions::test_transition_active_to_completed PASSED
tests/e2e/test_state_transitions.py::TestStateTransitions::test_transition_active_to_deferred PASSED
tests/e2e/test_state_transitions.py::TestStateTransitions::test_transition_active_to_delegated PASSED
tests/e2e/test_state_transitions.py::TestStateTransitions::test_transition_active_to_someday PASSED
tests/e2e/test_state_transitions.py::TestStateTransitions::test_transition_active_to_trash PASSED
tests/e2e/test_state_transitions.py::TestStateTransitions::test_transition_deferred_to_active PASSED
tests/e2e/test_state_transitions.py::TestStateTransitions::test_transition_delegated_to_active PASSED
tests/e2e/test_state_transitions.py::TestStateTransitions::test_transition_someday_to_active PASSED
tests/e2e/test_state_transitions.py::TestStateTransitions::test_transition_trash_to_active PASSED
tests/e2e/test_state_transitions.py::TestStateTransitions::test_transition_completed_to_active PASSED
tests/e2e/test_state_transitions.py::TestStateTransitions::test_multiple_state_transitions PASSED
tests/e2e/test_state_transitions.py::TestStateTransitions::test_state_transition_with_dependencies PASSED
tests/integration/test_database_integrity.py::TestDatabaseIntegrity::test_foreign_key_constraints FAILED
tests/integration/test_database_integrity.py::TestDatabaseIntegrity::test_transaction_rollback FAILED
tests/integration/test_database_integrity.py::TestDatabaseIntegrity::test_database_backup_restore PASSED
tests/integration/test_database_integrity.py::TestDatabaseIntegrity::test_schema_consistency FAILED
tests/integration/test_database_integrity.py::TestDatabaseIntegrity::test_concurrent_writes PASSED
tests/integration/test_database_integrity.py::TestDatabaseIntegrity::test_database_size_limits 
Database connection closed
Warning: Failed to save window geometry: Cannot operate on a closed database.
Migrating database to support notification system...
Migration to notification system complete.
Database connection closed
Warning: Failed to save window geometry: Cannot operate on a closed database.
Migrating database to support notification system...
Migration to notification system complete.
Database connection closed
Warning: Failed to save window geometry: Cannot operate on a closed database.
Migrating database to support notification system...
Migration to notification system complete.
Database connection closed
Warning: Failed to save window geometry: Cannot operate on a closed database.
Migrating database to support notification system...
Migration to notification system complete.
Database connection closed
Warning: Failed to save window geometry: Cannot operate on a closed database.
Migrating database to support notification system...
Migration to notification system complete.
Database connection closed
Warning: Failed to save window geometry: Cannot operate on a closed database.
Migrating database to support notification system...
Migration to notification system complete.
Database connection closed
Warning: Failed to save window geometry: Cannot operate on a closed database.
Migrating database to support notification system...
Migration to notification system complete.
Database connection closed
Warning: Failed to save window geometry: Cannot operate on a closed database.
Migrating database to support notification system...
Migration to notification system complete.
Database connection closed
Warning: Failed to save window geometry: Cannot operate on a closed database.
Migrating database to support notification system...
Migration to notification system complete.
Database connection closed
Warning: Failed to save window geometry: Cannot operate on a closed database.
Migrating database to support notification system...
Migration to notification system complete.
Database connection closed
Warning: Failed to save window geometry: Cannot operate on a closed database.
Migrating database to support notification system...
Migration to notification system complete.
Database connection closed
Warning: Failed to save window geometry: Cannot operate on a closed database.
Migrating database to support notification system...
Migration to notification system complete.
Database connection closed
Warning: Failed to save window geometry: Cannot operate on a closed database.
Migrating database to support notification system...
Migration to notification system complete.
Database connection closed
Warning: Failed to save window geometry: Cannot operate on a closed database.
Migrating database to support notification system...
Migration to notification system complete.
Database connection closed
Warning: Failed to save window geometry: Cannot operate on a closed database.
Migrating database to support notification system...
Migration to notification system complete.
Database connection closed
Warning: Failed to save window geometry: Cannot operate on a closed database.
Migrating database to support notification system...
Migration to notification system complete.
Database connection closed
Warning: Failed to save window geometry: Cannot operate on a closed database.
Warning: Failed to save window geometry: Cannot operate on a closed database.
Migrating database to support notification system...
Migration to notification system complete.
Database connection closed
Warning: Failed to save window geometry: Cannot operate on a closed database.
Migrating database to support notification system...
Migration to notification system complete.
Database connection closed
Warning: Failed to save window geometry: Cannot operate on a closed database.
Migrating database to support notification system...
Migration to notification system complete.
Database connection closed
Warning: Failed to save window geometry: Cannot operate on a closed database.
Migrating database to support notification system...
Migration to notification system complete.
Database connection closed
Warning: Failed to save window geometry: Cannot operate on a closed database.
Migrating database to support notification system...
Migration to notification system complete.
Database connection closed
Warning: Failed to save window geometry: Cannot operate on a closed database.
Migrating database to support notification system...
Migration to notification system complete.
Database connection closed
Warning: Failed to save window geometry: Cannot operate on a closed database.
Migrating database to support notification system...
Migration to notification system complete.
Database connection closed
Warning: Failed to save window geometry: Cannot operate on a closed database.
Migrating database to support notification system...
Migration to notification system complete.
Database connection closed
Warning: Failed to save window geometry: Cannot operate on a closed database.
Migrating database to support notification system...
Migration to notification system complete.
Database connection closed
Warning: Failed to save window geometry: Cannot operate on a closed database.
Migrating database to support notification system...
Migration to notification system complete.
Database connection closed
Warning: Failed to save window geometry: Cannot operate on a closed database.
Migrating database to support notification system...
Migration to notification system complete.
Database connection closed
Warning: Failed to save window geometry: Cannot operate on a closed database.
Migrating database to support notification system...
Migration to notification system complete.
Database connection closed
Warning: Failed to save window geometry: Cannot operate on a closed database.
Migrating database to support notification system...
Migration to notification system complete.
Database connection closed
Warning: Failed to save window geometry: Cannot operate on a closed database.
Migrating database to support notification system...
Migration to notification system complete.
Database connection closed
Warning: Failed to save window geometry: Cannot operate on a closed database.
Migrating database to support notification system...
Migration to notification system complete.
Database connection closed
Warning: Failed to save window geometry: Cannot operate on a closed database.
Migrating database to support notification system...
Migration to notification system complete.
Database connection closed
Warning: Failed to save window geometry: Cannot operate on a closed database.
Migrating database to support notification system...
Migration to notification system complete.
Database connection closed
Warning: Failed to save window geometry: Cannot operate on a closed database.
Migrating database to support notification system...
Migration to notification system complete.
Database connection closed
Warning: Failed to save window geometry: Cannot operate on a closed database.
Migrating database to support notification system...
Migration to notification system complete.
Database connection closed
Warning: Failed to save window geometry: Cannot operate on a closed database.
Migrating database to support notification system...
Migration to notification system complete.
Migrating database to support notification system...
Migration to notification system complete.
Migrating database to support notification system...
Migration to notification system complete.

  âœ“ Backup/restore: 10 tasks verified
Migrating database to support notification system...
Migration to notification system complete.

  Found tables: contexts, dependencies, notifications, postpone_history, project_tags, settings, sqlite_sequence, task_comparisons, task_history, task_project_tags, tasks
Migrating database to support notification system...
Migration to notification system complete.

  Successful writes: 100/100 (100%)
  âœ“ Concurrent writes: Handled correctly
Migrating database to support notification system...PASSED
tests/integration/test_error_recovery.py::TestErrorRecovery::test_recovery_from_export_failure FAILED
tests/integration/test_error_recovery.py::TestErrorRecovery::test_recovery_from_import_failure FAILED
tests/integration/test_error_recovery.py::TestErrorRecovery::test_scheduler_failure_recovery PASSED
tests/integration/test_error_recovery.py::TestErrorRecovery::test_missing_settings_recovery FAILED
tests/integration/test_error_recovery.py::TestErrorRecovery::test_corrupted_task_recovery PASSED
tests/integration/test_phase8_workflows.py::test_task_completion_with_undo PASSED
tests/integration/test_phase8_workflows.py::test_task_history_records_all_changes PASSED
tests/integration/test_phase8_workflows.py::test_multiple_undo_redo_sequence PASSED
tests/integration/test_phase8_workflows.py::test_history_and_undo_integration PASSED
tests/integration/test_phase8_workflows.py::test_undo_stack_size_limit PASSED
tests/integration/test_phase8_workflows.py::test_formatted_history_messages PASSED
tests/performance/test_memory_leaks.py::TestMemoryLeaks::test_focus_mode_refresh_memory FAILED
tests/performance/test_memory_leaks.py::TestMemoryLeaks::test_dialog_open_close_memory FAILED
tests/performance/test_memory_leaks.py::TestMemoryLeaks::test_undo_stack_memory FAILED
tests/performance/test_memory_leaks.py::TestMemoryLeaks::test_notification_accumulation FAILED
tests/performance/test_memory_leaks.py::TestMemoryLeaks::test_long_running_session FAILED
tests/performance/test_performance_benchmarks.py::TestPerformanceBenchmarks::test_focus_mode_with_10k_tasks ERROR
tests/performance/test_performance_benchmarks.py::TestPerformanceBenchmarks::test_task_list_rendering_10k_tasks ERROR
tests/performance/test_performance_benchmarks.py::TestPerformanceBenchmarks::test_ranking_algorithm_10k_tasks ERROR
tests/performance/test_performance_benchmarks.py::TestPerformanceBenchmarks::test_comparison_with_100_tied_tasks FAILED
tests/performance/test_performance_benchmarks.py::TestPerformanceBenchmarks::test_export_10k_tasks_to_json ERROR
tests/performance/test_performance_benchmarks.py::TestPerformanceBenchmarks::test_import_10k_tasks_from_json ERROR
tests/performance/test_performance_benchmarks.py::TestPerformanceBenchmarks::test_task_history_query_1k_events FAILED
tests/performance/test_performance_benchmarks.py::TestPerformanceBenchmarks::test_dependency_graph_with_1k_nodes FAILED
tests/performance/test_performance_benchmarks.py::TestPerformanceBenchmarks::test_search_10k_tasks ERROR
tests/performance/test_performance_benchmarks.py::TestPerformanceBenchmarks::test_undo_stack_with_50_operations FAILED
tests/services/test_accessibility_service.py::test_calculate_contrast_ratio_black_white PASSED
tests/services/test_accessibility_service.py::test_calculate_contrast_ratio_same_color PASSED
tests/services/test_accessibility_service.py::test_calculate_contrast_ratio_wcag_aa_pass PASSED
tests/services/test_accessibility_service.py::test_relative_luminance_black PASSED
tests/services/test_accessibility_service.py::test_relative_luminance_white PASSED
tests/services/test_accessibility_service.py::test_humanize_object_name_snake_case PASSED
tests/services/test_accessibility_service.py::test_humanize_object_name_camel_case PASSED
tests/services/test_accessibility_service.py::test_announce_to_screen_reader_without_status_bar PASSED
tests/services/test_accessibility_service.py::test_announce_to_screen_reader_with_status_bar PASSED
tests/services/test_accessibility_service.py::test_announce_assertive_priority PASSED
tests/services/test_accessibility_service.py::test_contrast_issue_detection PASSED
tests/services/test_comparison_service.py::TestEloRatingCalculations::test_initial_elo_rating_is_1500 PASSED
tests/services/test_comparison_service.py::TestEloRatingCalculations::test_winner_gains_elo_loser_loses_elo PASSED
tests/services/test_comparison_service.py::TestEloRatingCalculations::test_equal_elo_gives_expected_change PASSED
tests/services/test_comparison_service.py::TestEloRatingCalculations::test_k_factor_new_task PASSED
tests/services/test_comparison_service.py::TestEloRatingCalculations::test_k_factor_established_task PASSED
tests/services/test_comparison_service.py::TestEloRatingCalculations::test_comparison_count_increments PASSED
tests/services/test_comparison_service.py::TestEloRatingCalculations::test_higher_rated_task_wins_smaller_gain PASSED
tests/services/test_comparison_service.py::TestEloRatingCalculations::test_lower_rated_task_wins_larger_gain PASSED
tests/services/test_comparison_service.py::TestSameTierValidation::test_cannot_compare_different_base_priorities PASSED
tests/services/test_comparison_service.py::TestSameTierValidation::test_can_compare_same_base_priority PASSED
tests/services/test_comparison_service.py::TestComparisonRecording::test_comparison_recorded_in_database PASSED
tests/services/test_comparison_service.py::TestComparisonRecording::test_multiple_comparisons_recorded PASSED
tests/services/test_comparison_service.py::TestComparisonRecording::test_record_multiple_comparisons_batch PASSED
tests/services/test_comparison_service.py::TestComparisonHistory::test_get_task_comparison_history PASSED
tests/services/test_comparison_service.py::TestComparisonHistory::test_history_for_nonexistent_task PASSED
tests/services/test_comparison_service.py::TestPriorityReset::test_reset_single_task SKIPPED
tests/services/test_comparison_service.py::TestPriorityReset::test_reset_deletes_comparison_history PASSED
tests/services/test_comparison_service.py::TestPriorityReset::test_reset_all_priority_adjustments SKIPPED
tests/services/test_comparison_service.py::TestPriorityReset::test_reset_nonexistent_task PASSED
tests/services/test_comparison_service.py::TestEloChangePreview::test_preview_win_against_equal_opponent PASSED
tests/services/test_comparison_service.py::TestEloChangePreview::test_preview_win_against_weaker_opponent PASSED
tests/services/test_comparison_service.py::TestEdgeCases::test_comparison_without_ids_raises_error PASSED
tests/services/test_comparison_service.py::TestEdgeCases::test_comparison_with_one_id_missing PASSED
tests/services/test_comparison_service.py::TestSharedEloForRecurringTasks::test_shared_elo_updates_parent PASSED
tests/services/test_data_reset_service.py::test_get_reset_summary PASSED
tests/services/test_data_reset_service.py::test_reset_all_data_complete PASSED
tests/services/test_data_reset_service.py::test_reset_preserves_contexts PASSED
tests/services/test_data_reset_service.py::test_reset_preserves_tags PASSED
tests/services/test_data_reset_service.py::test_reset_preserves_settings PASSED
tests/services/test_data_reset_service.py::test_reset_deleted_counts PASSED
tests/services/test_data_reset_service.py::test_reset_task_data_only PASSED
tests/services/test_data_reset_service.py::test_get_total_items_to_delete PASSED
tests/services/test_data_reset_service.py::test_reset_deletes_in_correct_order PASSED
tests/services/test_data_reset_service.py::test_reset_empty_database PASSED
tests/services/test_data_reset_service.py::test_reset_with_notifications PASSED
tests/services/test_data_reset_service.py::test_reset_with_postpone_history PASSED
tests/services/test_data_reset_service.py::test_reset_transaction_safety PASSED
tests/services/test_error_service.py::test_build_error_context_with_file_error PASSED
tests/services/test_error_service.py::test_get_recovery_suggestions_for_export PASSED
tests/services/test_error_service.py::test_get_recovery_suggestions_for_database_error PASSED
tests/services/test_error_service.py::test_determine_severity_for_database_error PASSED
tests/services/test_error_service.py::test_determine_severity_for_value_error PASSED
tests/services/test_error_service.py::test_format_technical_details PASSED
tests/services/test_error_service.py::test_get_recovery_suggestions_fallback PASSED
tests/services/test_error_service.py::test_error_recovery_map_coverage PASSED
tests/services/test_error_service.py::test_default_recovery_map_coverage PASSED
tests/services/test_export_service.py::test_export_to_json_creates_file PASSED
tests/services/test_export_service.py::test_export_json_structure PASSED
tests/services/test_export_service.py::test_export_preserves_task_relationships PASSED
tests/services/test_export_service.py::test_export_progress_callback PASSED
tests/services/test_export_service.py::test_export_database_backup PASSED
tests/services/test_export_service.py::test_export_empty_database PASSED
tests/services/test_export_service.py::test_export_handles_invalid_path PASSED
tests/services/test_export_service.py::test_export_without_settings PASSED
tests/services/test_export_service.py::test_export_contexts_format PASSED
tests/services/test_export_service.py::test_export_tasks_format PASSED
tests/services/test_import_service.py::test_import_json_replace_mode PASSED
tests/services/test_import_service.py::test_import_json_merge_mode_no_conflicts PASSED
tests/services/test_import_service.py::test_import_json_merge_mode_with_conflicts PASSED
tests/services/test_import_service.py::test_import_validation_missing_metadata PASSED
tests/services/test_import_service.py::test_import_validation_newer_schema_version PASSED
tests/services/test_import_service.py::test_import_progress_callback PASSED
tests/services/test_import_service.py::test_import_preserves_relationships PASSED
tests/services/test_import_service.py::test_import_transaction_rollback_on_error PASSED
tests/services/test_import_service.py::test_import_export_roundtrip 
Migration to notification system complete.

  Creating 1,000 tasks...
  Creation time: 8.89s (8.9ms per task)
  Query time: 0.2ms for 1000 tasks
  âœ“ Large dataset: 1000 tasks handled efficiently
Migrating database to support notification system...
Migration to notification system complete.
Migrating database to support notification system...
Migration to notification system complete.
Migrating database to support notification system...
Migration to notification system complete.
  âœ“ Scheduler recovery: 5 tasks activated despite errors
Migrating database to support notification system...
Migration to notification system complete.

  Settings access handled: no such table: settings
Migrating database to support notification system...
Migration to notification system complete.

  Retrieved 5 tasks (1 potentially corrupted)

  Corrupted task handled: Valid tasks should be retrieved
assert 0 >= 4
 +  where 0 = len([])
  âœ“ Corrupted task recovery: App continues functioning
Migrating database to support notification system...
Migration to notification system complete.

  Baseline memory: 0.00 MB
  Final memory: 0.03 MB
  Growth: 0.03 MB (97518.8%)
Database connection closed
Warning: Failed to save window geometry: Cannot operate on a closed database.
Migrating database to support notification system...
Migration to notification system complete.

  Memory growth after 500 dialog cycles: 14.21 MB
Database connection closed
Warning: Failed to save window geometry: Cannot operate on a closed database.
Migrating database to support notification system...
Migration to notification system complete.
Database connection closed
Warning: Failed to save window geometry: Cannot operate on a closed database.
Migrating database to support notification system...
Migration to notification system complete.
Database connection closed
Warning: Failed to save window geometry: Cannot operate on a closed database.
Migrating database to support notification system...
Migration to notification system complete.
Database connection closed
Warning: Failed to save window geometry: Cannot operate on a closed database.
Migrating database to support notification system...
Migration to notification system complete.

Generating 10,000 task dataset for performance testing...

=== Generating Complete Dataset (10000 tasks) ===

Generating 10000 tasks...
Database connection closed
Warning: Failed to save window geometry: Cannot operate on a closed database.
Migrating database to support notification system...
Migration to notification system complete.

Generating 10,000 task dataset for performance testing...

=== Generating Complete Dataset (10000 tasks) ===

Generating 10000 tasks...
Database connection closed
Warning: Failed to save window geometry: Cannot operate on a closed database.
Migrating database to support notification system...
Migration to notification system complete.

Generating 10,000 task dataset for performance testing...

=== Generating Complete Dataset (10000 tasks) ===

Generating 10000 tasks...
Database connection closed
Warning: Failed to save window geometry: Cannot operate on a closed database.
Migrating database to support notification system...
Migration to notification system complete.
Database connection closed
Warning: Failed to save window geometry: Cannot operate on a closed database.
Migrating database to support notification system...
Migration to notification system complete.

Generating 10,000 task dataset for performance testing...

=== Generating Complete Dataset (10000 tasks) ===

Generating 10000 tasks...
Database connection closed
Warning: Failed to save window geometry: Cannot operate on a closed database.
Migrating database to support notification system...
Migration to notification system complete.

Generating 10,000 task dataset for performance testing...

=== Generating Complete Dataset (10000 tasks) ===

Generating 10000 tasks...
Database connection closed
Warning: Failed to save window geometry: Cannot operate on a closed database.
Migrating database to support notification system...
Migration to notification system complete.
Database connection closed
Warning: Failed to save window geometry: Cannot operate on a closed database.
Migrating database to support notification system...
Migration to notification system complete.
Database connection closed
Warning: Failed to save window geometry: Cannot operate on a closed database.
Migrating database to support notification system...
Migration to notification system complete.

Generating 10,000 task dataset for performance testing...

=== Generating Complete Dataset (10000 tasks) ===

Generating 10000 tasks...
Database connection closed
Warning: Failed to save window geometry: Cannot operate on a closed database.
Migrating database to support notification system...
Migration to notification system complete.
Database connection closed
Warning: Failed to save window geometry: Cannot operate on a closed database.
Migrating database to support notification system...
Migration to notification system complete.
Migrating database to support notification system...
Migration to notification system complete.
Migrating database to support notification system...
Migration to notification system complete.
Migrating database to support notification system...
Migration to notification system complete.
Migrating database to support notification system...
Migration to notification system complete.
Migrating database to support notification system...
Migration to notification system complete.
Migrating database to support notification system...
Migration to notification system complete.
Migrating database to support notification system...
Migration to notification system complete.
Migrating database to support notification system...
Migration to notification system complete.
Migrating database to support notification system...
Migration to notification system complete.
Migrating database to support notification system...
Migration to notification system complete.
Migrating database to support notification system...
Migration to notification system complete.
Migrating database to support notification system...
Migration to notification system complete.
Migrating database to support notification system...
Migration to notification system complete.
Migrating database to support notification system...
Migration to notification system complete.
Migrating database to support notification system...
Migration to notification system complete.
Migrating database to support notification system...
Migration to notification system complete.
Migrating database to support notification system...
Migration to notification system complete.
Migrating database to support notification system...
Migration to notification system complete.
Migrating database to support notification system...
Migration to notification system complete.
Migrating database to support notification system...
Migration to notification system complete.
Migrating database to support notification system...
Migration to notification system complete.
Migrating database to support notification system...
Migration to notification system complete.
Migrating database to support notification system...
Migration to notification system complete.
Migrating database to support notification system...
Migration to notification system complete.
Migrating database to support notification system...
Migration to notification system complete.
Migrating database to support notification system...
Migration to notification system complete.
Migrating database to support notification system...
Migration to notification system complete.
Migrating database to support notification system...
Migration to notification system complete.
Migrating database to support notification system...
Migration to notification system complete.
Migrating database to support notification system...
Migration to notification system complete.
Migrating database to support notification system...
Migration to notification system complete.PASSED
tests/services/test_import_service.py::test_import_handles_missing_optional_fields PASSED
tests/services/test_import_service.py::test_import_clears_data_in_replace_mode PASSED
tests/services/test_keyboard_navigation_manager.py::TestConfigureDialog::test_configure_dialog_sets_focus PASSED
tests/services/test_keyboard_navigation_manager.py::TestConfigureDialog::test_configure_dialog_with_no_widgets PASSED
tests/services/test_keyboard_navigation_manager.py::TestConfigureDialog::test_configure_dialog_sets_tab_order PASSED
tests/services/test_keyboard_navigation_manager.py::TestFocusIndicators::test_add_focus_indicators_sets_focus_policy PASSED
tests/services/test_keyboard_navigation_manager.py::TestFocusIndicators::test_add_focus_indicators_enables_mac_focus_rect PASSED
tests/services/test_keyboard_navigation_manager.py::TestGetFocusableWidgets::test_get_focusable_widgets_finds_all PASSED
tests/services/test_keyboard_navigation_manager.py::TestGetFocusableWidgets::test_get_focusable_widgets_excludes_disabled PASSED
tests/services/test_keyboard_navigation_manager.py::TestGetFocusableWidgets::test_get_focusable_widgets_excludes_hidden PASSED
tests/services/test_keyboard_navigation_manager.py::TestGetFocusableWidgets::test_get_focusable_widgets_sorted_by_position PASSED
tests/services/test_keyboard_navigation_manager.py::TestGetFocusableWidgets::test_get_focusable_widgets_excludes_labels PASSED
tests/services/test_keyboard_navigation_manager.py::TestEnableListNavigation::test_enable_list_navigation_installs_filter PASSED
tests/services/test_keyboard_navigation_manager.py::TestEnableListNavigation::test_list_navigation_without_filter PASSED
tests/services/test_keyboard_navigation_manager.py::TestListNavigationFilter::test_list_filter_home_key PASSED
tests/services/test_keyboard_navigation_manager.py::TestListNavigationFilter::test_list_filter_end_key PASSED
tests/services/test_keyboard_navigation_manager.py::TestListNavigationFilter::test_list_filter_page_down PASSED
tests/services/test_keyboard_navigation_manager.py::TestListNavigationFilter::test_list_filter_page_up PASSED
tests/services/test_keyboard_navigation_manager.py::TestListNavigationFilter::test_list_filter_get_visible_item_count PASSED
tests/services/test_keyboard_navigation_manager.py::TestListNavigationFilter::test_list_filter_empty_list PASSED
tests/services/test_keyboard_navigation_manager.py::TestEnableTableNavigation::test_enable_table_navigation_installs_filter PASSED
tests/services/test_keyboard_navigation_manager.py::TestTableNavigationFilter::test_table_filter_home_key PASSED
tests/services/test_keyboard_navigation_manager.py::TestTableNavigationFilter::test_table_filter_ctrl_home_key PASSED
tests/services/test_keyboard_navigation_manager.py::TestTableNavigationFilter::test_table_filter_end_key PASSED
tests/services/test_keyboard_navigation_manager.py::TestTableNavigationFilter::test_table_filter_ctrl_end_key PASSED
tests/services/test_keyboard_navigation_manager.py::TestEdgeCases::test_configure_dialog_with_nested_widgets PASSED
tests/services/test_keyboard_navigation_manager.py::TestEdgeCases::test_list_filter_with_single_item PASSED
tests/services/test_keyboard_navigation_manager.py::TestEdgeCases::test_table_filter_with_single_cell PASSED
tests/services/test_notification_manager.py::TestCreateNotification::test_creates_basic_notification PASSED
tests/services/test_notification_manager.py::TestCreateNotification::test_creates_notification_with_action PASSED
tests/services/test_notification_manager.py::TestCreateNotification::test_emits_new_notification_signal PASSED
tests/services/test_notification_manager.py::TestCreateNotification::test_all_notification_types PASSED
tests/services/test_notification_manager.py::TestGetNotifications::test_get_all_notifications PASSED
tests/services/test_notification_manager.py::TestGetNotifications::test_get_all_excludes_dismissed PASSED
tests/services/test_notification_manager.py::TestGetNotifications::test_get_all_includes_dismissed_when_requested PASSED
tests/services/test_notification_manager.py::TestGetNotifications::test_get_unread_notifications PASSED
tests/services/test_notification_manager.py::TestGetNotifications::test_get_unread_count PASSED
tests/services/test_notification_manager.py::TestMarkAsRead::test_marks_notification_as_read PASSED
tests/services/test_notification_manager.py::TestMarkAsRead::test_emits_updated_signal PASSED
tests/services/test_notification_manager.py::TestMarkAsRead::test_returns_false_for_nonexistent PASSED
tests/services/test_notification_manager.py::TestMarkAsUnread::test_marks_notification_as_unread PASSED
tests/services/test_notification_manager.py::TestMarkAsUnread::test_returns_false_for_nonexistent PASSED
tests/services/test_notification_manager.py::TestMarkAllRead::test_marks_all_as_read PASSED
tests/services/test_notification_manager.py::TestMarkAllRead::test_returns_zero_when_all_read PASSED
tests/services/test_notification_manager.py::TestDismissNotification::test_dismisses_notification PASSED
tests/services/test_notification_manager.py::TestDismissNotification::test_emits_dismissed_signal PASSED
tests/services/test_notification_manager.py::TestDismissNotification::test_returns_false_for_nonexistent PASSED
tests/services/test_notification_manager.py::TestCleanupOldNotifications::test_cleans_up_old_notifications PASSED
tests/services/test_notification_manager.py::TestToastNotifications::test_shows_toast_when_enabled PASSED
tests/services/test_notification_manager.py::TestToastNotifications::test_does_not_show_toast_when_disabled PASSED
tests/services/test_notification_manager.py::TestToastNotifications::test_handles_missing_toast_service PASSED
tests/services/test_notification_manager.py::TestSetToastService::test_sets_toast_service PASSED
tests/services/test_postpone_suggestion_service.py::TestPatternDetection::test_no_pattern_on_first_postpone PASSED
tests/services/test_postpone_suggestion_service.py::TestPatternDetection::test_repeated_blocker_pattern PASSED
tests/services/test_postpone_suggestion_service.py::TestPatternDetection::test_repeated_dependency_pattern PASSED
tests/services/test_postpone_suggestion_service.py::TestPatternDetection::test_repeated_subtasks_pattern PASSED
tests/services/test_postpone_suggestion_service.py::TestPatternDetection::test_stale_task_pattern PASSED
tests/services/test_postpone_suggestion_service.py::TestPatternDetection::test_pattern_priority_order PASSED
tests/services/test_postpone_suggestion_service.py::TestSuggestionGeneration::test_suggestion_message_content PASSED
tests/services/test_postpone_suggestion_service.py::TestSuggestionGeneration::test_historical_context_formatting PASSED
tests/services/test_postpone_suggestion_service.py::TestSuggestionGeneration::test_historical_context_with_empty_notes PASSED
tests/services/test_postpone_suggestion_service.py::TestBulkSuggestions::test_get_suggestions_for_all_tasks PASSED
tests/services/test_postpone_suggestion_service.py::TestBulkSuggestions::test_suggestions_sorted_by_priority PASSED
tests/services/test_postpone_suggestion_service.py::TestBulkSuggestions::test_suggestions_respect_limit PASSED
tests/services/test_postpone_suggestion_service.py::TestUtilityMethods::test_get_task_title PASSED
tests/services/test_postpone_suggestion_service.py::TestUtilityMethods::test_get_task_title_for_nonexistent_task PASSED
tests/services/test_postpone_suggestion_service.py::TestUtilityMethods::test_should_show_reflection_dialog PASSED
tests/services/test_postpone_suggestion_service.py::TestThresholdBehavior::test_blocker_threshold_minus_one PASSED
tests/services/test_postpone_suggestion_service.py::TestThresholdBehavior::test_stale_threshold_minus_one PASSED
tests/services/test_postpone_suggestion_service.py::TestThresholdBehavior::test_exact_threshold_triggers_pattern PASSED
tests/services/test_postpone_suggestion_service.py::TestActionTakenTracking::test_tracks_all_action_types PASSED
tests/services/test_postpone_workflow_service.py::TestRecordPostpone::test_record_postpone_basic PASSED
tests/services/test_postpone_workflow_service.py::TestRecordPostpone::test_record_postpone_with_action PASSED
tests/services/test_postpone_workflow_service.py::TestRecordPostpone::test_record_postpone_without_notes PASSED
tests/services/test_postpone_workflow_service.py::TestBlockerWorkflow::test_handle_blocker_workflow_with_existing_tasks PASSED
tests/services/test_postpone_workflow_service.py::TestBlockerWorkflow::test_handle_blocker_workflow_with_created_tasks PASSED
tests/services/test_postpone_workflow_service.py::TestBlockerWorkflow::test_handle_blocker_workflow_no_blocking_tasks PASSED
tests/services/test_postpone_workflow_service.py::TestBlockerWorkflow::test_handle_blocker_workflow_nonexistent_task PASSED
tests/services/test_postpone_workflow_service.py::TestBlockerWorkflow::test_handle_blocker_workflow_message_pluralization PASSED
tests/services/test_postpone_workflow_service.py::TestSubtaskBreakdown::test_handle_subtask_breakdown_basic PASSED
tests/services/test_postpone_workflow_service.py::TestSubtaskBreakdown::test_handle_subtask_breakdown_with_field_inheritance PASSED
tests/services/test_postpone_workflow_service.py::TestSubtaskBreakdown::test_handle_subtask_breakdown_delete_original PASSED
tests/services/test_postpone_workflow_service.py::TestSubtaskBreakdown::test_handle_subtask_breakdown_keeps_original PASSED
tests/services/test_postpone_workflow_service.py::TestSubtaskBreakdown::test_handle_subtask_breakdown_empty_titles PASSED
tests/services/test_postpone_workflow_service.py::TestSubtaskBreakdown::test_handle_subtask_breakdown_skips_empty_titles PASSED
tests/services/test_postpone_workflow_service.py::TestSubtaskBreakdown::test_handle_subtask_breakdown_nonexistent_task PASSED
tests/services/test_postpone_workflow_service.py::TestSubtaskBreakdown::test_handle_subtask_breakdown_message_pluralization PASSED
tests/services/test_postpone_workflow_service.py::TestGetPostponeHistory::test_get_postpone_history_empty PASSED
tests/services/test_postpone_workflow_service.py::TestGetPostponeHistory::test_get_postpone_history_retrieves_records PASSED
tests/services/test_postpone_workflow_service.py::TestGetPostponeHistory::test_get_postpone_history_respects_limit PASSED
tests/services/test_postpone_workflow_service.py::TestGetPostponeHistory::test_get_postpone_history_ordered_by_date PASSED
tests/services/test_postpone_workflow_service.py::TestErrorHandling::test_handle_blocker_workflow_error_handling PASSED
tests/services/test_postpone_workflow_service.py::TestErrorHandling::test_handle_subtask_breakdown_error_handling PASSED
tests/services/test_postpone_workflow_service.py::TestProjectTagInheritance::test_subtasks_inherit_project_tags PASSED
tests/services/test_recurrence_service.py::TestCalculateNextOccurrenceDate::test_daily_pattern_single_day PASSED
tests/services/test_recurrence_service.py::TestCalculateNextOccurrenceDate::test_daily_pattern_multiple_days PASSED
tests/services/test_recurrence_service.py::TestCalculateNextOccurrenceDate::test_weekly_pattern_no_specific_days PASSED
tests/services/test_recurrence_service.py::TestCalculateNextOccurrenceDate::test_weekly_pattern_with_specific_days PASSED
tests/services/test_recurrence_service.py::TestCalculateNextOccurrenceDate::test_weekly_pattern_next_week PASSED
tests/services/test_recurrence_service.py::TestCalculateNextOccurrenceDate::test_monthly_pattern_day_of_month PASSED
tests/services/test_recurrence_service.py::TestCalculateNextOccurrenceDate::test_monthly_pattern_end_of_short_month PASSED
tests/services/test_recurrence_service.py::TestCalculateNextOccurrenceDate::test_yearly_pattern PASSED
tests/services/test_recurrence_service.py::TestCalculateNextOccurrenceDate::test_yearly_pattern_leap_year PASSED
tests/services/test_recurrence_service.py::TestShouldContinueRecurrence::test_non_recurring_task_returns_false PASSED
tests/services/test_recurrence_service.py::TestShouldContinueRecurrence::test_recurring_task_without_end_date_continues PASSED
tests/services/test_recurrence_service.py::TestShouldContinueRecurrence::test_recurring_task_before_end_date_continues PASSED
tests/services/test_recurrence_service.py::TestShouldContinueRecurrence::test_recurring_task_at_end_date_stops PASSED
tests/services/test_recurrence_service.py::TestShouldContinueRecurrence::test_recurring_task_past_end_date_stops PASSED
tests/services/test_recurrence_service.py::TestCloneTaskForNextOccurrence::test_clone_basic_properties PASSED
tests/services/test_recurrence_service.py::TestCloneTaskForNextOccurrence::test_clone_sets_parent_id PASSED
tests/services/test_recurrence_service.py::TestCloneTaskForNextOccurrence::test_clone_preserves_parent_chain PASSED
tests/services/test_recurrence_service.py::TestCloneTaskForNextOccurrence::test_clone_increments_occurrence_count PASSED
tests/services/test_recurrence_service.py::TestCloneTaskForNextOccurrence::test_clone_with_shared_elo PASSED
tests/services/test_recurrence_service.py::TestCloneTaskForNextOccurrence::test_clone_without_shared_elo PASSED
tests/services/test_recurrence_service.py::TestCloneTaskForNextOccurrence::test_clone_copies_context PASSED
tests/services/test_recurrence_service.py::TestCloneTaskForNextOccurrence::test_clone_copies_recurrence_pattern PASSED
tests/services/test_recurrence_service.py::TestCloneTaskForNextOccurrence::test_clone_copies_end_date PASSED
tests/services/test_recurrence_service.py::TestCloneTaskForNextOccurrence::test_clone_copies_project_tags PASSED
tests/services/test_recurrence_service.py::TestGetSharedEloValues::test_non_shared_returns_none PASSED
tests/services/test_recurrence_service.py::TestGetSharedEloValues::test_shared_with_pool_values PASSED
tests/services/test_recurrence_service.py::TestGetSharedEloValues::test_shared_without_pool_uses_current PASSED
tests/services/test_recurrence_service.py::TestFormatRecurrencePattern::test_format_daily_single PASSED
tests/services/test_recurrence_service.py::TestFormatRecurrencePattern::test_format_daily_multiple PASSED
tests/services/test_recurrence_service.py::TestFormatRecurrencePattern::test_format_weekly_no_days PASSED
tests/services/test_recurrence_service.py::TestFormatRecurrencePattern::test_format_weekly_with_days PASSED
tests/services/test_recurrence_service.py::TestFormatRecurrencePattern::test_format_monthly PASSED
tests/services/test_recurrence_service.py::TestFormatRecurrencePattern::test_format_yearly PASSED
tests/services/test_recurrence_service.py::TestFormatRecurrencePattern::test_format_empty_pattern PASSED
tests/services/test_recurrence_service.py::TestFormatRecurrencePattern::test_format_invalid_pattern PASSED
tests/services/test_resurfacing_scheduler.py::TestSchedulerLifecycle::test_scheduler_initialization PASSED
tests/services/test_resurfacing_scheduler.py::TestSchedulerLifecycle::test_scheduler_start PASSED
tests/services/test_resurfacing_scheduler.py::TestSchedulerLifecycle::test_scheduler_start_idempotent PASSED
tests/services/test_resurfacing_scheduler.py::TestSchedulerLifecycle::test_scheduler_shutdown PASSED
tests/services/test_resurfacing_scheduler.py::TestSchedulerLifecycle::test_scheduler_stop_alias PASSED
tests/services/test_resurfacing_scheduler.py::TestSchedulerLifecycle::test_scheduler_shutdown_when_not_started PASSED
tests/services/test_resurfacing_scheduler.py::TestSchedulerLifecycle::test_scheduler_shutdown_with_timeout PASSED
tests/services/test_resurfacing_scheduler.py::TestJobConfiguration::test_default_job_intervals PASSED
tests/services/test_resurfacing_scheduler.py::TestJobConfiguration::test_custom_job_intervals PASSED
tests/services/test_resurfacing_scheduler.py::TestJobConfiguration::test_reload_settings PASSED
tests/services/test_resurfacing_scheduler.py::TestJobConfiguration::test_reload_settings_when_not_running PASSED
tests/services/test_resurfacing_scheduler.py::TestManualTriggers::test_check_deferred_tasks_manual PASSED
tests/services/test_resurfacing_scheduler.py::TestManualTriggers::test_check_delegated_tasks_manual PASSED
tests/services/test_resurfacing_scheduler.py::TestManualTriggers::test_check_someday_tasks_manual PASSED
tests/services/test_resurfacing_scheduler.py::TestJobExecution::test_job_check_deferred_tasks_activates_ready_tasks PASSED
tests/services/test_resurfacing_scheduler.py::TestJobExecution::test_job_check_deferred_tasks_no_tasks_ready PASSED
tests/services/test_resurfacing_scheduler.py::TestJobExecution::test_job_error_handling 
Migrating database to support notification system...
Migration to notification system complete.
Migrating database to support notification system...
Migration to notification system complete.
Migrating database to support notification system...
Migration to notification system complete.
Migrating database to support notification system...
Migration to notification system complete.
Migrating database to support notification system...
Migration to notification system complete.
Migrating database to support notification system...
Migration to notification system complete.
Migrating database to support notification system...
Migration to notification system complete.
Migrating database to support notification system...
Migration to notification system complete.
Migrating database to support notification system...
Migration to notification system complete.
Migrating database to support notification system...
Migration to notification system complete.
Migrating database to support notification system...
Migration to notification system complete.
Migrating database to support notification system...
Migration to notification system complete.
Migrating database to support notification system...
Migration to notification system complete.
Migrating database to support notification system...
Migration to notification system complete.
Migrating database to support notification system...
Migration to notification system complete.
Migrating database to support notification system...
Migration to notification system complete.
Migrating database to support notification system...
Migration to notification system complete.
Migrating database to support notification system...
Migration to notification system complete.
Migrating database to support notification system...
Migration to notification system complete.
Migrating database to support notification system...
Migration to notification system complete.
Migrating database to support notification system...
Migration to notification system complete.
Migrating database to support notification system...
Migration to notification system complete.
Migrating database to support notification system...
Migration to notification system complete.
Migrating database to support notification system...
Migration to notification system complete.
Migrating database to support notification system...
Migration to notification system complete.
Migrating database to support notification system...
Migration to notification system complete.
Migrating database to support notification system...
Migration to notification system complete.
Migrating database to support notification system...
Migration to notification system complete.
Migrating database to support notification system...
Migration to notification system complete.
Migrating database to support notification system...
Migration to notification system complete.
Migrating database to support notification system...
Migration to notification system complete.
Migrating database to support notification system...
Migration to notification system complete.
Migrating database to support notification system...
Migration to notification system complete.
Migrating database to support notification system...
Migration to notification system complete.
Migrating database to support notification system...
Migration to notification system complete.
Migrating database to support notification system...
Migration to notification system complete.
Migrating database to support notification system...
Migration to notification system complete.
Migrating database to support notification system...
Migration to notification system complete.
Migrating database to support notification system...
Migration to notification system complete.
Migrating database to support notification system...
Migration to notification system complete.
Migrating database to support notification system...
Migration to notification system complete.
Migrating database to support notification system...
Migration to notification system complete.
Migrating database to support notification system...
Migration to notification system complete.
Migrating database to support notification system...
Migration to notification system complete.
Migrating database to support notification system...
Migration to notification system complete.
Migrating database to support notification system...
Migration to notification system complete.
Migrating database to support notification system...
Migration to notification system complete.
Migrating database to support notification system...
Migration to notification system complete.
Migrating database to support notification system...
Migration to notification system complete.
Migrating database to support notification system...
Migration to notification system complete.
Migrating database to support notification system...
Migration to notification system complete.
Migrating database to support notification system...
Migration to notification system complete.
Migrating database to support notification system...
Migration to notification system complete.
Migrating database to support notification system...
Migration to notification system complete.
Migrating database to support notification system...
Migration to notification system complete.
Migrating database to support notification system...
Migration to notification system complete.
Migrating database to support notification system...
Migration to notification system complete.
Migrating database to support notification system...
Migration to notification system complete.
Migrating database to support notification system...
Migration to notification system complete.
Migrating database to support notification system...
Migration to notification system complete.
Migrating database to support notification system...
Migration to notification system complete.
Migrating database to support notification system...
Migration to notification system complete.
Migrating database to support notification system...
Migration to notification system complete.
Migrating database to support notification system...
Migration to notification system complete.
Migrating database to support notification system...
Migration to notification system complete.
Migrating database to support notification system...
Migration to notification system complete.
Migrating database to support notification system...
Migration to notification system complete.
Migrating database to support notification system...
Migration to notification system complete.
Migrating database to support notification system...
Migration to notification system complete.
Migrating database to support notification system...
Migration to notification system complete.
Migrating database to support notification system...
Migration to notification system complete.
Migrating database to support notification system...
Migration to notification system complete.
Migrating database to support notification system...
Migration to notification system complete.
Migrating database to support notification system...
Migration to notification system complete.
Migrating database to support notification system...
Migration to notification system complete.
Migrating database to support notification system...
Migration to notification system complete.
Migrating database to support notification system...
Migration to notification system complete.
Migrating database to support notification system...
Migration to notification system complete.
Migrating database to support notification system...
Migration to notification system complete.
Migrating database to support notification system...
Migration to notification system complete.
Migrating database to support notification system...
Migration to notification system complete.
Migrating database to support notification system...
Migration to notification system complete.
Migrating database to support notification system...
Migration to notification system complete.
Migrating database to support notification system...
Migration to notification system complete.PASSED
tests/services/test_resurfacing_scheduler.py::TestSignalEmission::test_deferred_tasks_activated_signal PASSED
tests/services/test_resurfacing_scheduler.py::TestSignalEmission::test_delegated_followup_needed_signal PASSED
tests/services/test_resurfacing_scheduler.py::TestSignalEmission::test_someday_review_triggered_signal PASSED
tests/services/test_resurfacing_scheduler.py::TestTimeStringParsing::test_parse_time_string_valid PASSED
tests/services/test_resurfacing_scheduler.py::TestTimeStringParsing::test_parse_time_string_invalid PASSED
tests/services/test_resurfacing_scheduler.py::TestTimeStringParsing::test_parse_time_string_edge_cases PASSED
tests/services/test_resurfacing_scheduler.py::TestJobListener::test_job_listener_logs_success PASSED
tests/services/test_resurfacing_scheduler.py::TestJobListener::test_job_listener_logs_errors PASSED
tests/services/test_resurfacing_scheduler.py::TestSchedulerConfiguration::test_scheduler_timezone_utc PASSED
tests/services/test_resurfacing_scheduler.py::TestSchedulerConfiguration::test_scheduler_job_defaults PASSED
tests/services/test_resurfacing_scheduler.py::TestImmediateStartupChecks::test_runs_immediate_checks_on_start PASSED
tests/services/test_resurfacing_service.py::TestActivateReadyDeferredTasks::test_activates_task_with_past_start_date PASSED
tests/services/test_resurfacing_service.py::TestActivateReadyDeferredTasks::test_activates_task_with_today_start_date PASSED
tests/services/test_resurfacing_service.py::TestActivateReadyDeferredTasks::test_does_not_activate_future_task PASSED
tests/services/test_resurfacing_service.py::TestActivateReadyDeferredTasks::test_returns_empty_list_when_no_tasks PASSED
tests/services/test_resurfacing_service.py::TestActivateReadyDeferredTasks::test_activates_multiple_tasks PASSED
tests/services/test_resurfacing_service.py::TestActivateReadyDeferredTasks::test_updates_resurface_count PASSED
tests/services/test_resurfacing_service.py::TestActivateReadyDeferredTasks::test_creates_notification_when_manager_available PASSED
tests/services/test_resurfacing_service.py::TestCheckDelegatedFollowups::test_finds_task_needing_followup PASSED
tests/services/test_resurfacing_service.py::TestCheckDelegatedFollowups::test_finds_task_with_today_followup PASSED
tests/services/test_resurfacing_service.py::TestCheckDelegatedFollowups::test_does_not_find_future_followup PASSED
tests/services/test_resurfacing_service.py::TestCheckDelegatedFollowups::test_returns_empty_when_no_delegated_tasks PASSED
tests/services/test_resurfacing_service.py::TestCheckDelegatedFollowups::test_updates_resurface_tracking PASSED
tests/services/test_resurfacing_service.py::TestShouldTriggerSomedayReview::test_returns_true_when_never_reviewed PASSED
tests/services/test_resurfacing_service.py::TestShouldTriggerSomedayReview::test_returns_true_when_interval_elapsed PASSED
tests/services/test_resurfacing_service.py::TestShouldTriggerSomedayReview::test_returns_false_when_interval_not_elapsed PASSED
tests/services/test_resurfacing_service.py::TestShouldTriggerSomedayReview::test_uses_default_interval PASSED
tests/services/test_resurfacing_service.py::TestGetSomedayTasks::test_returns_someday_tasks PASSED
tests/services/test_resurfacing_service.py::TestGetSomedayTasks::test_returns_empty_when_no_someday_tasks PASSED
tests/services/test_resurfacing_service.py::TestUpdateSomedayReviewTimestamp::test_updates_timestamp PASSED
tests/services/test_resurfacing_service.py::TestAnalyzePostponementPatterns::test_returns_empty_when_no_postponements PASSED
tests/services/test_resurfacing_service.py::TestAnalyzePostponementPatterns::test_uses_intervention_threshold_setting PASSED
tests/services/test_resurfacing_service.py::TestBlockedTaskHandling::test_skips_deferred_task_with_incomplete_blockers PASSED
tests/services/test_resurfacing_service.py::TestBlockedTaskHandling::test_activates_task_when_blocker_completed PASSED
tests/services/test_task_history_service.py::test_record_task_created PASSED
tests/services/test_task_history_service.py::test_record_task_edited PASSED
tests/services/test_task_history_service.py::test_record_state_change PASSED
tests/services/test_task_history_service.py::test_record_priority_change PASSED
tests/services/test_task_history_service.py::test_get_timeline PASSED
tests/services/test_task_history_service.py::test_formatted_summary PASSED
tests/services/test_task_service.py::TestTaskCRUD::test_create_task PASSED
tests/services/test_task_service.py::TestTaskCRUD::test_get_task_by_id PASSED
tests/services/test_task_service.py::TestTaskCRUD::test_get_task_by_id_not_found PASSED
tests/services/test_task_service.py::TestTaskCRUD::test_update_task PASSED
tests/services/test_task_service.py::TestTaskCRUD::test_delete_task PASSED
tests/services/test_task_service.py::TestTaskCRUD::test_delete_nonexistent_task PASSED
tests/services/test_task_service.py::TestTaskCRUD::test_get_all_tasks PASSED
tests/services/test_task_service.py::TestTaskCRUD::test_get_active_tasks PASSED
tests/services/test_task_service.py::TestFocusMode::test_get_focus_task_returns_highest_priority PASSED
tests/services/test_task_service.py::TestFocusMode::test_get_focus_task_no_tasks PASSED
tests/services/test_task_service.py::TestFocusMode::test_get_focus_task_with_context_filter PASSED
tests/services/test_task_service.py::TestFocusMode::test_get_tied_tasks PASSED
tests/services/test_task_service.py::TestFocusMode::test_get_ranked_tasks PASSED
tests/services/test_task_service.py::TestStateTransitions::test_complete_task PASSED
tests/services/test_task_service.py::TestStateTransitions::test_complete_nonexistent_task PASSED
tests/services/test_task_service.py::TestStateTransitions::test_defer_task PASSED
tests/services/test_task_service.py::TestStateTransitions::test_defer_task_with_notes PASSED
tests/services/test_task_service.py::TestStateTransitions::test_delegate_task PASSED
tests/services/test_task_service.py::TestStateTransitions::test_move_to_someday PASSED
tests/services/test_task_service.py::TestStateTransitions::test_move_to_trash PASSED
tests/services/test_task_service.py::TestStateTransitions::test_activate_task PASSED
tests/services/test_task_service.py::TestStateTransitions::test_restore_task_from_trash PASSED
tests/services/test_task_service.py::TestStateTransitions::test_uncomplete_task PASSED
tests/services/test_task_service.py::TestTaskQueries::test_get_tasks_by_state PASSED
tests/services/test_task_service.py::TestTaskQueries::test_get_overdue_tasks PASSED
tests/services/test_task_service.py::TestTaskQueries::test_get_task_count_by_state PASSED
tests/services/test_task_service.py::TestRecurringTasks::test_complete_recurring_task_generates_next PASSED
tests/services/test_task_service.py::TestRecurringTasks::test_complete_recurring_task_at_end_date_no_next PASSED
tests/services/test_task_service.py::TestDeleteOperations::test_delete_all_tasks PASSED
tests/services/test_task_service.py::TestDeleteOperations::test_delete_trash_tasks PASSED
tests/services/test_task_service.py::TestPriorityReset::test_reset_priority_adjustment SKIPPED
tests/services/test_task_service.py::TestPriorityReset::test_reset_priority_adjustment_nonexistent SKIPPED
tests/services/test_theme_service.py::TestInitialization::test_initialization PASSED
tests/services/test_theme_service.py::TestInitialization::test_theme_constants PASSED
tests/services/test_theme_service.py::TestInitialization::test_theme_dir_path PASSED
tests/services/test_theme_service.py::TestGetCurrentTheme::test_get_current_theme_default PASSED
tests/services/test_theme_service.py::TestGetCurrentTheme::test_get_current_theme_from_database PASSED
tests/services/test_theme_service.py::TestSetTheme::test_set_theme_saves_to_database PASSED
tests/services/test_theme_service.py::TestSetTheme::test_set_theme_applies_theme PASSED
tests/services/test_theme_service.py::TestSetTheme::test_set_theme_replaces_existing PASSED
tests/services/test_theme_service.py::TestApplyTheme::test_apply_theme_sets_stylesheet PASSED
tests/services/test_theme_service.py::TestApplyTheme::test_apply_theme_with_missing_file PASSED
tests/services/test_theme_service.py::TestApplyTheme::test_apply_system_theme PASSED
tests/services/test_theme_service.py::TestLoadStylesheet::test_load_stylesheet_success PASSED
tests/services/test_theme_service.py::TestLoadStylesheet::test_load_stylesheet_file_not_found PASSED
tests/services/test_theme_service.py::TestLoadStylesheet::test_load_stylesheet_read_error PASSED
tests/services/test_theme_service.py::TestLoadStylesheet::test_load_stylesheet_correct_path PASSED
tests/services/test_theme_service.py::TestDetectSystemTheme::test_detect_system_theme_light_windows PASSED
tests/services/test_theme_service.py::TestDetectSystemTheme::test_detect_system_theme_dark_windows PASSED
tests/services/test_theme_service.py::TestDetectSystemTheme::test_detect_system_theme_fallback PASSED
tests/services/test_theme_service.py::TestGetAvailableThemes::test_get_available_themes PASSED
tests/services/test_theme_service.py::TestGetAvailableThemes::test_get_available_themes_returns_list PASSED
tests/services/test_theme_service.py::TestThemeIntegration::test_full_theme_change_workflow PASSED
tests/services/test_theme_service.py::TestThemeIntegration::test_system_theme_detection_and_application PASSED
tests/services/test_theme_service.py::TestThemeIntegration::test_multiple_theme_switches PASSED
tests/services/test_theme_service.py::TestErrorHandling::test_handles_database_error_gracefully PASSED
tests/services/test_theme_service.py::TestErrorHandling::test_handles_missing_app_gracefully PASSED
tests/services/test_theme_service.py::TestStylesheetEncoding::test_load_stylesheet_utf8_encoding PASSED
tests/services/test_toast_notification_service.py::TestInitialization::test_initialization_on_windows PASSED
tests/services/test_toast_notification_service.py::TestInitialization::test_initialization_on_linux PASSED
tests/services/test_toast_notification_service.py::TestInitialization::test_initialization_on_macos PASSED
tests/services/test_toast_notification_service.py::TestInitialization::test_initialization_handles_import_error PASSED
tests/services/test_toast_notification_service.py::TestInitialization::test_initialization_handles_other_errors PASSED
tests/services/test_toast_notification_service.py::TestInitialization::test_initialization_with_db_connection PASSED
tests/services/test_toast_notification_service.py::TestIsAvailable::test_is_available_on_windows_with_library PASSED
tests/services/test_toast_notification_service.py::TestIsAvailable::test_is_available_on_windows_without_library PASSED
tests/services/test_toast_notification_service.py::TestIsAvailable::test_is_available_requires_notification_class PASSED
tests/services/test_toast_notification_service.py::TestIsAvailable::test_is_available_on_non_windows PASSED
tests/services/test_toast_notification_service.py::TestShowToast::test_show_toast_success PASSED
tests/services/test_toast_notification_service.py::TestShowToast::test_show_toast_short_duration PASSED
tests/services/test_toast_notification_service.py::TestShowToast::test_show_toast_long_duration PASSED
tests/services/test_toast_notification_service.py::TestShowToast::test_show_toast_on_non_windows PASSED
tests/services/test_toast_notification_service.py::TestShowToast::test_show_toast_handles_exception PASSED
tests/services/test_toast_notification_service.py::TestShowToast::test_show_toast_with_icon PASSED
tests/services/test_toast_notification_service.py::TestShowToast::test_show_toast_without_icon PASSED
tests/services/test_toast_notification_service.py::TestGetIconPath::test_get_icon_path_info PASSED
tests/services/test_toast_notification_service.py::TestGetIconPath::test_get_icon_path_warning PASSED
tests/services/test_toast_notification_service.py::TestGetIconPath::test_get_icon_path_error PASSED
tests/services/test_toast_notification_service.py::TestGetIconPath::test_get_icon_path_all_types PASSED
tests/services/test_toast_notification_service.py::TestNotificationTypes::test_show_info_notification PASSED
tests/services/test_toast_notification_service.py::TestNotificationTypes::test_show_warning_notification PASSED
tests/services/test_toast_notification_service.py::TestNotificationTypes::test_show_error_notification PASSED
tests/services/test_toast_notification_service.py::TestNotificationTypes::test_show_all_notification_types PASSED
tests/services/test_toast_notification_service.py::TestThreading::test_toast_shown_in_background_thread PASSED
tests/services/test_toast_notification_service.py::TestLogging::test_logs_initialization_on_windows PASSED
tests/services/test_toast_notification_service.py::TestLogging::test_logs_non_windows_platform PASSED
tests/services/test_toast_notification_service.py::TestLogging::test_service_logs_debug_when_not_available PASSED
tests/services/test_undo_manager.py::test_execute_command_adds_to_stack PASSED
tests/services/test_undo_manager.py::test_undo_restores_state PASSED
tests/services/test_undo_manager.py::test_redo_reapplies_command PASSED
tests/services/test_undo_manager.py::test_new_command_clears_redo_stack PASSED
tests/services/test_undo_manager.py::test_max_stack_size_enforced PASSED
tests/services/test_undo_manager.py::test_get_undo_description PASSED
tests/services/test_undo_manager.py::test_clear_removes_all_history PASSED
tests/services/test_undo_manager.py::test_failed_execute_not_added_to_stack PASSED
tests/test_basic.py::TestDatabaseConnection::test_singleton_pattern PASSED
tests/test_basic.py::TestDatabaseConnection::test_get_connection PASSED
tests/test_basic.py::TestDatabaseConnection::test_foreign_keys_enabled PASSED
tests/test_basic.py::TestApplicationSetup::test_imports PASSED
tests/test_basic.py::TestApplicationSetup::test_main_module PASSED
tests/test_context_dao.py::TestContextDAO::test_create_context PASSED
tests/test_context_dao.py::TestContextDAO::test_create_context_with_existing_id_raises_error PASSED
tests/test_context_dao.py::TestContextDAO::test_create_duplicate_name_raises_error PASSED
tests/test_context_dao.py::TestContextDAO::test_get_by_id PASSED
tests/test_context_dao.py::TestContextDAO::test_get_by_id_not_found PASSED
tests/test_context_dao.py::TestContextDAO::test_get_by_name PASSED
tests/test_context_dao.py::TestContextDAO::test_get_by_name_not_found PASSED
tests/test_context_dao.py::TestContextDAO::test_get_all PASSED
tests/test_context_dao.py::TestContextDAO::test_update_context PASSED
tests/test_context_dao.py::TestContextDAO::test_update_context_without_id_raises_error PASSED
tests/test_context_dao.py::TestContextDAO::test_update_to_duplicate_name_raises_error PASSED
tests/test_context_dao.py::TestContextDAO::test_delete_context PASSED
tests/test_context_dao.py::TestContextDAO::test_delete_nonexistent_context PASSED
tests/test_context_dao.py::TestContextDAO::test_context_string_representation PASSED
tests/test_database_schema.py::TestDatabaseSchema::test_create_tables PASSED
tests/test_database_schema.py::TestDatabaseSchema::test_create_indexes PASSED
tests/test_database_schema.py::TestDatabaseSchema::test_default_settings PASSED
tests/test_database_schema.py::TestDatabaseSchema::test_foreign_key_constraints_enabled PASSED
tests/test_database_schema.py::TestDatabaseSchema::test_task_state_constraint PASSED
tests/test_database_schema.py::TestDatabaseSchema::test_task_priority_constraint PASSED
tests/test_database_schema.py::TestDatabaseSchema::test_schema_version PASSED
tests/test_database_schema.py::TestDatabaseSchema::test_unique_context_name PASSED
tests/test_database_schema.py::TestDatabaseSchema::test_unique_project_tag_name PASSED
tests/test_database_schema.py::TestDatabaseSchema::test_dependency_self_reference_constraint PASSED
tests/test_database_schema.py::TestDatabaseSchema::test_cascade_delete_task_removes_associations PASSED
tests/test_dependency_dao.py::TestDependencyDAO::test_create_dependency PASSED
tests/test_dependency_dao.py::TestDependencyDAO::test_create_dependency_with_existing_id_raises_error PASSED
tests/test_dependency_dao.py::TestDependencyDAO::test_create_circular_dependency_raises_error PASSED
tests/test_dependency_dao.py::TestDependencyDAO::test_create_indirect_circular_dependency_raises_error PASSED
tests/test_dependency_dao.py::TestDependencyDAO::test_get_by_id PASSED
tests/test_dependency_dao.py::TestDependencyDAO::test_get_by_id_not_found PASSED
tests/test_dependency_dao.py::TestDependencyDAO::test_get_dependencies_for_task PASSED
tests/test_dependency_dao.py::TestDependencyDAO::test_get_blocking_tasks PASSED
tests/test_dependency_dao.py::TestDependencyDAO::test_delete_dependency PASSED
tests/test_dependency_dao.py::TestDependencyDAO::test_delete_nonexistent_dependency PASSED
tests/test_dependency_dao.py::TestDependencyDAO::test_delete_by_tasks PASSED
tests/test_dependency_dao.py::TestDependencyDAO::test_dependency_string_representation PASSED
tests/test_elo_priority.py::TestEloToEffectivePriority::test_high_priority_band_minimum PASSED
tests/test_elo_priority.py::TestEloToEffectivePriority::test_high_priority_band_maximum PASSED
tests/test_elo_priority.py::TestEloToEffectivePriority::test_high_priority_band_middle PASSED
tests/test_elo_priority.py::TestEloToEffectivePriority::test_medium_priority_band_minimum PASSED
tests/test_elo_priority.py::TestEloToEffectivePriority::test_medium_priority_band_maximum PASSED
tests/test_elo_priority.py::TestEloToEffectivePriority::test_medium_priority_band_middle PASSED
tests/test_elo_priority.py::TestEloToEffectivePriority::test_low_priority_band_minimum PASSED
tests/test_elo_priority.py::TestEloToEffectivePriority::test_low_priority_band_maximum PASSED
tests/test_elo_priority.py::TestEloToEffectivePriority::test_low_priority_band_middle PASSED
tests/test_elo_priority.py::TestEloToEffectivePriority::test_elo_clamping_above_maximum PASSED
tests/test_elo_priority.py::TestEloToEffectivePriority::test_elo_clamping_below_minimum PASSED
tests/test_elo_priority.py::TestEloToEffectivePriority::test_band_separation_high_vs_medium PASSED
tests/test_elo_priority.py::TestEloToEffectivePriority::test_band_separation_medium_vs_low PASSED
tests/test_elo_priority.py::TestEloToEffectivePriority::test_invalid_base_priority_zero PASSED
tests/test_elo_priority.py::TestEloToEffectivePriority::test_invalid_base_priority_four PASSED
tests/test_elo_priority.py::TestEloToEffectivePriority::test_invalid_base_priority_negative PASSED
tests/test_elo_priority.py::TestEloToEffectivePriority::test_elo_granularity_high_band PASSED
tests/test_elo_priority.py::TestEloSystemProperties::test_monotonic_increase_within_band PASSED
tests/test_elo_priority.py::TestEloSystemProperties::test_band_isolation PASSED
tests/test_elo_priority.py::TestEloSystemProperties::test_default_starting_rating PASSED
tests/test_filter_persistence.py::test_focus_mode_persistence PASSED
tests/test_filter_persistence.py::test_task_list_persistence PASSED
tests/test_focus_mode_filtering.py::TestFocusModeFiltering::test_tag_filter_excludes_tasks_without_tags PASSED
tests/test_focus_mode_filtering.py::TestFocusModeFiltering::test_context_filter_excludes_tasks_without_context PASSED
tests/test_focus_mode_filtering.py::TestFocusModeFiltering::test_context_filter_includes_tasks_without_context_when_none_selected PASSED
tests/test_focus_mode_filtering.py::TestFocusModeFiltering::test_combined_filters PASSED
tests/test_initial_ranking.py::TestGetNewTasksInPriorityBand::test_filters_by_priority_band PASSED
tests/test_initial_ranking.py::TestGetNewTasksInPriorityBand::test_filters_by_comparison_count PASSED
tests/test_initial_ranking.py::TestGetNewTasksInPriorityBand::test_returns_empty_when_no_new_tasks PASSED
tests/test_initial_ranking.py::TestGetNewTasksInPriorityBand::test_filters_non_active_tasks PASSED
tests/test_initial_ranking.py::TestGetNewTasksInPriorityBand::test_includes_non_active_when_disabled PASSED
tests/test_initial_ranking.py::TestGetNewTasksInPriorityBand::test_limits_to_specified_count PASSED
tests/test_initial_ranking.py::TestGetTopBottomTasks::test_get_top_task_by_elo PASSED
tests/test_initial_ranking.py::TestGetTopBottomTasks::test_get_bottom_task_by_elo PASSED
tests/test_initial_ranking.py::TestGetTopBottomTasks::test_returns_none_when_no_tasks_in_band PASSED
tests/test_initial_ranking.py::TestGetTopBottomTasks::test_filters_non_active_tasks PASSED
tests/test_initial_ranking.py::TestGetTopBottomTasks::test_includes_non_active_when_disabled PASSED
tests/test_initial_ranking.py::TestGetRankingCandidates::test_includes_new_tasks PASSED
tests/test_initial_ranking.py::TestGetRankingCandidates::test_includes_top_and_bottom_existing PASSED
tests/test_initial_ranking.py::TestGetRankingCandidates::test_handles_single_existing_task PASSED
tests/test_initial_ranking.py::TestGetRankingCandidates::test_handles_no_existing_tasks PASSED
tests/test_initial_ranking.py::TestGetRankingCandidates::test_limits_new_tasks_to_three PASSED
tests/test_initial_ranking.py::TestGetRankingCandidates::test_max_five_tasks_total PASSED
tests/test_initial_ranking.py::TestGetRankingCandidates::test_filters_non_active_existing_tasks PASSED
tests/test_initial_ranking.py::TestCalculateEloFromRankPosition::test_first_position_gets_top_elo PASSED
tests/test_initial_ranking.py::TestCalculateEloFromRankPosition::test_last_position_gets_bottom_elo PASSED
tests/test_initial_ranking.py::TestCalculateEloFromRankPosition::test_middle_position_interpolates PASSED
tests/test_initial_ranking.py::TestCalculateEloFromRankPosition::test_single_task_gets_midpoint PASSED
tests/test_initial_ranking.py::TestAssignEloRatingsFromRanking::test_assigns_ratings_in_rank_order PASSED
tests/test_initial_ranking.py::TestAssignEloRatingsFromRanking::test_uses_default_range_when_no_existing_tasks PASSED
tests/test_initial_ranking.py::TestAssignEloRatingsFromRanking::test_handles_empty_list PASSED
tests/test_initial_ranking.py::TestCheckForNewTasks::test_detects_new_tasks_in_highest_band PASSED
tests/test_initial_ranking.py::TestCheckForNewTasks::test_returns_false_when_no_new_tasks PASSED
tests/test_initial_ranking.py::TestCheckForNewTasks::test_prioritizes_high_over_medium PASSED
tests/test_priority.py::TestUrgencyCalculation::test_no_due_date_returns_lowest_urgency PASSED
tests/test_priority.py::TestUrgencyCalculation::test_urgency_for_tasks_with_no_due_dates PASSED
tests/test_priority.py::TestUrgencyCalculation::test_single_task_with_due_date_gets_max_urgency PASSED
tests/test_priority.py::TestUrgencyCalculation::test_earliest_due_date_gets_highest_urgency PASSED
tests/test_priority.py::TestUrgencyCalculation::test_overdue_task_gets_highest_urgency PASSED
tests/test_priority.py::TestUrgencyCalculation::test_same_due_date_all_get_max_urgency PASSED
tests/test_priority.py::TestUrgencyCalculation::test_mixed_tasks_with_and_without_dates PASSED
tests/test_priority.py::TestEffectivePriority::test_no_adjustment_returns_base_priority PASSED
tests/test_priority.py::TestEffectivePriority::test_with_adjustment_subtracts_correctly PASSED
tests/test_priority.py::TestEffectivePriority::test_adjustment_never_drops_below_one PASSED
tests/test_priority.py::TestImportanceCalculation::test_importance_is_priority_times_urgency PASSED
tests/test_priority.py::TestImportanceCalculation::test_max_importance_score PASSED
tests/test_priority.py::TestImportanceCalculation::test_adjusted_priority_affects_importance PASSED
tests/test_priority.py::TestImportanceCalculation::test_importance_for_multiple_tasks PASSED
tests/test_priority.py::TestScoreBreakdown::test_score_breakdown_includes_all_fields PASSED
tests/test_priority.py::TestScoreBreakdown::test_score_breakdown_no_due_date PASSED
tests/test_ranking.py::TestActionableTasksFilter::test_active_unblocked_task_is_actionable PASSED
tests/test_ranking.py::TestActionableTasksFilter::test_completed_task_not_actionable PASSED
tests/test_ranking.py::TestActionableTasksFilter::test_deferred_task_not_actionable PASSED
tests/test_ranking.py::TestActionableTasksFilter::test_someday_task_not_actionable PASSED
tests/test_ranking.py::TestActionableTasksFilter::test_trash_task_not_actionable PASSED
tests/test_ranking.py::TestActionableTasksFilter::test_blocked_task_not_actionable PASSED
tests/test_ranking.py::TestActionableTasksFilter::test_future_start_date_not_actionable PASSED
tests/test_ranking.py::TestActionableTasksFilter::test_past_start_date_is_actionable PASSED
tests/test_ranking.py::TestActionableTasksFilter::test_mixed_task_list PASSED
tests/test_ranking.py::TestTaskRanking::test_rank_empty_list PASSED
tests/test_ranking.py::TestTaskRanking::test_rank_single_task PASSED
tests/test_ranking.py::TestTaskRanking::test_rank_by_priority PASSED
tests/test_ranking.py::TestTaskRanking::test_rank_by_urgency PASSED
tests/test_ranking.py::TestTaskRanking::test_rank_with_elo_rating PASSED
tests/test_ranking.py::TestTopRankedTasks::test_single_top_task PASSED
tests/test_ranking.py::TestTopRankedTasks::test_multiple_tied_tasks PASSED
tests/test_ranking.py::TestTopRankedTasks::test_epsilon_tolerance PASSED
tests/test_ranking.py::TestNextFocusTask::test_single_active_task_returned PASSED
tests/test_ranking.py::TestNextFocusTask::test_no_active_tasks_returns_none PASSED
tests/test_ranking.py::TestNextFocusTask::test_clear_winner_returned PASSED
tests/test_ranking.py::TestNextFocusTask::test_tied_tasks_returns_none PASSED
tests/test_ranking.py::TestNextFocusTask::test_blocked_task_excluded PASSED
tests/test_ranking.py::TestTieDetection::test_no_tied_tasks PASSED
tests/test_ranking.py::TestTieDetection::test_has_tied_tasks PASSED
tests/test_ranking.py::TestTieDetection::test_single_task_no_tie PASSED
tests/test_ranking.py::TestRankingSummary::test_summary_format PASSED
tests/test_ranking.py::TestRankingSummary::test_summary_limits_to_top_n PASSED
tests/test_review_deferred_dialog.py::test_review_dialog_shows_deferred_tasks PASSED
tests/test_review_deferred_dialog.py::test_review_dialog_empty_state PASSED
tests/test_review_deferred_dialog.py::test_review_dialog_sorts_by_importance PASSED
tests/test_review_deferred_dialog.py::test_activate_task_changes_state PASSED
tests/test_review_deferred_dialog.py::test_review_dialog_highlights_future_start_dates PASSED
tests/test_task_dao.py::TestTaskDAO::test_create_basic_task PASSED
tests/test_task_dao.py::TestTaskDAO::test_create_task_with_all_fields PASSED
tests/test_task_dao.py::TestTaskDAO::test_create_task_with_existing_id_raises_error PASSED
tests/test_task_dao.py::TestTaskDAO::test_get_by_id PASSED
tests/test_task_dao.py::TestTaskDAO::test_get_by_id_not_found PASSED
tests/test_task_dao.py::TestTaskDAO::test_get_all_tasks PASSED
tests/test_task_dao.py::TestTaskDAO::test_get_all_tasks_by_state PASSED
tests/test_task_dao.py::TestTaskDAO::test_update_task PASSED
tests/test_task_dao.py::TestTaskDAO::test_update_task_without_id_raises_error PASSED
tests/test_task_dao.py::TestTaskDAO::test_delete_task PASSED
tests/test_task_dao.py::TestTaskDAO::test_delete_nonexistent_task PASSED
tests/test_task_dao.py::TestTaskDAO::test_get_active_tasks PASSED
tests/test_task_dao.py::TestTaskDAO::test_get_deferred_tasks_ready_to_activate PASSED
tests/test_task_dao.py::TestTaskDAO::test_get_delegated_tasks_for_followup PASSED
tests/test_task_dao.py::TestTaskDAO::test_task_model_methods FAILED
tests/test_task_dao.py::TestTaskDAO::test_task_with_project_tags PASSED
tests/test_task_dao.py::TestTaskDAO::test_task_with_blocking_tasks PASSED
tests/test_task_dao.py::TestTaskDAO::test_resurface_tracking PASSED
tests/test_task_list_filtering.py::TestTaskListFiltering::test_project_tag_filter_excludes_tasks_without_tags PASSED
tests/test_task_list_filtering.py::TestTaskListFiltering::test_project_tag_filter_with_multiple_tags PASSED
tests/test_task_list_filtering.py::TestTaskListFiltering::test_context_filter_excludes_tasks_without_context PASSED
tests/test_task_list_filtering.py::TestTaskListFiltering::test_context_filter_includes_tasks_without_context_when_none_selected PASSED
tests/test_ui_context_management.py::test_context_dialog_initialization PASSED
tests/test_ui_context_management.py::test_load_contexts PASSED
tests/test_ui_context_management.py::test_create_new_context PASSED
tests/test_ui_context_management.py::test_edit_existing_context PASSED
tests/test_ui_context_management.py::test_delete_context FAILED
tests/test_ui_context_management.py::test_clear_form PASSED
tests/test_ui_project_tag_management.py::test_tag_dialog_initialization PASSED
tests/test_ui_project_tag_management.py::test_load_tags PASSED
tests/test_ui_project_tag_management.py::test_create_new_tag PASSED
tests/test_ui_project_tag_management.py::test_edit_existing_tag PASSED
tests/test_ui_project_tag_management.py::test_delete_tag FAILED
tests/test_ui_project_tag_management.py::test_color_display_updates PASSED
tests/test_ui_project_tag_management.py::test_clear_form 
Migrating database to support notification system...
Migration to notification system complete.
Migrating database to support notification system...
Migration to notification system complete.
Migrating database to support notification system...
Migration to notification system complete.
Migrating database to support notification system...
Migration to notification system complete.
Migrating database to support notification system...
Migration to notification system complete.
Migrating database to support notification system...
Migration to notification system complete.
Migrating database to support notification system...
Migration to notification system complete.
Migrating database to support notification system...
Migration to notification system complete.
Migrating database to support notification system...
Migration to notification system complete.
Migrating database to support notification system...
Migration to notification system complete.
Migrating database to support notification system...
Migration to notification system complete.
Migrating database to support notification system...
Migration to notification system complete.
Migrating database to support notification system...
Migration to notification system complete.
Migrating database to support notification system...
Migration to notification system complete.
Migrating database to support notification system...
Migration to notification system complete.
Migrating database to support notification system...
Migration to notification system complete.
Migrating database to support notification system...
Migration to notification system complete.
Migrating database to support notification system...
Migration to notification system complete.
Migrating database to support notification system...
Migration to notification system complete.
Migrating database to support notification system...
Migration to notification system complete.
Migrating database to support notification system...
Migration to notification system complete.
Migrating database to support notification system...
Migration to notification system complete.
Migrating database to support notification system...
Migration to notification system complete.
Migrating database to support notification system...
Migration to notification system complete.
Migrating database to support notification system...
Migration to notification system complete.
Migrating database to support notification system...
Migration to notification system complete.
Migrating database to support notification system...
Migration to notification system complete.
Migrating database to support notification system...
Migration to notification system complete.
Migrating database to support notification system...
Migration to notification system complete.
Migrating database to support notification system...
Migration to notification system complete.
Migrating database to support notification system...
Migration to notification system complete.
Migrating database to support notification system...
Migration to notification system complete.
Migrating database to support notification system...
Migration to notification system complete.
Migrating database to support notification system...
Migration to notification system complete.
Migrating database to support notification system...
Migration to notification system complete.
Migrating database to support notification system...
Migration to notification system complete.
Migrating database to support notification system...
Migration to notification system complete.
Migrating database to support notification system...
Migration to notification system complete.
Migrating database to support notification system...
Migration to notification system complete.
Migrating database to support notification system...
Migration to notification system complete.
Migrating database to support notification system...
Migration to notification system complete.
Migrating database to support notification system...
Migration to notification system complete.
Migrating database to support notification system...
Migration to notification system complete.
Migrating database to support notification system...
Migration to notification system complete.
Migrating database to support notification system...
Migration to notification system complete.
Migrating database to support notification system...
Migration to notification system complete.
Warning: Theme file not found: C:\Users\cdavi\GitHub_Repos\OneTaskAtATime\resources\themes\nonexistent.qss
Migrating database to support notification system...
Migration to notification system complete.
Error loading theme light: Read error
Migrating database to support notification system...
Migration to notification system complete.
Migrating database to support notification system...
Migration to notification system complete.
Migrating database to support notification system...
Migration to notification system complete.
Migrating database to support notification system...
Migration to notification system complete.
Migrating database to support notification system...
Migration to notification system complete.
Migrating database to support notification system...
Migration to notification system complete.
Migrating database to support notification system...
Migration to notification system complete.
Migrating database to support notification system...
Migration to notification system complete.
Migrating database to support notification system...
Migration to notification system complete.
Migrating database to support notification system...
Migration to notification system complete.
Migrating database to support notification system...
Migration to notification system complete.
Database connected: C:\Users\cdavi\GitHub_Repos\OneTaskAtATime\resources\onetaskatatime.db
Testing Focus Mode filter persistence...
âœ“ Context filter save/load works
âœ“ Tag filters save/load works
âœ“ Filter deletion works
Database connection closed
Focus Mode persistence tests passed!

Testing Task List View filter persistence...
Database connected: C:\Users\cdavi\GitHub_Repos\OneTaskAtATime\resources\onetaskatatime.db
âœ“ Context filters save/load works
âœ“ Tag filters save/load works
âœ“ Search text save/load works
âœ“ State filters save/load works
âœ“ Filter deletion works
Database connection closed
Task List View persistence tests passed!

Migrating database to support notification system...
Migration to notification system complete.
Migrating database to support notification system...
Migration to notification system complete.
Migrating database to support notification system...
Migration to notification system complete.
Migrating database to support notification system...
Migration to notification system complete.
Migrating database to support notification system...
Migration to notification system complete.
Migrating database to support notification system...
Migration to notification system complete.
Migrating database to support notification system...
Migration to notification system complete.
Migrating database to support notification system...
Migration to notification system complete.
Migrating database to support notification system...
Migration to notification system complete.
Migrating database to support notification system...
Migration to notification system complete.
Migrating database to support notification system...
Migration to notification system complete.
Migrating database to support notification system...
Migration to notification system complete.
Migrating database to support notification system...
Migration to notification system complete.
Migrating database to support notification system...
Migration to notification system complete.
Migrating database to support notification system...
Migration to notification system complete.
Migrating database to support notification system...
Migration to notification system complete.
Migrating database to support notification system...
Migration to notification system complete.
Migrating database to support notification system...PASSED
tests/test_ui_task_list_view.py::test_task_list_view_initialization ERROR
tests/test_ui_task_list_view.py::test_task_list_displays_tasks ERROR
tests/test_ui_task_list_view.py::test_search_filter ERROR
tests/test_ui_task_list_view.py::test_state_filter ERROR
tests/test_ui_task_list_view.py::test_task_list_sorting ERROR
tests/test_ui_task_list_view.py::test_count_label_updates ERROR
tests/ui/test_analytics_view.py::TestWidgetInitialization::test_widget_creation PASSED
tests/ui/test_analytics_view.py::TestWidgetInitialization::test_widget_has_layout PASSED
tests/ui/test_analytics_view.py::TestStatisticsDisplay::test_has_total_tasks_label PASSED
tests/ui/test_analytics_view.py::TestStatisticsDisplay::test_has_active_tasks_label PASSED
tests/ui/test_analytics_view.py::TestStatisticsDisplay::test_has_completed_tasks_label PASSED
tests/ui/test_analytics_view.py::TestStatisticsDisplay::test_has_completion_rate_label PASSED
tests/ui/test_analytics_view.py::TestChartComponents::test_has_priority_chart PASSED
tests/ui/test_analytics_view.py::TestChartComponents::test_has_state_chart PASSED
tests/ui/test_analytics_view.py::TestChartComponents::test_has_completion_trend_chart PASSED
tests/ui/test_analytics_view.py::TestDataRefresh::test_has_refresh_button PASSED
tests/ui/test_analytics_view.py::TestDataRefresh::test_has_refresh_method PASSED
tests/ui/test_analytics_view.py::TestDataRefresh::test_refresh_button_calls_refresh_data FAILED
tests/ui/test_analytics_view.py::TestDataWithPopulatedDatabase::test_displays_task_counts PASSED
tests/ui/test_analytics_view.py::TestDataWithPopulatedDatabase::test_displays_active_count PASSED
tests/ui/test_analytics_view.py::TestDataWithPopulatedDatabase::test_displays_completed_count PASSED
tests/ui/test_analytics_view.py::TestTimeRangeFilter::test_has_time_range_selector PASSED
tests/ui/test_analytics_view.py::TestTimeRangeFilter::test_time_range_options_available PASSED
tests/ui/test_analytics_view.py::TestStatisticsCalculation::test_calculates_completion_rate PASSED
tests/ui/test_analytics_view.py::TestEmptyState::test_handles_empty_database_gracefully FAILED
tests/ui/test_analytics_view.py::TestWidgetLayout::test_has_statistics_section PASSED
tests/ui/test_analytics_view.py::TestWidgetLayout::test_has_charts_section PASSED
tests/ui/test_comparison_dialog.py::TestDialogInitialization::test_dialog_creation PASSED
tests/ui/test_comparison_dialog.py::TestDialogInitialization::test_dialog_stores_both_tasks PASSED
tests/ui/test_comparison_dialog.py::TestDialogInitialization::test_dialog_has_window_title PASSED
tests/ui/test_comparison_dialog.py::TestDialogInitialization::test_dialog_has_minimum_size PASSED
tests/ui/test_comparison_dialog.py::TestDialogInitialization::test_dialog_initial_selection_is_none PASSED
tests/ui/test_comparison_dialog.py::TestTaskDisplay::test_dialog_displays_task1_title PASSED
tests/ui/test_comparison_dialog.py::TestTaskDisplay::test_dialog_displays_task2_title PASSED
tests/ui/test_comparison_dialog.py::TestTaskDisplay::test_dialog_has_task1_button PASSED
tests/ui/test_comparison_dialog.py::TestTaskDisplay::test_dialog_has_task2_button PASSED
tests/ui/test_comparison_dialog.py::TestSelectionBehavior::test_clicking_task1_button_selects_task1 PASSED
tests/ui/test_comparison_dialog.py::TestSelectionBehavior::test_clicking_task2_button_selects_task2 PASSED
tests/ui/test_comparison_dialog.py::TestSelectionBehavior::test_clicking_task1_button_accepts_dialog PASSED
tests/ui/test_comparison_dialog.py::TestSelectionBehavior::test_clicking_task2_button_accepts_dialog PASSED
tests/ui/test_comparison_dialog.py::TestGetSelectedTask::test_get_selected_task_returns_none_initially PASSED
tests/ui/test_comparison_dialog.py::TestGetSelectedTask::test_get_selected_task_returns_task1_after_selection PASSED
tests/ui/test_comparison_dialog.py::TestGetSelectedTask::test_get_selected_task_returns_task2_after_selection PASSED
tests/ui/test_comparison_dialog.py::TestCancelButton::test_dialog_has_cancel_button PASSED
tests/ui/test_comparison_dialog.py::TestCancelButton::test_cancel_button_rejects_dialog PASSED
tests/ui/test_comparison_dialog.py::TestCancelButton::test_cancel_leaves_selection_none PASSED
tests/ui/test_comparison_dialog.py::TestTaskCards::test_task1_card_displays_title PASSED
tests/ui/test_comparison_dialog.py::TestTaskCards::test_task2_card_displays_title PASSED
tests/ui/test_comparison_dialog.py::TestTaskCards::test_task1_card_displays_description PASSED
tests/ui/test_comparison_dialog.py::TestTaskCards::test_task2_card_displays_description PASSED
tests/ui/test_comparison_dialog.py::TestTaskMetadata::test_task1_card_shows_priority PASSED
tests/ui/test_comparison_dialog.py::TestTaskMetadata::test_task2_card_shows_priority PASSED
tests/ui/test_comparison_dialog.py::TestTaskMetadata::test_task1_card_shows_due_date_when_present PASSED
tests/ui/test_comparison_dialog.py::TestTaskMetadata::test_task2_card_shows_due_date_when_present PASSED
tests/ui/test_comparison_dialog.py::TestDialogLayout::test_dialog_has_instructions PASSED
tests/ui/test_comparison_dialog.py::TestDialogLayout::test_buttons_are_side_by_side PASSED
tests/ui/test_comparison_dialog.py::TestWhatsThisHelp::test_dialog_has_whats_this_text PASSED
tests/ui/test_comparison_dialog.py::TestWhatsThisHelp::test_whats_this_mentions_elo_or_priority PASSED
tests/ui/test_dependency_graph_view.py::TestDialogInitialization::test_dialog_title_set PASSED
tests/ui/test_dependency_graph_view.py::TestDialogInitialization::test_dialog_is_non_blocking PASSED
tests/ui/test_dependency_graph_view.py::TestDialogInitialization::test_minimum_size_set PASSED
tests/ui/test_dependency_graph_view.py::TestDialogInitialization::test_daos_initialized PASSED
tests/ui/test_dependency_graph_view.py::TestDialogInitialization::test_graph_display_created PASSED
tests/ui/test_dependency_graph_view.py::TestNoDependencies::test_no_blocking_tasks_message PASSED
tests/ui/test_dependency_graph_view.py::TestNoDependencies::test_no_dependent_tasks_message PASSED
tests/ui/test_dependency_graph_view.py::TestWithDependencies::test_shows_blocking_task PASSED
tests/ui/test_dependency_graph_view.py::TestWithDependencies::test_shows_dependent_task PASSED
tests/ui/test_dependency_graph_view.py::TestTreeStructure::test_simple_chain_structure PASSED
tests/ui/test_dependency_graph_view.py::TestTreeStructure::test_multi_level_chain PASSED
tests/ui/test_dependency_graph_view.py::TestTaskIcons::test_active_task_icon PASSED
tests/ui/test_dependency_graph_view.py::TestTaskIcons::test_completed_task_icon PASSED
tests/ui/test_dependency_graph_view.py::TestTaskIcons::test_deferred_task_icon PASSED
tests/ui/test_dependency_graph_view.py::TestTaskIcons::test_delegated_task_icon PASSED
tests/ui/test_dependency_graph_view.py::TestTaskIcons::test_someday_task_icon PASSED
tests/ui/test_dependency_graph_view.py::TestTaskIcons::test_trash_task_icon PASSED
tests/ui/test_dependency_graph_view.py::TestCircularDependencies::test_circular_dependency_detected PASSED
tests/ui/test_dependency_graph_view.py::TestMaxDepth::test_deep_chain_limited PASSED
tests/ui/test_dependency_graph_view.py::TestRefreshButton::test_refresh_button_exists PASSED
tests/ui/test_dependency_graph_view.py::TestRefreshButton::test_refresh_rebuilds_graph PASSED
tests/ui/test_dependency_graph_view.py::TestExportFunctionality::test_export_button_exists PASSED
tests/ui/test_dependency_graph_view.py::TestExportFunctionality::test_export_creates_file PASSED
tests/ui/test_dependency_graph_view.py::TestExportFunctionality::test_export_canceled PASSED
tests/ui/test_dependency_graph_view.py::TestExportFunctionality::test_export_handles_error PASSED
tests/ui/test_dependency_graph_view.py::TestLegend::test_legend_shows_all_states PASSED
tests/ui/test_dependency_graph_view.py::TestCloseButton::test_close_button_exists PASSED
tests/ui/test_dependency_graph_view.py::TestCloseButton::test_close_button_closes_dialog PASSED
tests/ui/test_dependency_graph_view.py::TestUnsavedTask::test_unsaved_task_shows_warning PASSED
tests/ui/test_focus_mode.py::TestTaskDisplay::test_set_task_displays_title PASSED
tests/ui/test_focus_mode.py::TestTaskDisplay::test_set_task_displays_metadata PASSED
tests/ui/test_focus_mode.py::TestTaskDisplay::test_set_task_displays_due_date PASSED
tests/ui/test_focus_mode.py::TestTaskDisplay::test_set_task_displays_description PASSED
tests/ui/test_focus_mode.py::TestTaskDisplay::test_set_task_hides_empty_description PASSED
tests/ui/test_focus_mode.py::TestTaskDisplay::test_set_task_none_shows_empty_state PASSED
tests/ui/test_focus_mode.py::TestTaskDisplay::test_get_current_task_returns_set_task PASSED
tests/ui/test_focus_mode.py::TestTaskDisplay::test_get_current_task_none_when_empty PASSED
tests/ui/test_focus_mode.py::TestButtonStates::test_buttons_enabled_with_task PASSED
tests/ui/test_focus_mode.py::TestButtonStates::test_buttons_disabled_without_task PASSED
tests/ui/test_focus_mode.py::TestSignalEmission::test_complete_button_emits_signal PASSED
tests/ui/test_focus_mode.py::TestSignalEmission::test_defer_button_emits_signal PASSED
tests/ui/test_focus_mode.py::TestSignalEmission::test_delegate_button_emits_signal PASSED
tests/ui/test_focus_mode.py::TestSignalEmission::test_someday_button_emits_signal PASSED
tests/ui/test_focus_mode.py::TestSignalEmission::test_trash_button_emits_signal PASSED
tests/ui/test_focus_mode.py::TestSignalEmission::test_refresh_button_emits_signal PASSED
tests/ui/test_focus_mode.py::TestSignalEmission::test_no_signal_when_no_task PASSED
tests/ui/test_focus_mode.py::TestFilterFunctionality::test_initial_context_filter_is_none PASSED
tests/ui/test_focus_mode.py::TestFilterFunctionality::test_initial_tag_filters_is_empty PASSED
tests/ui/test_focus_mode.py::TestFilterFunctionality::test_clear_context_filter PASSED
tests/ui/test_focus_mode.py::TestFilterFunctionality::test_clear_context_filter_emits_signal PASSED
tests/ui/test_focus_mode.py::TestFilterFunctionality::test_clear_tag_filters PASSED
tests/ui/test_focus_mode.py::TestFilterFunctionality::test_clear_tag_filters_emits_signal PASSED
tests/ui/test_focus_mode.py::TestFilterFunctionality::test_context_filter_label_updates PASSED
tests/ui/test_focus_mode.py::TestFilterFunctionality::test_tag_filter_label_updates PASSED
tests/ui/test_focus_mode.py::TestEmptyState::test_empty_state_message PASSED
tests/ui/test_focus_mode.py::TestEmptyState::test_empty_state_encourages_adding_task PASSED
tests/ui/test_focus_mode.py::TestPriorityDisplay::test_high_priority_displayed PASSED
tests/ui/test_focus_mode.py::TestPriorityDisplay::test_medium_priority_displayed PASSED
tests/ui/test_focus_mode.py::TestPriorityDisplay::test_low_priority_displayed PASSED
tests/ui/test_focus_mode.py::TestEffectivePriorityDisplay::test_adjusted_priority_shows_effective PASSED
tests/ui/test_focus_mode.py::TestWidgetProperties::test_widget_has_whats_this PASSED
tests/ui/test_focus_mode.py::TestWidgetProperties::test_buttons_have_tooltips PASSED
tests/ui/test_focus_mode.py::TestWidgetProperties::test_button_text_includes_shortcuts PASSED
tests/ui/test_main_window.py::TestWindowInitialization::test_window_title_set PASSED
tests/ui/test_main_window.py::TestWindowInitialization::test_window_has_menu_bar PASSED
tests/ui/test_main_window.py::TestWindowInitialization::test_window_has_status_bar PASSED
tests/ui/test_main_window.py::TestWindowInitialization::test_window_has_focus_mode PASSED
tests/ui/test_main_window.py::TestWindowInitialization::test_window_has_task_list_view PASSED
tests/ui/test_main_window.py::TestWindowInitialization::test_window_starts_in_focus_mode PASSED
tests/ui/test_main_window.py::TestWindowInitialization::test_services_initialized PASSED
tests/ui/test_main_window.py::TestWindowInitialization::test_test_mode_disables_scheduler PASSED
tests/ui/test_main_window.py::TestMenuBar::test_file_menu_exists PASSED
tests/ui/test_main_window.py::TestMenuBar::test_edit_menu_exists PASSED
tests/ui/test_main_window.py::TestMenuBar::test_view_menu_exists PASSED
tests/ui/test_main_window.py::TestMenuBar::test_manage_menu_exists PASSED
tests/ui/test_main_window.py::TestMenuBar::test_tools_menu_exists PASSED
tests/ui/test_main_window.py::TestMenuBar::test_help_menu_exists PASSED
tests/ui/test_main_window.py::TestMenuBar::test_new_task_action_has_shortcut PASSED
tests/ui/test_main_window.py::TestMenuBar::test_undo_action_initially_disabled PASSED
tests/ui/test_main_window.py::TestMenuBar::test_redo_action_initially_disabled PASSED
tests/ui/test_main_window.py::TestViewSwitching::test_switch_to_task_list PASSED
tests/ui/test_main_window.py::TestViewSwitching::test_switch_to_focus_mode PASSED
tests/ui/test_main_window.py::TestViewSwitching::test_toggle_view_from_focus_mode PASSED
tests/ui/test_main_window.py::TestViewSwitching::test_toggle_view_from_task_list PASSED
tests/ui/test_main_window.py::TestViewSwitching::test_view_switcher_button_updates_text PASSED
tests/ui/test_main_window.py::TestViewSwitching::test_view_switcher_button_click PASSED
tests/ui/test_main_window.py::TestKeyboardShortcuts::test_ctrl_1_shows_focus_mode FAILED
tests/ui/test_main_window.py::TestKeyboardShortcuts::test_ctrl_2_shows_task_list FAILED
tests/ui/test_main_window.py::TestKeyboardShortcuts::test_f5_refreshes_current_view FAILED
tests/ui/test_main_window.py::TestStatusBar::test_status_bar_shows_task_counts PASSED
tests/ui/test_main_window.py::TestStatusBar::test_status_bar_updates_on_task_change PASSED
tests/ui/test_main_window.py::TestTaskActions::test_complete_task_updates_status FAILED
tests/ui/test_main_window.py::TestTaskActions::test_trash_task_moves_to_trash FAILED
tests/ui/test_main_window.py::TestTaskActions::test_someday_task_moves_to_someday FAILED
tests/ui/test_main_window.py::TestDialogInvocations::test_manage_contexts_opens_dialog FAILED
tests/ui/test_main_window.py::TestDialogInvocations::test_manage_project_tags_opens_dialog FAILED
tests/ui/test_main_window.py::TestDialogInvocations::test_show_analytics_opens_dialog PASSED
tests/ui/test_main_window.py::TestDialogInvocations::test_show_settings_opens_dialog FAILED
tests/ui/test_main_window.py::TestDialogInvocations::test_show_help_opens_dialog PASSED
tests/ui/test_main_window.py::TestDialogInvocations::test_show_shortcuts_opens_dialog PASSED
tests/ui/test_main_window.py::TestUndoRedo::test_undo_action_enabled_after_command FAILED
tests/ui/test_main_window.py::TestUndoRedo::test_redo_action_enabled_after_undo FAILED
tests/ui/test_main_window.py::TestUndoRedo::test_undo_reverses_task_completion FAILED
tests/ui/test_main_window.py::TestUndoRedo::test_redo_reapplies_task_completion FAILED
tests/ui/test_main_window.py::TestWindowGeometry::test_save_window_geometry PASSED
tests/ui/test_main_window.py::TestWindowGeometry::test_restore_window_geometry PASSED
tests/ui/test_main_window.py::TestWindowGeometry::test_minimum_window_size PASSED
tests/ui/test_main_window.py::TestCloseEvent::test_close_saves_geometry FAILED
tests/ui/test_main_window.py::TestCloseEvent::test_close_shuts_down_scheduler PASSED
tests/ui/test_main_window.py::TestCloseEvent::test_close_closes_database PASSED
tests/ui/test_main_window.py::TestDeleteTrashTasks::test_delete_trash_tasks_confirmation FAILED
tests/ui/test_main_window.py::TestDeleteTrashTasks::test_delete_trash_tasks_deletes_on_confirmation PASSED
tests/ui/test_main_window.py::TestDeleteTrashTasks::test_delete_trash_tasks_no_trash_shows_info PASSED
tests/ui/test_main_window.py::TestResetPriorityAdjustments::test_reset_priority_adjustments_confirmation SKIPPED
tests/ui/test_main_window.py::TestResetPriorityAdjustments::test_reset_priority_adjustments_on_confirmation SKIPPED
tests/ui/test_main_window.py::TestFocusSearchBox::test_focus_search_box_switches_to_task_list PASSED
tests/ui/test_main_window.py::TestFocusSearchBox::test_focus_search_box_calls_task_list_focus PASSED
tests/ui/test_main_window.py::TestNotificationPanel::test_notification_panel_exists PASSED
tests/ui/test_main_window.py::TestNotificationPanel::test_notification_action_open_focus FAILED
tests/ui/test_main_window.py::TestWhatsThisMode::test_whatsthis_event_filter_installed PASSED
tests/ui/test_main_window.py::TestWhatsThisMode::test_whatsthis_filter_is_whatsthis_event_filter PASSED
tests/ui/test_main_window_dependency_persistence.py::TestTaskFormDialogDbConnection::test_task_form_dialog_receives_db_connection PASSED
tests/ui/test_main_window_dependency_persistence.py::TestTaskFormDialogDbConnection::test_task_form_dialog_has_db_connection_attribute PASSED
tests/ui/test_main_window_dependency_persistence.py::TestDependencyPersistence::test_dependencies_persisted_for_new_task PASSED
tests/ui/test_main_window_dependency_persistence.py::TestDependencyPersistence::test_no_dependencies_when_none_selected PASSED
tests/ui/test_main_window_dependency_persistence.py::TestDependencyPersistence::test_partial_dependencies_persisted PASSED
tests/ui/test_main_window_dependency_persistence.py::TestDependencyWorkflow::test_dependency_workflow_integration PASSED
tests/ui/test_management_dialogs.py::TestContextManagementDialog::test_dialog_creation PASSED
tests/ui/test_management_dialogs.py::TestContextManagementDialog::test_dialog_has_window_title PASSED
tests/ui/test_management_dialogs.py::TestContextManagementDialog::test_dialog_has_context_list PASSED
tests/ui/test_management_dialogs.py::TestContextManagementDialog::test_dialog_loads_contexts PASSED
tests/ui/test_management_dialogs.py::TestContextManagementDialog::test_dialog_has_add_button PASSED
tests/ui/test_management_dialogs.py::TestContextManagementDialog::test_dialog_has_edit_button PASSED
tests/ui/test_management_dialogs.py::TestContextManagementDialog::test_dialog_has_delete_button PASSED
tests/ui/test_management_dialogs.py::TestContextManagementDialog::test_dialog_has_close_button PASSED
tests/ui/test_management_dialogs.py::TestContextManagementDialog::test_edit_button_disabled_without_selection PASSED
tests/ui/test_management_dialogs.py::TestContextManagementDialog::test_delete_button_disabled_without_selection PASSED
tests/ui/test_management_dialogs.py::TestContextManagementDialog::test_edit_button_enabled_with_selection PASSED
tests/ui/test_management_dialogs.py::TestContextManagementDialog::test_delete_button_enabled_with_selection PASSED
tests/ui/test_management_dialogs.py::TestProjectTagManagementDialog::test_dialog_creation PASSED
tests/ui/test_management_dialogs.py::TestProjectTagManagementDialog::test_dialog_has_window_title PASSED
tests/ui/test_management_dialogs.py::TestProjectTagManagementDialog::test_dialog_has_tag_list PASSED
tests/ui/test_management_dialogs.py::TestProjectTagManagementDialog::test_dialog_loads_tags PASSED
tests/ui/test_management_dialogs.py::TestProjectTagManagementDialog::test_dialog_has_add_button PASSED
tests/ui/test_management_dialogs.py::TestProjectTagManagementDialog::test_dialog_has_edit_button PASSED
tests/ui/test_management_dialogs.py::TestProjectTagManagementDialog::test_dialog_has_delete_button PASSED
tests/ui/test_management_dialogs.py::TestProjectTagManagementDialog::test_dialog_has_close_button PASSED
tests/ui/test_management_dialogs.py::TestProjectTagManagementDialog::test_edit_button_disabled_without_selection PASSED
tests/ui/test_management_dialogs.py::TestProjectTagManagementDialog::test_delete_button_disabled_without_selection PASSED
tests/ui/test_management_dialogs.py::TestProjectTagManagementDialog::test_edit_button_enabled_with_selection PASSED
tests/ui/test_management_dialogs.py::TestProjectTagManagementDialog::test_delete_button_enabled_with_selection PASSED
tests/ui/test_management_dialogs.py::TestProjectTagManagementDialog::test_dialog_shows_tag_colors PASSED
tests/ui/test_management_dialogs.py::TestDialogSignals::test_context_dialog_has_contexts_changed_signal PASSED
tests/ui/test_management_dialogs.py::TestDialogSignals::test_tag_dialog_has_tags_changed_signal PASSED
tests/ui/test_management_dialogs.py::TestDialogRefresh::test_context_dialog_has_refresh_method PASSED
tests/ui/test_management_dialogs.py::TestDialogRefresh::test_tag_dialog_has_refresh_method PASSED
tests/ui/test_message_box.py::TestMessageBoxMethods::test_has_information_method PASSED
tests/ui/test_message_box.py::TestMessageBoxMethods::test_has_warning_method PASSED
tests/ui/test_message_box.py::TestMessageBoxMethods::test_has_critical_method PASSED
tests/ui/test_message_box.py::TestMessageBoxMethods::test_has_question_method PASSED
tests/ui/test_message_box.py::TestMessageBoxCreation::test_information_returns_result PASSED
tests/ui/test_message_box.py::TestMessageBoxCreation::test_warning_returns_result PASSED
tests/ui/test_message_box.py::TestMessageBoxCreation::test_critical_returns_result PASSED
tests/ui/test_message_box.py::TestMessageBoxCreation::test_question_returns_result PASSED
tests/ui/test_message_box.py::TestMethodSignatures::test_information_accepts_title_and_text PASSED
tests/ui/test_message_box.py::TestMethodSignatures::test_warning_accepts_title_and_text PASSED
tests/ui/test_message_box.py::TestMethodSignatures::test_critical_accepts_title_and_text PASSED
tests/ui/test_message_box.py::TestMethodSignatures::test_question_accepts_title_and_text PASSED
tests/ui/test_notification_panel.py::TestPanelInitialization::test_panel_creation PASSED
tests/ui/test_notification_panel.py::TestPanelInitialization::test_panel_has_layout PASSED
tests/ui/test_notification_panel.py::TestPanelInitialization::test_panel_initially_hidden_or_empty PASSED
tests/ui/test_notification_panel.py::TestNotificationDisplay::test_has_show_notification_method PASSED
tests/ui/test_notification_panel.py::TestNotificationDisplay::test_has_notification_list_widget PASSED
tests/ui/test_notification_panel.py::TestNotificationActions::test_has_clear_all_button PASSED
tests/ui/test_notification_panel.py::TestNotificationActions::test_clear_all_button_clears_notifications PASSED
tests/ui/test_notification_panel.py::TestNotificationDismissal::test_has_dismiss_notification_method PASSED
tests/ui/test_notification_panel.py::TestNotificationCount::test_has_count_label PASSED
tests/ui/test_notification_panel.py::TestNotificationCount::test_count_updates_when_notification_added FAILED
tests/ui/test_notification_panel.py::TestPanelSignals::test_has_notification_clicked_signal PASSED
tests/ui/test_notification_panel.py::TestPanelSignals::test_has_notification_dismissed_signal PASSED
tests/ui/test_notification_panel.py::TestPanelToggle::test_has_toggle_visibility_method PASSED
tests/ui/test_notification_panel.py::TestPanelToggle::test_panel_can_be_hidden PASSED
tests/ui/test_notification_panel.py::TestPanelToggle::test_panel_can_be_shown PASSED
tests/ui/test_postpone_dialog.py::TestDialogInitialization::test_defer_dialog_creation PASSED
tests/ui/test_postpone_dialog.py::TestDialogInitialization::test_delegate_dialog_creation PASSED
tests/ui/test_postpone_dialog.py::TestDialogInitialization::test_dialog_has_window_title PASSED
tests/ui/test_postpone_dialog.py::TestDialogInitialization::test_dialog_displays_task_title PASSED
tests/ui/test_postpone_dialog.py::TestDeferMode::test_defer_dialog_has_date_picker PASSED
tests/ui/test_postpone_dialog.py::TestDeferMode::test_defer_dialog_date_picker_visible FAILED
tests/ui/test_postpone_dialog.py::TestDeferMode::test_defer_dialog_default_date_is_tomorrow PASSED
tests/ui/test_postpone_dialog.py::TestDelegateMode::test_delegate_dialog_has_person_field PASSED
tests/ui/test_postpone_dialog.py::TestDelegateMode::test_delegate_dialog_has_followup_date PASSED
tests/ui/test_postpone_dialog.py::TestDelegateMode::test_delegate_dialog_person_field_visible FAILED
tests/ui/test_postpone_dialog.py::TestDelegateMode::test_delegate_dialog_followup_date_visible FAILED
tests/ui/test_postpone_dialog.py::TestReasonTypeSelection::test_dialog_has_reason_buttons PASSED
tests/ui/test_postpone_dialog.py::TestReasonTypeSelection::test_dialog_has_blocker_reason_option PASSED
tests/ui/test_postpone_dialog.py::TestReasonTypeSelection::test_dialog_has_subtasks_reason_option PASSED
tests/ui/test_postpone_dialog.py::TestReasonTypeSelection::test_dialog_has_dependency_reason_option PASSED
tests/ui/test_postpone_dialog.py::TestReasonTypeSelection::test_dialog_has_not_ready_reason_option PASSED
tests/ui/test_postpone_dialog.py::TestNotesField::test_dialog_has_notes_field PASSED
tests/ui/test_postpone_dialog.py::TestNotesField::test_notes_field_is_text_edit PASSED
tests/ui/test_postpone_dialog.py::TestButtonBehavior::test_dialog_has_ok_button PASSED
tests/ui/test_postpone_dialog.py::TestButtonBehavior::test_dialog_has_cancel_button PASSED
tests/ui/test_postpone_dialog.py::TestButtonBehavior::test_cancel_button_rejects_dialog PASSED
tests/ui/test_postpone_dialog.py::TestResultCollection::test_get_result_returns_dict PASSED
tests/ui/test_postpone_dialog.py::TestResultCollection::test_defer_result_includes_start_date PASSED
tests/ui/test_postpone_dialog.py::TestResultCollection::test_defer_result_includes_reason_type PASSED
tests/ui/test_postpone_dialog.py::TestResultCollection::test_defer_result_includes_notes PASSED
tests/ui/test_postpone_dialog.py::TestResultCollection::test_delegate_result_includes_person PASSED
tests/ui/test_postpone_dialog.py::TestResultCollection::test_delegate_result_includes_followup_date PASSED
tests/ui/test_postpone_dialog.py::TestValidation::test_defer_requires_reason_selection PASSED
tests/ui/test_postpone_dialog.py::TestValidation::test_delegate_requires_person_name PASSED
tests/ui/test_postpone_dialog.py::TestValidation::test_delegate_valid_with_person_name PASSED
tests/ui/test_postpone_dialog.py::TestBlockerHandling::test_selecting_blocker_shows_blocker_field PASSED
tests/ui/test_postpone_dialog.py::TestBlockerHandling::test_blocker_result_includes_description PASSED
tests/ui/test_postpone_dialog.py::TestDependencyHandling::test_selecting_dependency_shows_dependency_field PASSED
tests/ui/test_postpone_dialog.py::TestSubtasksHandling::test_selecting_subtasks_indicates_breakdown_needed PASSED
tests/ui/test_postpone_dialog.py::TestDialogLayout::test_dialog_has_minimum_size PASSED
tests/ui/test_postpone_dialog.py::TestDialogLayout::test_defer_fields_hidden_in_delegate_mode PASSED
tests/ui/test_postpone_dialog.py::TestDialogLayout::test_delegate_fields_hidden_in_defer_mode PASSED
tests/ui/test_review_dialogs.py::TestReviewDeferredDialog::test_dialog_creation PASSED
tests/ui/test_review_dialogs.py::TestReviewDeferredDialog::test_dialog_has_task_list PASSED
tests/ui/test_review_dialogs.py::TestReviewDeferredDialog::test_dialog_loads_deferred_tasks PASSED
tests/ui/test_review_dialogs.py::TestReviewDeferredDialog::test_dialog_has_activate_button PASSED
tests/ui/test_review_dialogs.py::TestReviewDeferredDialog::test_dialog_has_close_button PASSED
tests/ui/test_review_dialogs.py::TestReviewDeferredDialog::test_dialog_has_window_title PASSED
tests/ui/test_review_dialogs.py::TestReviewDelegatedDialog::test_dialog_creation PASSED
tests/ui/test_review_dialogs.py::TestReviewDelegatedDialog::test_dialog_has_task_list PASSED
tests/ui/test_review_dialogs.py::TestReviewDelegatedDialog::test_dialog_loads_delegated_tasks PASSED
tests/ui/test_review_dialogs.py::TestReviewDelegatedDialog::test_dialog_shows_delegate_person PASSED
tests/ui/test_review_dialogs.py::TestReviewDelegatedDialog::test_dialog_has_activate_button PASSED
tests/ui/test_review_dialogs.py::TestReviewDelegatedDialog::test_dialog_has_close_button PASSED
tests/ui/test_review_dialogs.py::TestReviewSomedayDialog::test_dialog_creation PASSED
tests/ui/test_review_dialogs.py::TestReviewSomedayDialog::test_dialog_has_task_list PASSED
tests/ui/test_review_dialogs.py::TestReviewSomedayDialog::test_dialog_loads_someday_tasks PASSED
tests/ui/test_review_dialogs.py::TestReviewSomedayDialog::test_dialog_has_activate_button PASSED
tests/ui/test_review_dialogs.py::TestReviewSomedayDialog::test_dialog_has_trash_button PASSED
tests/ui/test_review_dialogs.py::TestReviewSomedayDialog::test_dialog_has_close_button PASSED
tests/ui/test_review_dialogs.py::TestCommonReviewDialogBehavior::test_deferred_dialog_has_refresh_method PASSED
tests/ui/test_review_dialogs.py::TestCommonReviewDialogBehavior::test_delegated_dialog_has_refresh_method PASSED
tests/ui/test_review_dialogs.py::TestCommonReviewDialogBehavior::test_someday_dialog_has_refresh_method PASSED
tests/ui/test_review_dialogs.py::TestTaskSelection::test_deferred_dialog_enables_activate_on_selection PASSED
tests/ui/test_review_dialogs.py::TestTaskSelection::test_delegated_dialog_enables_activate_on_selection PASSED
tests/ui/test_review_dialogs.py::TestTaskSelection::test_someday_dialog_enables_actions_on_selection PASSED
tests/ui/test_sequential_ranking_dialog.py::TestDialogInitialization::test_dialog_title_includes_priority PASSED
tests/ui/test_sequential_ranking_dialog.py::TestDialogInitialization::test_minimum_size_set PASSED
tests/ui/test_sequential_ranking_dialog.py::TestDialogInitialization::test_new_tasks_stored PASSED
tests/ui/test_sequential_ranking_dialog.py::TestDialogInitialization::test_existing_tasks_stored PASSED
tests/ui/test_sequential_ranking_dialog.py::TestDialogInitialization::test_whatsthis_help_enabled PASSED
tests/ui/test_sequential_ranking_dialog.py::TestDialogInitialization::test_initial_mode_is_selection PASSED
tests/ui/test_sequential_ranking_dialog.py::TestTaskListPopulation::test_all_new_tasks_displayed PASSED
tests/ui/test_sequential_ranking_dialog.py::TestTaskListPopulation::test_existing_tasks_included PASSED
tests/ui/test_sequential_ranking_dialog.py::TestTaskListPopulation::test_single_existing_task PASSED
tests/ui/test_sequential_ranking_dialog.py::TestTaskListPopulation::test_no_existing_tasks PASSED
tests/ui/test_sequential_ranking_dialog.py::TestTaskListPopulation::test_first_item_selected_initially PASSED
tests/ui/test_sequential_ranking_dialog.py::TestTaskRankingItem::test_task_item_displays_title PASSED
tests/ui/test_sequential_ranking_dialog.py::TestTaskRankingItem::test_new_task_styling PASSED
tests/ui/test_sequential_ranking_dialog.py::TestTaskRankingItem::test_existing_task_styling PASSED
tests/ui/test_sequential_ranking_dialog.py::TestTaskRankingItem::test_mode_indicator_initially_hidden PASSED
tests/ui/test_sequential_ranking_dialog.py::TestTaskRankingItem::test_selection_mode_indicator FAILED
tests/ui/test_sequential_ranking_dialog.py::TestTaskRankingItem::test_movement_mode_indicator FAILED
tests/ui/test_sequential_ranking_dialog.py::TestTaskRankingItem::test_clear_mode_indicator PASSED
tests/ui/test_sequential_ranking_dialog.py::TestModeIndicator::test_mode_indicator_exists PASSED
tests/ui/test_sequential_ranking_dialog.py::TestModeIndicator::test_mode_indicator_shows_selection_initially PASSED
tests/ui/test_sequential_ranking_dialog.py::TestButtonActions::test_save_button_exists PASSED
tests/ui/test_sequential_ranking_dialog.py::TestButtonActions::test_skip_button_exists PASSED
tests/ui/test_sequential_ranking_dialog.py::TestResultRetrieval::test_get_ranked_tasks_returns_list PASSED
tests/ui/test_sequential_ranking_dialog.py::TestResultRetrieval::test_get_ranked_tasks_returns_only_new_tasks PASSED
tests/ui/test_sequential_ranking_dialog.py::TestResultRetrieval::test_get_ranked_tasks_preserves_order PASSED
tests/ui/test_sequential_ranking_dialog.py::TestDragAndDrop::test_drag_drop_enabled PASSED
tests/ui/test_sequential_ranking_dialog.py::TestDragAndDrop::test_single_selection_mode PASSED
tests/ui/test_sequential_ranking_dialog.py::TestInstructions::test_instructions_displayed PASSED
tests/ui/test_sequential_ranking_dialog.py::TestInstructions::test_instructions_mention_enter_key PASSED
tests/ui/test_sequential_ranking_dialog.py::TestInstructions::test_instructions_mention_drag_drop PASSED
tests/ui/test_sequential_ranking_dialog.py::TestTaskCountDisplay::test_new_task_count_displayed PASSED
tests/ui/test_sequential_ranking_dialog.py::TestTaskCountDisplay::test_existing_task_count_displayed PASSED
tests/ui/test_sequential_ranking_dialog.py::TestPriorityBand::test_low_priority_band_displayed PASSED
tests/ui/test_sequential_ranking_dialog.py::TestPriorityBand::test_medium_priority_band_displayed PASSED
tests/ui/test_sequential_ranking_dialog.py::TestPriorityBand::test_high_priority_band_displayed PASSED
tests/ui/test_sequential_ranking_dialog.py::TestListFocus::test_list_has_focus_initially PASSED
tests/ui/test_sequential_ranking_dialog.py::TestSingleTask::test_single_new_task PASSED
tests/ui/test_sequential_ranking_dialog.py::TestEdgeCases::test_same_task_as_top_and_bottom PASSED
tests/ui/test_settings_dialog.py::TestDialogInitialization::test_dialog_creation PASSED
tests/ui/test_settings_dialog.py::TestDialogInitialization::test_dialog_has_window_title PASSED
tests/ui/test_settings_dialog.py::TestDialogInitialization::test_dialog_has_minimum_size PASSED
tests/ui/test_settings_dialog.py::TestTabStructure::test_dialog_has_tab_widget PASSED
tests/ui/test_settings_dialog.py::TestTabStructure::test_dialog_has_resurfacing_tab PASSED
tests/ui/test_settings_dialog.py::TestTabStructure::test_dialog_has_notifications_tab PASSED
tests/ui/test_settings_dialog.py::TestTabStructure::test_dialog_has_triggers_tab PASSED
tests/ui/test_settings_dialog.py::TestTabStructure::test_dialog_has_intervention_tab PASSED
tests/ui/test_settings_dialog.py::TestTabStructure::test_dialog_has_theme_tab PASSED
tests/ui/test_settings_dialog.py::TestTabStructure::test_tab_count_is_five_or_more PASSED
tests/ui/test_settings_dialog.py::TestResurfacingSettings::test_has_deferred_interval_control PASSED
tests/ui/test_settings_dialog.py::TestResurfacingSettings::test_has_delegated_interval_control PASSED
tests/ui/test_settings_dialog.py::TestResurfacingSettings::test_has_someday_interval_control PASSED
tests/ui/test_settings_dialog.py::TestNotificationSettings::test_has_notification_enabled_checkbox PASSED
tests/ui/test_settings_dialog.py::TestNotificationSettings::test_has_toast_notification_checkbox PASSED
tests/ui/test_settings_dialog.py::TestInterventionSettings::test_has_postpone_threshold_control PASSED
tests/ui/test_settings_dialog.py::TestInterventionSettings::test_has_postpone_window_control PASSED
tests/ui/test_settings_dialog.py::TestThemeSettings::test_has_theme_selector PASSED
tests/ui/test_settings_dialog.py::TestThemeSettings::test_theme_selector_has_options PASSED
tests/ui/test_settings_dialog.py::TestButtonBehavior::test_dialog_has_save_button PASSED
tests/ui/test_settings_dialog.py::TestButtonBehavior::test_dialog_has_cancel_button PASSED
tests/ui/test_settings_dialog.py::TestButtonBehavior::test_cancel_button_rejects_dialog PASSED
tests/ui/test_settings_dialog.py::TestButtonBehavior::test_save_button_accepts_dialog PASSED
tests/ui/test_settings_dialog.py::TestSignalEmission::test_emits_settings_saved_signal PASSED
tests/ui/test_settings_dialog.py::TestSettingsLoading::test_loads_settings_on_initialization PASSED
tests/ui/test_settings_dialog.py::TestSettingsSaving::test_saves_resurfacing_intervals PASSED
tests/ui/test_settings_dialog.py::TestSettingsSaving::test_saves_notification_preferences PASSED
tests/ui/test_settings_dialog.py::TestWizardButton::test_has_rerun_wizard_button PASSED
tests/ui/test_settings_dialog.py::TestWizardButton::test_rerun_wizard_button_emits_signal PASSED
tests/ui/test_settings_dialog.py::TestWhatsThisHelp::test_dialog_has_whats_this_text PASSED
tests/ui/test_settings_dialog.py::TestWhatsThisHelp::test_whats_this_mentions_settings PASSED
tests/ui/test_settings_dialog.py::TestDialogLayout::test_tabs_have_reasonable_content PASSED
tests/ui/test_shortcuts_dialog.py::test_dialog_creation PASSED
tests/ui/test_shortcuts_dialog.py::test_has_tab_widget PASSED
tests/ui/test_shortcuts_dialog.py::test_tab_names PASSED
tests/ui/test_shortcuts_dialog.py::test_shortcuts_data_structure PASSED
tests/ui/test_shortcuts_dialog.py::test_all_shortcuts_have_descriptions PASSED
tests/ui/test_shortcuts_dialog.py::test_focus_mode_shortcuts_present PASSED
tests/ui/test_shortcuts_dialog.py::test_dialog_minimum_size PASSED
tests/ui/test_shortcuts_dialog.py::test_print_button_enabled PASSED
tests/ui/test_shortcuts_dialog.py::test_generate_shortcuts_html PASSED
tests/ui/test_subtask_breakdown_dialog.py::TestDialogInitialization::test_dialog_title_set PASSED
tests/ui/test_subtask_breakdown_dialog.py::TestDialogInitialization::test_minimum_size_set PASSED
tests/ui/test_subtask_breakdown_dialog.py::TestDialogInitialization::test_task_stored PASSED
tests/ui/test_subtask_breakdown_dialog.py::TestDialogInitialization::test_created_tasks_empty_initially PASSED
tests/ui/test_subtask_breakdown_dialog.py::TestDialogInitialization::test_db_connection_inherited_from_parent PASSED
tests/ui/test_subtask_breakdown_dialog.py::TestDialogInitialization::test_whatsthis_help_enabled PASSED
tests/ui/test_subtask_breakdown_dialog.py::TestUIComponents::test_task_list_exists PASSED
tests/ui/test_subtask_breakdown_dialog.py::TestUIComponents::test_add_button_exists PASSED
tests/ui/test_subtask_breakdown_dialog.py::TestUIComponents::test_edit_button_exists PASSED
tests/ui/test_subtask_breakdown_dialog.py::TestUIComponents::test_delete_button_exists PASSED
tests/ui/test_subtask_breakdown_dialog.py::TestUIComponents::test_delete_original_checkbox_exists PASSED
tests/ui/test_subtask_breakdown_dialog.py::TestUIComponents::test_edit_button_initially_disabled PASSED
tests/ui/test_subtask_breakdown_dialog.py::TestUIComponents::test_delete_button_initially_disabled PASSED
tests/ui/test_subtask_breakdown_dialog.py::TestAddingTasks::test_add_task_opens_dialog PASSED
tests/ui/test_subtask_breakdown_dialog.py::TestAddingTasks::test_add_task_inherits_priority PASSED
tests/ui/test_subtask_breakdown_dialog.py::TestAddingTasks::test_add_task_inherits_due_date PASSED
tests/ui/test_subtask_breakdown_dialog.py::TestAddingTasks::test_add_task_adds_to_list PASSED
tests/ui/test_subtask_breakdown_dialog.py::TestAddingTasks::test_add_task_updates_list_widget PASSED
tests/ui/test_subtask_breakdown_dialog.py::TestEditingTasks::test_edit_button_enabled_with_selection PASSED
tests/ui/test_subtask_breakdown_dialog.py::TestEditingTasks::test_edit_task_opens_dialog PASSED
tests/ui/test_subtask_breakdown_dialog.py::TestEditingTasks::test_edit_task_updates_task PASSED
tests/ui/test_subtask_breakdown_dialog.py::TestEditingTasks::test_double_click_edits_task FAILED
tests/ui/test_subtask_breakdown_dialog.py::TestDeletingTasks::test_delete_button_enabled_with_selection PASSED
tests/ui/test_subtask_breakdown_dialog.py::TestDeletingTasks::test_delete_task_requires_confirmation PASSED
tests/ui/test_subtask_breakdown_dialog.py::TestDeletingTasks::test_delete_task_removes_from_list PASSED
tests/ui/test_subtask_breakdown_dialog.py::TestDeletingTasks::test_delete_task_no_selection PASSED
tests/ui/test_subtask_breakdown_dialog.py::TestTaskListDisplay::test_task_title_displayed PASSED
tests/ui/test_subtask_breakdown_dialog.py::TestTaskListDisplay::test_priority_displayed PASSED
tests/ui/test_subtask_breakdown_dialog.py::TestTaskListDisplay::test_due_date_displayed PASSED
tests/ui/test_subtask_breakdown_dialog.py::TestTaskListDisplay::test_multiple_tasks_displayed PASSED
tests/ui/test_subtask_breakdown_dialog.py::TestValidation::test_confirm_without_tasks_shows_warning PASSED
tests/ui/test_subtask_breakdown_dialog.py::TestValidation::test_confirm_with_tasks_succeeds PASSED
tests/ui/test_subtask_breakdown_dialog.py::TestDeleteOriginalOption::test_delete_original_unchecked_by_default PASSED
tests/ui/test_subtask_breakdown_dialog.py::TestDeleteOriginalOption::test_delete_original_can_be_checked PASSED
tests/ui/test_subtask_breakdown_dialog.py::TestDeleteOriginalOption::test_delete_original_requires_confirmation PASSED
tests/ui/test_subtask_breakdown_dialog.py::TestDeleteOriginalOption::test_delete_original_with_confirmation_succeeds PASSED
tests/ui/test_subtask_breakdown_dialog.py::TestResultRetrieval::test_get_result_returns_dict PASSED
tests/ui/test_subtask_breakdown_dialog.py::TestResultRetrieval::test_get_result_contains_created_tasks PASSED
tests/ui/test_subtask_breakdown_dialog.py::TestResultRetrieval::test_get_result_contains_delete_original_flag PASSED
tests/ui/test_subtask_breakdown_dialog.py::TestButtonState::test_buttons_disabled_initially PASSED
tests/ui/test_subtask_breakdown_dialog.py::TestButtonState::test_buttons_enabled_after_selection PASSED
tests/ui/test_subtask_breakdown_dialog.py::TestButtonState::test_buttons_disabled_after_deselection PASSED
tests/ui/test_task_form_enhanced.py::TestDialogInitialization::test_dialog_creation_new_task PASSED
tests/ui/test_task_form_enhanced.py::TestDialogInitialization::test_dialog_creation_edit_task PASSED
tests/ui/test_task_form_enhanced.py::TestDialogInitialization::test_dialog_has_title_field PASSED
tests/ui/test_task_form_enhanced.py::TestDialogInitialization::test_dialog_has_description_field PASSED
tests/ui/test_task_form_enhanced.py::TestDialogInitialization::test_dialog_has_priority_selection PASSED
tests/ui/test_task_form_enhanced.py::TestDialogInitialization::test_dialog_has_due_date_field PASSED
tests/ui/test_task_form_enhanced.py::TestDialogInitialization::test_dialog_has_start_date_field PASSED
tests/ui/test_task_form_enhanced.py::TestDialogInitialization::test_dialog_has_save_button PASSED
tests/ui/test_task_form_enhanced.py::TestDialogInitialization::test_dialog_has_cancel_button PASSED
tests/ui/test_task_form_enhanced.py::TestTaskDataLoading::test_edit_form_loads_title PASSED
tests/ui/test_task_form_enhanced.py::TestTaskDataLoading::test_edit_form_loads_description PASSED
tests/ui/test_task_form_enhanced.py::TestTaskDataLoading::test_edit_form_loads_priority PASSED
tests/ui/test_task_form_enhanced.py::TestTaskDataLoading::test_new_form_has_empty_title PASSED
tests/ui/test_task_form_enhanced.py::TestTaskDataLoading::test_new_form_has_empty_description PASSED
tests/ui/test_task_form_enhanced.py::TestTaskDataLoading::test_new_form_default_priority_is_medium PASSED
tests/ui/test_task_form_enhanced.py::TestFormValidation::test_validate_requires_title PASSED
tests/ui/test_task_form_enhanced.py::TestFormValidation::test_validate_accepts_title_only PASSED
tests/ui/test_task_form_enhanced.py::TestFormValidation::test_validate_accepts_with_description PASSED
tests/ui/test_task_form_enhanced.py::TestFormValidation::test_validate_whitespace_only_title_fails PASSED
tests/ui/test_task_form_enhanced.py::TestTaskCreation::test_get_task_returns_task_object PASSED
tests/ui/test_task_form_enhanced.py::TestTaskCreation::test_get_task_includes_title PASSED
tests/ui/test_task_form_enhanced.py::TestTaskCreation::test_get_task_includes_description PASSED
tests/ui/test_task_form_enhanced.py::TestTaskCreation::test_get_task_includes_priority PASSED
tests/ui/test_task_form_enhanced.py::TestTaskCreation::test_new_task_has_active_state PASSED
tests/ui/test_task_form_enhanced.py::TestDateHandling::test_due_date_checkbox_controls_field PASSED
tests/ui/test_task_form_enhanced.py::TestDateHandling::test_start_date_checkbox_controls_field PASSED
tests/ui/test_task_form_enhanced.py::TestDateHandling::test_get_task_includes_due_date_when_set PASSED
tests/ui/test_task_form_enhanced.py::TestDateHandling::test_get_task_no_due_date_when_unchecked PASSED
tests/ui/test_task_form_enhanced.py::TestContextSelection::test_dialog_has_context_combo PASSED
tests/ui/test_task_form_enhanced.py::TestContextSelection::test_context_combo_has_none_option PASSED
tests/ui/test_task_form_enhanced.py::TestProjectTagSelection::test_dialog_has_tag_list PASSED
tests/ui/test_task_form_enhanced.py::TestProjectTagSelection::test_tag_list_allows_multiple_selection PASSED
tests/ui/test_task_form_enhanced.py::TestButtonBehavior::test_cancel_button_rejects_dialog PASSED
tests/ui/test_task_form_enhanced.py::TestButtonBehavior::test_save_button_disabled_with_empty_title PASSED
tests/ui/test_task_form_enhanced.py::TestRecurrenceSupport::test_dialog_has_recurrence_checkbox PASSED
tests/ui/test_task_form_enhanced.py::TestRecurrenceSupport::test_recurrence_checkbox_enables_pattern_button PASSED
tests/ui/test_task_form_enhanced.py::TestDependencySupport::test_dialog_has_dependencies_button PASSED
tests/ui/test_task_form_enhanced.py::TestDependencySupport::test_dialog_has_dependencies_label PASSED
tests/ui/test_task_form_enhanced.py::TestStateManagement::test_edit_form_has_state_combo PASSED
tests/ui/test_task_form_enhanced.py::TestStateManagement::test_edit_form_loads_current_state PASSED
tests/ui/test_task_form_enhanced.py::TestFormLayout::test_dialog_is_scrollable PASSED
tests/ui/test_task_form_enhanced.py::TestFormLayout::test_dialog_has_minimum_size PASSED
tests/ui/test_task_form_enhanced.py::TestFormLayout::test_dialog_has_window_title PASSED
tests/ui/test_welcome_wizard.py::test_wizard_creation PASSED
tests/ui/test_welcome_wizard.py::test_wizard_has_five_pages PASSED
tests/ui/test_welcome_wizard.py::test_wizard_style PASSED
tests/ui/test_welcome_wizard.py::test_wizard_minimum_size PASSED
tests/ui/test_welcome_wizard.py::test_create_first_task_page_has_form_fields PASSED
tests/ui/test_welcome_wizard.py::test_create_first_task_page_default_priority PASSED
tests/ui/test_welcome_wizard.py::test_create_first_task_page_get_priority PASSED
tests/ui/test_welcome_wizard.py::test_final_page_has_tutorial_checkbox PASSED
ERROR: Coverage failure: total of 63 is less than fail-under=85


============================== warnings summary ===============================
tests/database/test_task_history_dao.py: 55 warnings
tests/e2e/test_concurrency.py: 7 warnings
tests/e2e/test_core_workflows.py: 30 warnings
tests/e2e/test_edge_cases.py: 24 warnings
tests/e2e/test_resurfacing_system.py: 21 warnings
tests/e2e/test_state_transitions.py: 33 warnings
tests/integration/test_phase8_workflows.py: 10 warnings
tests/performance/test_memory_leaks.py: 102 warnings
tests/performance/test_performance_benchmarks.py: 1102 warnings
tests/services/test_task_history_service.py: 8 warnings
tests/services/test_task_service.py: 59 warnings
tests/test_review_deferred_dialog.py: 9 warnings
tests/ui/test_main_window_dependency_persistence.py: 8 warnings
  C:\Users\cdavi\GitHub_Repos\OneTaskAtATime\src\database\task_history_dao.py:47: DeprecationWarning: The default datetime adapter is deprecated as of Python 3.12; see the sqlite3 documentation for suggested replacement recipes
    cursor.execute(

tests/database/test_task_history_dao.py::TestTaskHistoryDAO::test_get_date_range
tests/database/test_task_history_dao.py::TestTaskHistoryDAO::test_get_date_range
tests/database/test_task_history_dao.py::TestTaskHistoryDAO::test_get_date_range
tests/database/test_task_history_dao.py::TestTaskHistoryDAO::test_get_date_range
  C:\Users\cdavi\GitHub_Repos\OneTaskAtATime\src\database\task_history_dao.py:187: DeprecationWarning: The default date adapter is deprecated as of Python 3.12; see the sqlite3 documentation for suggested replacement recipes
    cursor.execute(

-- Docs: https://docs.pytest.org/en/stable/how-to/capture-warnings.html
=============================== tests coverage ================================
_______________ coverage: platform win32, python 3.14.0-final-0 _______________

Name                                              Stmts   Miss  Cover   Missing
-------------------------------------------------------------------------------
src\__init__.py                                       1      0   100%
src\algorithms\__init__.py                            0      0   100%
src\algorithms\initial_ranking.py                    71      0   100%
src\algorithms\priority.py                           71      2    97%   87-89
src\algorithms\ranking.py                            88      4    95%   130, 178, 192, 244
src\commands\__init__.py                             11      0   100%
src\commands\base_command.py                         11      3    73%   26, 36, 46
src\commands\change_priority_command.py              39      3    92%   25, 43, 57
src\commands\change_state_command.py                 33      0   100%
src\commands\complete_task_command.py                53      7    87%   68, 76, 100, 104-110, 123
src\commands\defer_task_command.py                   36      0   100%
src\commands\defer_with_dependencies_command.py      75      2    97%   80, 131
src\commands\defer_with_subtasks_command.py          78      3    96%   109, 140, 162
src\commands\delegate_task_command.py                39      0   100%
src\commands\delete_task_command.py                  34      5    85%   84, 89-91, 96
src\commands\edit_task_command.py                    26      0   100%
src\database\__init__.py                              8      0   100%
src\database\comparison_dao.py                       29      0   100%
src\database\connection.py                           44      5    89%   78, 90-91, 95-96
src\database\context_dao.py                          52      0   100%
src\database\dependency_dao.py                       73      2    97%   71, 249
src\database\notification_dao.py                     92      4    96%   289-290, 301-302
src\database\postpone_history_dao.py                 49      0   100%
src\database\project_tag_dao.py                      56      0   100%
src\database\schema.py                              115     43    63%   379-381, 423-424, 429-486, 507-508, 513-545
src\database\seed_data.py                            73     73     0%   7-289
src\database\settings_dao.py                         76      1    99%   165
src\database\task_dao.py                            107      1    99%   250
src\database\task_history_dao.py                     52      0   100%
src\main.py                                          13      8    38%   17-25, 29
src\models\__init__.py                                8      0   100%
src\models\context.py                                13      0   100%
src\models\dependency.py                             11      0   100%
src\models\enums.py                                  55      5    91%   22, 37, 54, 66, 94
src\models\notification.py                           65     40    38%   59, 83-108, 127-133, 142-158
src\models\postpone_record.py                        14      2    86%   39, 43
src\models\project_tag.py                            14      2    86%   38, 42
src\models\recurrence_pattern.py                    156     55    65%   62, 64, 66, 106, 151-153, 165-177, 181-195, 202-211, 228-252, 274, 281, 289-302, 308-311, 318
src\models\task.py                                   67      4    94%   128, 132, 150, 194
src\models\task_comparison.py                        11      2    82%   37, 41
src\models\task_history_event.py                     15      1    93%   44
src\services\__init__.py                              0      0   100%
src\services\accessibility_service.py                83     20    76%   99-107, 139-147, 160-182
src\services\comparison_service.py                   97     21    78%   155-173, 258-267
src\services\data_reset_service.py                   74      5    93%   151-157
src\services\error_service.py                        70     17    76%   182-185, 240, 274, 305-314, 325-328
src\services\export_service.py                      132      5    96%   176-177, 304, 327, 351
src\services\first_run_detector.py                   31     18    42%   34-45, 49-59, 68-79, 83-93
src\services\import_service.py                      210     22    90%   182, 196, 277-282, 315, 422-423, 440-456, 466-482, 492-505
src\services\keyboard_navigation_manager.py          95      2    98%   188, 198
src\services\notification_manager.py                115     28    76%   113-114, 130-132, 143-145, 157-159, 184-186, 211-213, 233-235, 256-258, 276-278, 307-308
src\services\postpone_suggestion_service.py          88      1    99%   60
src\services\postpone_workflow_service.py            65      5    92%   133-134, 206, 232-233
src\services\recurrence_service.py                   36      0   100%
src\services\resurfacing_scheduler.py               132     16    88%   133-134, 296-297, 315-318, 326-339
src\services\resurfacing_service.py                 130     29    78%   98-99, 117-118, 155-156, 174-175, 245-276, 292-294, 315-316
src\services\task_history_service.py                147     76    48%   72, 181-192, 211-218, 237-244, 265-275, 296-307, 332-348, 421, 427, 446-447, 450-470, 476, 479, 482, 485, 488, 491, 499-541
src\services\task_service.py                        177     14    92%   235, 272, 353, 394, 407, 448-453, 490, 500-502
src\services\theme_service.py                        52      0   100%
src\services\toast_notification_service.py           44      6    86%   48-53
src\services\undo_manager.py                         64      6    91%   89-90, 100, 115-116, 156
src\ui\__init__.py                                    0      0   100%
src\ui\activated_tasks_dialog.py                     92     17    82%   139, 143-150, 162-179
src\ui\analytics_view.py                            297     93    69%   52, 256-259, 312-332, 337-388, 392-420, 424-444, 448-455, 459-467, 471-487
src\ui\column_manager_dialog.py                     141    141     0%   7-317
src\ui\comparison_dialog.py                         227     75    67%   185-192, 196-207, 245-248, 359, 368-374, 383-389, 408-418, 422-457, 463-490, 499
src\ui\context_filter_dialog.py                     121    121     0%   7-280
src\ui\context_management_dialog.py                 171     16    91%   236, 289-296, 327-328, 339-345, 361-373
src\ui\context_single_select_dialog.py               74     74     0%   7-165
src\ui\dependency_graph_view.py                     153      7    95%   59, 209, 215-218, 269
src\ui\dependency_selection_dialog.py               208    208     0%   7-516
src\ui\enhanced_error_dialog.py                     125    125     0%   7-257
src\ui\export_dialog.py                             184    159    14%   37-41, 45-60, 73-81, 85-220, 224-226, 230-238, 242-261, 265-300, 309-310, 318-357, 365-371, 375-381
src\ui\focus_mode.py                                363     56    85%   77-79, 88-90, 509-519, 528-538, 546-564, 585-597, 608-620, 634-639, 645-650, 661, 663, 669-670, 681, 683, 690, 694-695
src\ui\geometry_mixin.py                            142     64    55%   67, 85, 95-96, 106-107, 113, 126-167, 176-177, 204-206, 223, 229, 231-237, 243-258, 262-271, 284-286, 293
src\ui\help_dialog.py                               140    121    14%   37-55, 59-107, 117-131, 135, 167, 199, 224, 253, 302, 339-396, 410-437, 441, 445-455
src\ui\import_dialog.py                             218    192    12%   36-39, 43-52, 65-74, 78-224, 228-229, 233-242, 250-322, 326-381, 390-391, 399-432, 440-446, 450-455
src\ui\main_window.py                               761    256    66%   74, 78-85, 89-92, 103-129, 133-162, 166-179, 183-197, 268, 286, 581-582, 593, 607-610, 662-755, 759-774, 798-821, 834-853, 866-931, 940-964, 968-986, 990-1009, 1026-1045, 1090-1094, 1103-1106, 1143-1150, 1155-1156, 1184-1186, 1194-1196, 1211-1235, 1239, 1264-1270, 1302, 1326-1327, 1331-1337, 1341-1347, 1370, 1386-1387, 1395, 1399-1404, 1412, 1453-1455
src\ui\message_box.py                                29      6    79%   98-101, 150-153
src\ui\notification_panel.py                        248    152    39%   31-33, 37-135, 139-145, 154-158, 162-227, 232-259, 263-264, 268-269, 273-274, 278-279, 284-290, 366-369, 383, 389, 411-413, 417, 421
src\ui\postpone_dialog.py                           223     47    79%   57-90, 116, 346-348, 360-391, 396, 460, 475, 477-478, 492, 500
src\ui\project_tag_filter_dialog.py                 113    113     0%   7-268
src\ui\project_tag_management_dialog.py             204     21    90%   258, 330-336, 345-352, 388-389, 400-406, 422-434
src\ui\recurrence_pattern_dialog.py                 233    233     0%   10-446
src\ui\reflection_dialog.py                         153    153     0%   8-310
src\ui\reset_confirmation_dialog.py                 103     90    13%   30-38, 42-168, 172-175, 180-223
src\ui\review_deferred_dialog.py                    153     31    80%   57, 61, 106, 114, 261-321, 330
src\ui\review_delegated_dialog.py                   199     49    75%   57, 61, 65, 120, 128, 265, 283-292, 308-340, 344-373, 377-413
src\ui\review_someday_dialog.py                     192     44    77%   59, 63, 118, 126, 259, 267, 271-277, 289-298, 314-347, 351-384, 389-391
src\ui\sequential_ranking_dialog.py                 383    147    62%   87-95, 99-111, 115, 119, 172-179, 434-456, 478, 495-505, 525-578, 582-584, 588-590, 596, 601, 605, 618-621, 625-628, 632-635, 639-670, 674-705, 717-728
src\ui\settings_dialog.py                           371     11    97%   776-777, 789-790, 794-797, 815-822
src\ui\shortcuts_dialog.py                           83     10    88%   76, 180-194
src\ui\subtask_breakdown_dialog.py                  147      4    97%   50, 202, 227, 251
src\ui\task_form_dialog.py                           14      5    64%   38, 53-57
src\ui\task_form_enhanced.py                        699    280    60%   67, 88, 96-97, 102, 108-109, 279, 318-321, 340, 676-678, 683, 702-713, 717-761, 770-772, 777-819, 823-841, 845-909, 918-1002, 1016-1034, 1039, 1059-1062, 1066-1068, 1078-1079, 1083, 1086-1087, 1094-1125, 1130-1152, 1184, 1194-1201, 1206-1218, 1223-1235, 1240-1241, 1261-1322, 1344-1358
src\ui\task_history_dialog.py                       328    294    10%   44-76, 80-155, 159-163, 177-215, 227-250, 261-280, 284-311, 315-323, 327-330, 341-351, 364-386, 390-425, 439-449, 468-491, 500-533, 552-572, 576-619, 623-651, 664-669
src\ui\task_list_view.py                            891    380    57%   133, 137-140, 143, 164-175, 178-179, 197-199, 207-209, 221-229, 292-294, 338-339, 345, 453-454, 764-773, 804-810, 816-820, 844-845, 849-888, 900-909, 931, 939, 946, 953, 1016-1018, 1022-1028, 1080, 1096, 1117-1121, 1152, 1163-1165, 1178, 1198-1201, 1205-1206, 1210-1212, 1216, 1220-1230, 1234-1264, 1268-1283, 1287-1300, 1304-1329, 1333-1343, 1347-1441, 1445-1475, 1479-1506, 1510-1520, 1524-1551, 1562-1590, 1597-1611, 1615-1629, 1633-1636, 1640-1643, 1647-1658, 1663-1703, 1712-1760, 1769-1771, 1783-1801
src\ui\welcome_wizard.py                            121      9    93%   163-192
src\utils\__init__.py                                 0      0   100%
src\utils\contrast_checker.py                        69     69     0%   7-222
-------------------------------------------------------------------------------
TOTAL                                             12149   4441    63%
Coverage HTML written to dir htmlcov

Migration to notification system complete.
Migrating database to support notification system...
Migration to notification system complete.
Migrating database to support notification system...
Migration to notification system complete.
Migrating database to support notification system...
Migration to notification system complete.
Migrating database to support notification system...
Migration to notification system complete.
Migrating database to support notification system...
Migration to notification system complete.
Migrating database to support notification system...
Migration to notification system complete.
Database connected: C:\Users\cdavi\GitHub_Repos\OneTaskAtATime\resources\onetaskatatime.db
Database connection closed
Database connected: C:\Users\cdavi\GitHub_Repos\OneTaskAtATime\resources\onetaskatatime.db
Database connection closed
Database connected: C:\Users\cdavi\GitHub_Repos\OneTaskAtATime\resources\onetaskatatime.db
Database connection closed
Database connected: C:\Users\cdavi\GitHub_Repos\OneTaskAtATime\resources\onetaskatatime.db
Database connection closed
Database connected: C:\Users\cdavi\GitHub_Repos\OneTaskAtATime\resources\onetaskatatime.db
Database connection closed
Database connected: C:\Users\cdavi\GitHub_Repos\OneTaskAtATime\resources\onetaskatatime.db
Database connection closed
Database connected: C:\Users\cdavi\GitHub_Repos\OneTaskAtATime\resources\onetaskatatime.db
Database connection closed
Database connected: C:\Users\cdavi\GitHub_Repos\OneTaskAtATime\resources\onetaskatatime.db
Database connection closed
Database connected: C:\Users\cdavi\GitHub_Repos\OneTaskAtATime\resources\onetaskatatime.db
Database connection closed
Database connected: C:\Users\cdavi\GitHub_Repos\OneTaskAtATime\resources\onetaskatatime.db
Database connection closed
Database connected: C:\Users\cdavi\GitHub_Repos\OneTaskAtATime\resources\onetaskatatime.db
Database connection closed
Database connected: C:\Users\cdavi\GitHub_Repos\OneTaskAtATime\resources\onetaskatatime.db
Database connection closed
Database connected: C:\Users\cdavi\GitHub_Repos\OneTaskAtATime\resources\onetaskatatime.db
Database connection closed
Database connected: C:\Users\cdavi\GitHub_Repos\OneTaskAtATime\resources\onetaskatatime.db
Database connection closed
Database connected: C:\Users\cdavi\GitHub_Repos\OneTaskAtATime\resources\onetaskatatime.db
Database connection closed
Database connected: C:\Users\cdavi\GitHub_Repos\OneTaskAtATime\resources\onetaskatatime.db
Database connection closed
Database connected: C:\Users\cdavi\GitHub_Repos\OneTaskAtATime\resources\onetaskatatime.db
Database connection closed
Database connected: C:\Users\cdavi\GitHub_Repos\OneTaskAtATime\resources\onetaskatatime.db
Database connection closed
Database connected: C:\Users\cdavi\GitHub_Repos\OneTaskAtATime\resources\onetaskatatime.db
Database connection closed
Database connected: C:\Users\cdavi\GitHub_Repos\OneTaskAtATime\resources\onetaskatatime.db
Database connection closed
Database connected: C:\Users\cdavi\GitHub_Repos\OneTaskAtATime\resources\onetaskatatime.db
Database connection closed
Database connected: C:\Users\cdavi\GitHub_Repos\OneTaskAtATime\resources\onetaskatatime.db
Database connection closed
Database connected: C:\Users\cdavi\GitHub_Repos\OneTaskAtATime\resources\onetaskatatime.db
Database connection closed
Database connected: C:\Users\cdavi\GitHub_Repos\OneTaskAtATime\resources\onetaskatatime.db
Database connection closed
Database connected: C:\Users\cdavi\GitHub_Repos\OneTaskAtATime\resources\onetaskatatime.db
Database connection closed
Database connected: C:\Users\cdavi\GitHub_Repos\OneTaskAtATime\resources\onetaskatatime.db
Database connection closed
Database connected: C:\Users\cdavi\GitHub_Repos\OneTaskAtATime\resources\onetaskatatime.db
Database connection closed
Database connected: C:\Users\cdavi\GitHub_Repos\OneTaskAtATime\resources\onetaskatatime.db
Database connection closed
Database connected: C:\Users\cdavi\GitHub_Repos\OneTaskAtATime\resources\onetaskatatime.db
Database connection closed
Database connected: C:\Users\cdavi\GitHub_Repos\OneTaskAtATime\resources\onetaskatatime.db
Database connection closed
Database connected: C:\Users\cdavi\GitHub_Repos\OneTaskAtATime\resources\onetaskatatime.db
Database connection closed
Database connected: C:\Users\cdavi\GitHub_Repos\OneTaskAtATime\resources\onetaskatatime.db
Database connection closed
Database connected: C:\Users\cdavi\GitHub_Repos\OneTaskAtATime\resources\onetaskatatime.db
Database connection closed
Database connected: C:\Users\cdavi\GitHub_Repos\OneTaskAtATime\resources\onetaskatatime.db
Database connection closed
Database connected: C:\Users\cdavi\GitHub_Repos\OneTaskAtATime\resources\onetaskatatime.db
Database connection closed
Database connected: C:\Users\cdavi\GitHub_Repos\OneTaskAtATime\resources\onetaskatatime.db
Database connection closed
Database connected: C:\Users\cdavi\GitHub_Repos\OneTaskAtATime\resources\onetaskatatime.db
Database connection closed
Database connected: C:\Users\cdavi\GitHub_Repos\OneTaskAtATime\resources\onetaskatatime.db
Database connection closed
Database connected: C:\Users\cdavi\GitHub_Repos\OneTaskAtATime\resources\onetaskatatime.db
Database connection closed
Database connected: C:\Users\cdavi\GitHub_Repos\OneTaskAtATime\resources\onetaskatatime.db
Database connection closed
Database connected: C:\Users\cdavi\GitHub_Repos\OneTaskAtATime\resources\onetaskatatime.db
Database connection closed
Database connected: C:\Users\cdavi\GitHub_Repos\OneTaskAtATime\resources\onetaskatatime.db
Database connection closed
Database connected: C:\Users\cdavi\GitHub_Repos\OneTaskAtATime\resources\onetaskatatime.db
Database connection closed
Warning: Failed to save window geometry: Cannot operate on a closed database.
Database connected: C:\Users\cdavi\GitHub_Repos\OneTaskAtATime\resources\onetaskatatime.db
Database connection closed
Database connected: C:\Users\cdavi\GitHub_Repos\OneTaskAtATime\resources\onetaskatatime.db
Database connection closed
Warning: Failed to save window geometry: Cannot operate on a closed database.
Database connected: C:\Users\cdavi\GitHub_Repos\OneTaskAtATime\resources\onetaskatatime.db
Database connection closed
Warning: Failed to save window geometry: Cannot operate on a closed database.
Database connected: C:\Users\cdavi\GitHub_Repos\OneTaskAtATime\resources\onetaskatatime.db
Database connection closed
Database connected: C:\Users\cdavi\GitHub_Repos\OneTaskAtATime\resources\onetaskatatime.db
Database connection closed
Database connected: C:\Users\cdavi\GitHub_Repos\OneTaskAtATime\resources\onetaskatatime.db
Database connection closed
Database connected: C:\Users\cdavi\GitHub_Repos\OneTaskAtATime\resources\onetaskatatime.db
Database connection closed
Database connected: C:\Users\cdavi\GitHub_Repos\OneTaskAtATime\resources\onetaskatatime.db
Database connection closed
Database connected: C:\Users\cdavi\GitHub_Repos\OneTaskAtATime\resources\onetaskatatime.db
Database connection closed
Database connected: C:\Users\cdavi\GitHub_Repos\OneTaskAtATime\resources\onetaskatatime.db
Database connection closed
Database connected: C:\Users\cdavi\GitHub_Repos\OneTaskAtATime\resources\onetaskatatime.db
Database connection closed
Database connected: C:\Users\cdavi\GitHub_Repos\OneTaskAtATime\resources\onetaskatatime.db
Database connection closed
Database connected: C:\Users\cdavi\GitHub_Repos\OneTaskAtATime\resources\onetaskatatime.db
Database connection closed
Database connected: C:\Users\cdavi\GitHub_Repos\OneTaskAtATime\resources\onetaskatatime.db
